# JRE version: OpenJDK Runtime Environment (11.0.13) (build 11.0.13+0-b1751.21-8125866)
# Java VM: OpenJDK 64-Bit Server VM (11.0.13+0-b1751.21-8125866, mixed mode, tiered, compressed oops, g1 gc, windows-amd64)
Heap:
 garbage-first heap   total 96256K, used 29271K [0x0000000080000000, 0x0000000100000000)
  region size 1024K, 5 young (5120K), 3 survivors (3072K)
 Metaspace       used 42907K, capacity 43938K, committed 43984K, reserved 1087488K
  class space    used 5373K, capacity 5751K, committed 5760K, reserved 1048576K
GC Heap History (14 events):
Event: 1.795 GC heap before
{Heap before GC invocations=0 (full 0):
 garbage-first heap   total 96256K, used 29696K [0x0000000080000000, 0x0000000100000000)
  region size 1024K, 24 young (24576K), 0 survivors (0K)
 Metaspace       used 10250K, capacity 10499K, committed 10624K, reserved 1058816K
  class space    used 1054K, capacity 1141K, committed 1152K, reserved 1048576K
}
Event: 1.803 GC heap after
{Heap after GC invocations=1 (full 0):
 garbage-first heap   total 96256K, used 9296K [0x0000000080000000, 0x0000000100000000)
  region size 1024K, 3 young (3072K), 3 survivors (3072K)
 Metaspace       used 10250K, capacity 10499K, committed 10624K, reserved 1058816K
  class space    used 1054K, capacity 1141K, committed 1152K, reserved 1048576K
}
Event: 2.877 GC heap before
{Heap before GC invocations=1 (full 0):
 garbage-first heap   total 96256K, used 63568K [0x0000000080000000, 0x0000000100000000)
  region size 1024K, 56 young (57344K), 3 survivors (3072K)
 Metaspace       used 13647K, capacity 14017K, committed 14208K, reserved 1062912K
  class space    used 1482K, capacity 1591K, committed 1664K, reserved 1048576K
}
Event: 2.884 GC heap after
{Heap after GC invocations=2 (full 0):
 garbage-first heap   total 96256K, used 14806K [0x0000000080000000, 0x0000000100000000)
  region size 1024K, 7 young (7168K), 7 survivors (7168K)
 Metaspace       used 13647K, capacity 14017K, committed 14208K, reserved 1062912K
  class space    used 1482K, capacity 1591K, committed 1664K, reserved 1048576K
}
Event: 4.529 GC heap before
{Heap before GC invocations=2 (full 0):
 garbage-first heap   total 96256K, used 58838K [0x0000000080000000, 0x0000000100000000)
  region size 1024K, 51 young (52224K), 7 survivors (7168K)
 Metaspace       used 20713K, capacity 21159K, committed 21296K, reserved 1069056K
  class space    used 2505K, capacity 2633K, committed 2688K, reserved 1048576K
}
Event: 4.538 GC heap after
{Heap after GC invocations=3 (full 0):
 garbage-first heap   total 96256K, used 17085K [0x0000000080000000, 0x0000000100000000)
  region size 1024K, 3 young (3072K), 3 survivors (3072K)
 Metaspace       used 20713K, capacity 21159K, committed 21296K, reserved 1069056K
  class space    used 2505K, capacity 2633K, committed 2688K, reserved 1048576K
}
Event: 5.687 GC heap before
{Heap before GC invocations=4 (full 0):
 garbage-first heap   total 96256K, used 64189K [0x0000000080000000, 0x0000000100000000)
  region size 1024K, 49 young (50176K), 3 survivors (3072K)
 Metaspace       used 25649K, capacity 26220K, committed 26544K, reserved 1073152K
  class space    used 3290K, capacity 3475K, committed 3584K, reserved 1048576K
}
Event: 5.691 GC heap after
{Heap after GC invocations=5 (full 0):
 garbage-first heap   total 96256K, used 18814K [0x0000000080000000, 0x0000000100000000)
  region size 1024K, 4 young (4096K), 4 survivors (4096K)
 Metaspace       used 25649K, capacity 26220K, committed 26544K, reserved 1073152K
  class space    used 3290K, capacity 3475K, committed 3584K, reserved 1048576K
}
Event: 6.513 GC heap before
{Heap before GC invocations=5 (full 0):
 garbage-first heap   total 96256K, used 67966K [0x0000000080000000, 0x0000000100000000)
  region size 1024K, 52 young (53248K), 4 survivors (4096K)
 Metaspace       used 30647K, capacity 31349K, committed 31408K, reserved 1077248K
  class space    used 4042K, capacity 4338K, committed 4352K, reserved 1048576K
}
Event: 6.517 GC heap after
{Heap after GC invocations=6 (full 0):
 garbage-first heap   total 96256K, used 20437K [0x0000000080000000, 0x0000000100000000)
  region size 1024K, 4 young (4096K), 4 survivors (4096K)
 Metaspace       used 30647K, capacity 31349K, committed 31408K, reserved 1077248K
  class space    used 4042K, capacity 4338K, committed 4352K, reserved 1048576K
}
Event: 6.914 GC heap before
{Heap before GC invocations=6 (full 0):
 garbage-first heap   total 96256K, used 33749K [0x0000000080000000, 0x0000000100000000)
  region size 1024K, 18 young (18432K), 4 survivors (4096K)
 Metaspace       used 35026K, capacity 35794K, committed 35920K, reserved 1081344K
  class space    used 4483K, capacity 4799K, committed 4864K, reserved 1048576K
}
Event: 6.921 GC heap after
{Heap after GC invocations=7 (full 0):
 garbage-first heap   total 96256K, used 22666K [0x0000000080000000, 0x0000000100000000)
  region size 1024K, 6 young (6144K), 6 survivors (6144K)
 Metaspace       used 35026K, capacity 35794K, committed 35920K, reserved 1081344K
  class space    used 4483K, capacity 4799K, committed 4864K, reserved 1048576K
}
Event: 7.525 GC heap before
{Heap before GC invocations=8 (full 0):
 garbage-first heap   total 96256K, used 68746K [0x0000000080000000, 0x0000000100000000)
  region size 1024K, 49 young (50176K), 6 survivors (6144K)
 Metaspace       used 39099K, capacity 40020K, committed 40144K, reserved 1085440K
  class space    used 4914K, capacity 5244K, committed 5248K, reserved 1048576K
}
Event: 7.533 GC heap after
{Heap after GC invocations=9 (full 0):
 garbage-first heap   total 96256K, used 26697K [0x0000000080000000, 0x0000000100000000)
  region size 1024K, 7 young (7168K), 7 survivors (7168K)
 Metaspace       used 39099K, capacity 40020K, committed 40144K, reserved 1085440K
  class space    used 4914K, capacity 5244K, committed 5248K, reserved 1048576K
}

