# JRE version: OpenJDK Runtime Environment (11.0.13) (build 11.0.13+0-b1751.21-8125866)
# Java VM: OpenJDK 64-Bit Server VM (11.0.13+0-b1751.21-8125866, mixed mode, tiered, compressed oops, g1 gc, windows-amd64)
Heap:
 garbage-first heap   total 96256K, used 42523K [0x0000000080000000, 0x0000000100000000)
  region size 1024K, 27 young (27648K), 4 survivors (4096K)
 Metaspace       used 31447K, capacity 32134K, committed 32304K, reserved 1079296K
  class space    used 4143K, capacity 4428K, committed 4480K, reserved 1048576K
GC Heap History (12 events):
Event: 1.359 GC heap before
{Heap before GC invocations=0 (full 0):
 garbage-first heap   total 96256K, used 29696K [0x0000000080000000, 0x0000000100000000)
  region size 1024K, 24 young (24576K), 0 survivors (0K)
 Metaspace       used 10238K, capacity 10507K, committed 10624K, reserved 1058816K
  class space    used 1054K, capacity 1141K, committed 1152K, reserved 1048576K
}
Event: 1.368 GC heap after
{Heap after GC invocations=1 (full 0):
 garbage-first heap   total 96256K, used 9332K [0x0000000080000000, 0x0000000100000000)
  region size 1024K, 3 young (3072K), 3 survivors (3072K)
 Metaspace       used 10238K, capacity 10507K, committed 10624K, reserved 1058816K
  class space    used 1054K, capacity 1141K, committed 1152K, reserved 1048576K
}
Event: 2.186 GC heap before
{Heap before GC invocations=1 (full 0):
 garbage-first heap   total 96256K, used 63604K [0x0000000080000000, 0x0000000100000000)
  region size 1024K, 56 young (57344K), 3 survivors (3072K)
 Metaspace       used 13643K, capacity 14025K, committed 14208K, reserved 1062912K
  class space    used 1483K, capacity 1591K, committed 1664K, reserved 1048576K
}
Event: 2.193 GC heap after
{Heap after GC invocations=2 (full 0):
 garbage-first heap   total 96256K, used 14989K [0x0000000080000000, 0x0000000100000000)
  region size 1024K, 7 young (7168K), 7 survivors (7168K)
 Metaspace       used 13643K, capacity 14025K, committed 14208K, reserved 1062912K
  class space    used 1483K, capacity 1591K, committed 1664K, reserved 1048576K
}
Event: 3.175 GC heap before
{Heap before GC invocations=2 (full 0):
 garbage-first heap   total 96256K, used 37517K [0x0000000080000000, 0x0000000100000000)
  region size 1024K, 29 young (29696K), 7 survivors (7168K)
 Metaspace       used 18152K, capacity 18531K, committed 18688K, reserved 1064960K
  class space    used 2134K, capacity 2287K, committed 2304K, reserved 1048576K
}
Event: 3.181 GC heap after
{Heap after GC invocations=3 (full 0):
 garbage-first heap   total 96256K, used 16579K [0x0000000080000000, 0x0000000100000000)
  region size 1024K, 2 young (2048K), 2 survivors (2048K)
 Metaspace       used 18152K, capacity 18531K, committed 18688K, reserved 1064960K
  class space    used 2134K, capacity 2287K, committed 2304K, reserved 1048576K
}
Event: 3.499 GC heap before
{Heap before GC invocations=3 (full 0):
 garbage-first heap   total 96256K, used 38083K [0x0000000080000000, 0x0000000100000000)
  region size 1024K, 24 young (24576K), 2 survivors (2048K)
 Metaspace       used 20714K, capacity 21167K, committed 21296K, reserved 1069056K
  class space    used 2507K, capacity 2633K, committed 2688K, reserved 1048576K
}
Event: 3.502 GC heap after
{Heap after GC invocations=4 (full 0):
 garbage-first heap   total 96256K, used 17182K [0x0000000080000000, 0x0000000100000000)
  region size 1024K, 3 young (3072K), 3 survivors (3072K)
 Metaspace       used 20714K, capacity 21167K, committed 21296K, reserved 1069056K
  class space    used 2507K, capacity 2633K, committed 2688K, reserved 1048576K
}
Event: 4.036 GC heap before
{Heap before GC invocations=5 (full 0):
 garbage-first heap   total 96256K, used 55070K [0x0000000080000000, 0x0000000100000000)
  region size 1024K, 41 young (41984K), 3 survivors (3072K)
 Metaspace       used 24609K, capacity 25176K, committed 25392K, reserved 1071104K
  class space    used 3127K, capacity 3336K, committed 3456K, reserved 1048576K
}
Event: 4.039 GC heap after
{Heap after GC invocations=6 (full 0):
 garbage-first heap   total 96256K, used 18446K [0x0000000080000000, 0x0000000100000000)
  region size 1024K, 4 young (4096K), 4 survivors (4096K)
 Metaspace       used 24609K, capacity 25176K, committed 25392K, reserved 1071104K
  class space    used 3127K, capacity 3336K, committed 3456K, reserved 1048576K
}
Event: 4.771 GC heap before
{Heap before GC invocations=6 (full 0):
 garbage-first heap   total 96256K, used 59406K [0x0000000080000000, 0x0000000100000000)
  region size 1024K, 44 young (45056K), 4 survivors (4096K)
 Metaspace       used 28263K, capacity 28907K, committed 28976K, reserved 1075200K
  class space    used 3697K, capacity 3945K, committed 3968K, reserved 1048576K
}
Event: 4.775 GC heap after
{Heap after GC invocations=7 (full 0):
 garbage-first heap   total 96256K, used 19995K [0x0000000080000000, 0x0000000100000000)
  region size 1024K, 4 young (4096K), 4 survivors (4096K)
 Metaspace       used 28263K, capacity 28907K, committed 28976K, reserved 1075200K
  class space    used 3697K, capacity 3945K, committed 3968K, reserved 1048576K
}

