# JRE version: OpenJDK Runtime Environment (11.0.13) (build 11.0.13+0-b1751.21-8125866)
# Java VM: OpenJDK 64-Bit Server VM (11.0.13+0-b1751.21-8125866, mixed mode, tiered, compressed oops, g1 gc, windows-amd64)
Heap:
 garbage-first heap   total 96256K, used 51519K [0x0000000080000000, 0x0000000100000000)
  region size 1024K, 3 young (3072K), 3 survivors (3072K)
 Metaspace       used 62695K, capacity 64257K, committed 64336K, reserved 1114112K
  class space    used 7799K, capacity 8384K, committed 8448K, reserved 1048576K
GC Heap History (20 events):
Event: 9.211 GC heap before
{Heap before GC invocations=7 (full 0):
 garbage-first heap   total 96256K, used 52846K [0x0000000080000000, 0x0000000100000000)
  region size 1024K, 37 young (37888K), 4 survivors (4096K)
 Metaspace       used 35021K, capacity 35794K, committed 35920K, reserved 1081344K
  class space    used 4486K, capacity 4799K, committed 4864K, reserved 1048576K
}
Event: 9.219 GC heap after
{Heap after GC invocations=8 (full 0):
 garbage-first heap   total 96256K, used 22988K [0x0000000080000000, 0x0000000100000000)
  region size 1024K, 6 young (6144K), 6 survivors (6144K)
 Metaspace       used 35021K, capacity 35794K, committed 35920K, reserved 1081344K
  class space    used 4486K, capacity 4799K, committed 4864K, reserved 1048576K
}
Event: 9.977 GC heap before
{Heap before GC invocations=9 (full 0):
 garbage-first heap   total 96256K, used 65996K [0x0000000080000000, 0x0000000100000000)
  region size 1024K, 46 young (47104K), 6 survivors (6144K)
 Metaspace       used 38779K, capacity 39654K, committed 39888K, reserved 1083392K
  class space    used 4877K, capacity 5207K, committed 5248K, reserved 1048576K
}
Event: 9.985 GC heap after
{Heap after GC invocations=10 (full 0):
 garbage-first heap   total 96256K, used 26568K [0x0000000080000000, 0x0000000100000000)
  region size 1024K, 6 young (6144K), 6 survivors (6144K)
 Metaspace       used 38779K, capacity 39654K, committed 39888K, reserved 1083392K
  class space    used 4877K, capacity 5207K, committed 5248K, reserved 1048576K
}
Event: 10.836 GC heap before
{Heap before GC invocations=10 (full 0):
 garbage-first heap   total 96256K, used 67528K [0x0000000080000000, 0x0000000100000000)
  region size 1024K, 46 young (47104K), 6 survivors (6144K)
 Metaspace       used 42699K, capacity 43681K, committed 43984K, reserved 1087488K
  class space    used 5335K, capacity 5687K, committed 5760K, reserved 1048576K
}
Event: 10.863 GC heap after
{Heap after GC invocations=11 (full 0):
 garbage-first heap   total 96256K, used 28536K [0x0000000080000000, 0x0000000100000000)
  region size 1024K, 5 young (5120K), 5 survivors (5120K)
 Metaspace       used 42699K, capacity 43681K, committed 43984K, reserved 1087488K
  class space    used 5335K, capacity 5687K, committed 5760K, reserved 1048576K
}
Event: 11.474 GC heap before
{Heap before GC invocations=11 (full 0):
 garbage-first heap   total 96256K, used 69496K [0x0000000080000000, 0x0000000100000000)
  region size 1024K, 45 young (46080K), 5 survivors (5120K)
 Metaspace       used 45260K, capacity 46414K, committed 46544K, reserved 1089536K
  class space    used 5735K, capacity 6176K, committed 6272K, reserved 1048576K
}
Event: 11.481 GC heap after
{Heap after GC invocations=12 (full 0):
 garbage-first heap   total 96256K, used 30633K [0x0000000080000000, 0x0000000100000000)
  region size 1024K, 4 young (4096K), 4 survivors (4096K)
 Metaspace       used 45260K, capacity 46414K, committed 46544K, reserved 1089536K
  class space    used 5735K, capacity 6176K, committed 6272K, reserved 1048576K
}
Event: 12.448 GC heap before
{Heap before GC invocations=12 (full 0):
 garbage-first heap   total 96256K, used 71593K [0x0000000080000000, 0x0000000100000000)
  region size 1024K, 44 young (45056K), 4 survivors (4096K)
 Metaspace       used 47322K, capacity 48686K, committed 48848K, reserved 1091584K
  class space    used 5989K, capacity 6504K, committed 6528K, reserved 1048576K
}
Event: 12.452 GC heap after
{Heap after GC invocations=13 (full 0):
 garbage-first heap   total 96256K, used 32522K [0x0000000080000000, 0x0000000100000000)
  region size 1024K, 4 young (4096K), 4 survivors (4096K)
 Metaspace       used 47322K, capacity 48686K, committed 48848K, reserved 1091584K
  class space    used 5989K, capacity 6504K, committed 6528K, reserved 1048576K
}
Event: 13.700 GC heap before
{Heap before GC invocations=13 (full 0):
 garbage-first heap   total 96256K, used 77578K [0x0000000080000000, 0x0000000100000000)
  region size 1024K, 44 young (45056K), 4 survivors (4096K)
 Metaspace       used 48537K, capacity 50001K, committed 50256K, reserved 1093632K
  class space    used 6126K, capacity 6644K, committed 6656K, reserved 1048576K
}
Event: 13.707 GC heap after
{Heap after GC invocations=14 (full 0):
 garbage-first heap   total 96256K, used 45258K [0x0000000080000000, 0x0000000100000000)
  region size 1024K, 6 young (6144K), 6 survivors (6144K)
 Metaspace       used 48537K, capacity 50001K, committed 50256K, reserved 1093632K
  class space    used 6126K, capacity 6644K, committed 6656K, reserved 1048576K
}
Event: 14.306 GC heap before
{Heap before GC invocations=14 (full 0):
 garbage-first heap   total 96256K, used 72906K [0x0000000080000000, 0x0000000100000000)
  region size 1024K, 34 young (34816K), 6 survivors (6144K)
 Metaspace       used 52317K, capacity 53816K, committed 53840K, reserved 1095680K
  class space    used 6583K, capacity 7152K, committed 7168K, reserved 1048576K
}
Event: 14.310 GC heap after
{Heap after GC invocations=15 (full 0):
 garbage-first heap   total 96256K, used 46588K [0x0000000080000000, 0x0000000100000000)
  region size 1024K, 2 young (2048K), 2 survivors (2048K)
 Metaspace       used 52317K, capacity 53816K, committed 53840K, reserved 1095680K
  class space    used 6583K, capacity 7152K, committed 7168K, reserved 1048576K
}
Event: 14.970 GC heap before
{Heap before GC invocations=15 (full 0):
 garbage-first heap   total 96256K, used 74236K [0x0000000080000000, 0x0000000100000000)
  region size 1024K, 29 young (29696K), 2 survivors (2048K)
 Metaspace       used 56633K, capacity 58180K, committed 58448K, reserved 1099776K
  class space    used 7070K, capacity 7626K, committed 7680K, reserved 1048576K
}
Event: 14.975 GC heap after
{Heap after GC invocations=16 (full 0):
 garbage-first heap   total 96256K, used 47259K [0x0000000080000000, 0x0000000100000000)
  region size 1024K, 2 young (2048K), 2 survivors (2048K)
 Metaspace       used 56633K, capacity 58180K, committed 58448K, reserved 1099776K
  class space    used 7070K, capacity 7626K, committed 7680K, reserved 1048576K
}
Event: 15.579 GC heap before
{Heap before GC invocations=17 (full 0):
 garbage-first heap   total 96256K, used 75931K [0x0000000080000000, 0x0000000100000000)
  region size 1024K, 30 young (30720K), 2 survivors (2048K)
 Metaspace       used 61150K, capacity 62724K, committed 62928K, reserved 1103872K
  class space    used 7615K, capacity 8219K, committed 8320K, reserved 1048576K
}
Event: 15.583 GC heap after
{Heap after GC invocations=18 (full 0):
 garbage-first heap   total 96256K, used 49852K [0x0000000080000000, 0x0000000100000000)
  region size 1024K, 4 young (4096K), 4 survivors (4096K)
 Metaspace       used 61150K, capacity 62724K, committed 62928K, reserved 1103872K
  class space    used 7615K, capacity 8219K, committed 8320K, reserved 1048576K
}
Event: 15.981 GC heap before
{Heap before GC invocations=18 (full 0):
 garbage-first heap   total 96256K, used 69308K [0x0000000080000000, 0x0000000100000000)
  region size 1024K, 25 young (25600K), 4 survivors (4096K)
 Metaspace       used 62695K, capacity 64257K, committed 64336K, reserved 1112064K
  class space    used 7799K, capacity 8384K, committed 8448K, reserved 1048576K
}
Event: 15.987 GC heap after
{Heap after GC invocations=19 (full 0):
 garbage-first heap   total 96256K, used 51519K [0x0000000080000000, 0x0000000100000000)
  region size 1024K, 3 young (3072K), 3 survivors (3072K)
 Metaspace       used 62695K, capacity 64257K, committed 64336K, reserved 1112064K
  class space    used 7799K, capacity 8384K, committed 8448K, reserved 1048576K
}

