# JRE version: OpenJDK Runtime Environment (11.0.13) (build 11.0.13+0-b1751.21-8125866)
# Java VM: OpenJDK 64-Bit Server VM (11.0.13+0-b1751.21-8125866, mixed mode, tiered, compressed oops, g1 gc, windows-amd64)
Heap:
 garbage-first heap   total 96256K, used 67825K [0x0000000080000000, 0x0000000100000000)
  region size 1024K, 42 young (43008K), 5 survivors (5120K)
 Metaspace       used 47279K, capacity 48560K, committed 48592K, reserved 1091584K
  class space    used 5984K, capacity 6504K, committed 6528K, reserved 1048576K
GC Heap History (20 events):
Event: 1.873 GC heap before
{Heap before GC invocations=0 (full 0):
 garbage-first heap   total 96256K, used 29696K [0x0000000080000000, 0x0000000100000000)
  region size 1024K, 24 young (24576K), 0 survivors (0K)
 Metaspace       used 10282K, capacity 10503K, committed 10624K, reserved 1058816K
  class space    used 1054K, capacity 1141K, committed 1152K, reserved 1048576K
}
Event: 1.903 GC heap after
{Heap after GC invocations=1 (full 0):
 garbage-first heap   total 96256K, used 9545K [0x0000000080000000, 0x0000000100000000)
  region size 1024K, 3 young (3072K), 3 survivors (3072K)
 Metaspace       used 10282K, capacity 10503K, committed 10624K, reserved 1058816K
  class space    used 1054K, capacity 1141K, committed 1152K, reserved 1048576K
}
Event: 3.269 GC heap before
{Heap before GC invocations=1 (full 0):
 garbage-first heap   total 96256K, used 63817K [0x0000000080000000, 0x0000000100000000)
  region size 1024K, 56 young (57344K), 3 survivors (3072K)
 Metaspace       used 13673K, capacity 14021K, committed 14208K, reserved 1062912K
  class space    used 1486K, capacity 1591K, committed 1664K, reserved 1048576K
}
Event: 3.277 GC heap after
{Heap after GC invocations=2 (full 0):
 garbage-first heap   total 96256K, used 14984K [0x0000000080000000, 0x0000000100000000)
  region size 1024K, 7 young (7168K), 7 survivors (7168K)
 Metaspace       used 13673K, capacity 14021K, committed 14208K, reserved 1062912K
  class space    used 1486K, capacity 1591K, committed 1664K, reserved 1048576K
}
Event: 4.388 GC heap before
{Heap before GC invocations=2 (full 0):
 garbage-first heap   total 96256K, used 34440K [0x0000000080000000, 0x0000000100000000)
  region size 1024K, 26 young (26624K), 7 survivors (7168K)
 Metaspace       used 17678K, capacity 18068K, committed 18176K, reserved 1064960K
  class space    used 2060K, capacity 2219K, committed 2304K, reserved 1048576K
}
Event: 4.392 GC heap after
{Heap after GC invocations=3 (full 0):
 garbage-first heap   total 96256K, used 16776K [0x0000000080000000, 0x0000000100000000)
  region size 1024K, 2 young (2048K), 2 survivors (2048K)
 Metaspace       used 17678K, capacity 18068K, committed 18176K, reserved 1064960K
  class space    used 2060K, capacity 2219K, committed 2304K, reserved 1048576K
}
Event: 5.008 GC heap before
{Heap before GC invocations=3 (full 0):
 garbage-first heap   total 96256K, used 39304K [0x0000000080000000, 0x0000000100000000)
  region size 1024K, 26 young (26624K), 2 survivors (2048K)
 Metaspace       used 20725K, capacity 21163K, committed 21296K, reserved 1069056K
  class space    used 2507K, capacity 2633K, committed 2688K, reserved 1048576K
}
Event: 5.011 GC heap after
{Heap after GC invocations=4 (full 0):
 garbage-first heap   total 96256K, used 17477K [0x0000000080000000, 0x0000000100000000)
  region size 1024K, 3 young (3072K), 3 survivors (3072K)
 Metaspace       used 20725K, capacity 21163K, committed 21296K, reserved 1069056K
  class space    used 2507K, capacity 2633K, committed 2688K, reserved 1048576K
}
Event: 5.687 GC heap before
{Heap before GC invocations=5 (full 0):
 garbage-first heap   total 96256K, used 55365K [0x0000000080000000, 0x0000000100000000)
  region size 1024K, 40 young (40960K), 3 survivors (3072K)
 Metaspace       used 24595K, capacity 25172K, committed 25392K, reserved 1071104K
  class space    used 3123K, capacity 3336K, committed 3456K, reserved 1048576K
}
Event: 5.698 GC heap after
{Heap after GC invocations=6 (full 0):
 garbage-first heap   total 96256K, used 18696K [0x0000000080000000, 0x0000000100000000)
  region size 1024K, 4 young (4096K), 4 survivors (4096K)
 Metaspace       used 24595K, capacity 25172K, committed 25392K, reserved 1071104K
  class space    used 3123K, capacity 3336K, committed 3456K, reserved 1048576K
}
Event: 6.493 GC heap before
{Heap before GC invocations=6 (full 0):
 garbage-first heap   total 96256K, used 59656K [0x0000000080000000, 0x0000000100000000)
  region size 1024K, 44 young (45056K), 4 survivors (4096K)
 Metaspace       used 28431K, capacity 29091K, committed 29360K, reserved 1075200K
  class space    used 3726K, capacity 3989K, committed 4096K, reserved 1048576K
}
Event: 6.498 GC heap after
{Heap after GC invocations=7 (full 0):
 garbage-first heap   total 96256K, used 20373K [0x0000000080000000, 0x0000000100000000)
  region size 1024K, 4 young (4096K), 4 survivors (4096K)
 Metaspace       used 28431K, capacity 29091K, committed 29360K, reserved 1075200K
  class space    used 3726K, capacity 3989K, committed 4096K, reserved 1048576K
}
Event: 7.127 GC heap before
{Heap before GC invocations=7 (full 0):
 garbage-first heap   total 96256K, used 51093K [0x0000000080000000, 0x0000000100000000)
  region size 1024K, 35 young (35840K), 4 survivors (4096K)
 Metaspace       used 35026K, capacity 35797K, committed 35920K, reserved 1081344K
  class space    used 4482K, capacity 4799K, committed 4864K, reserved 1048576K
}
Event: 7.135 GC heap after
{Heap after GC invocations=8 (full 0):
 garbage-first heap   total 96256K, used 23176K [0x0000000080000000, 0x0000000100000000)
  region size 1024K, 6 young (6144K), 6 survivors (6144K)
 Metaspace       used 35026K, capacity 35797K, committed 35920K, reserved 1081344K
  class space    used 4482K, capacity 4799K, committed 4864K, reserved 1048576K
}
Event: 7.652 GC heap before
{Heap before GC invocations=9 (full 0):
 garbage-first heap   total 96256K, used 65160K [0x0000000080000000, 0x0000000100000000)
  region size 1024K, 45 young (46080K), 6 survivors (6144K)
 Metaspace       used 38679K, capacity 39588K, committed 39632K, reserved 1083392K
  class space    used 4865K, capacity 5205K, committed 5248K, reserved 1048576K
}
Event: 7.677 GC heap after
{Heap after GC invocations=10 (full 0):
 garbage-first heap   total 96256K, used 27094K [0x0000000080000000, 0x0000000100000000)
  region size 1024K, 6 young (6144K), 6 survivors (6144K)
 Metaspace       used 38679K, capacity 39588K, committed 39632K, reserved 1083392K
  class space    used 4865K, capacity 5205K, committed 5248K, reserved 1048576K
}
Event: 8.322 GC heap before
{Heap before GC invocations=10 (full 0):
 garbage-first heap   total 96256K, used 67030K [0x0000000080000000, 0x0000000100000000)
  region size 1024K, 45 young (46080K), 6 survivors (6144K)
 Metaspace       used 42692K, capacity 43686K, committed 43984K, reserved 1087488K
  class space    used 5332K, capacity 5687K, committed 5760K, reserved 1048576K
}
Event: 8.327 GC heap after
{Heap after GC invocations=11 (full 0):
 garbage-first heap   total 96256K, used 28949K [0x0000000080000000, 0x0000000100000000)
  region size 1024K, 5 young (5120K), 5 survivors (5120K)
 Metaspace       used 42692K, capacity 43686K, committed 43984K, reserved 1087488K
  class space    used 5332K, capacity 5687K, committed 5760K, reserved 1048576K
}
Event: 8.750 GC heap before
{Heap before GC invocations=11 (full 0):
 garbage-first heap   total 96256K, used 68885K [0x0000000080000000, 0x0000000100000000)
  region size 1024K, 44 young (45056K), 5 survivors (5120K)
 Metaspace       used 44956K, capacity 46048K, committed 46160K, reserved 1089536K
  class space    used 5685K, capacity 6113K, committed 6144K, reserved 1048576K
}
Event: 8.755 GC heap after
{Heap after GC invocations=12 (full 0):
 garbage-first heap   total 96256K, used 30961K [0x0000000080000000, 0x0000000100000000)
  region size 1024K, 5 young (5120K), 5 survivors (5120K)
 Metaspace       used 44956K, capacity 46048K, committed 46160K, reserved 1089536K
  class space    used 5685K, capacity 6113K, committed 6144K, reserved 1048576K
}

