# JRE version: OpenJDK Runtime Environment (11.0.13) (build 11.0.13+0-b1751.21-8125866)
# Java VM: OpenJDK 64-Bit Server VM (11.0.13+0-b1751.21-8125866, mixed mode, tiered, compressed oops, g1 gc, windows-amd64)
Heap:
 garbage-first heap   total 653312K, used 166781K [0x0000000080000000, 0x0000000100000000)
  region size 1024K, 2 young (2048K), 2 survivors (2048K)
 Metaspace       used 100508K, capacity 103538K, committed 105680K, reserved 1140736K
  class space    used 13114K, capacity 14282K, committed 15232K, reserved 1048576K
GC Heap History (20 events):
Event: 21.468 GC heap after
{Heap after GC invocations=50 (full 0):
 garbage-first heap   total 167936K, used 113661K [0x0000000080000000, 0x0000000100000000)
  region size 1024K, 5 young (5120K), 5 survivors (5120K)
 Metaspace       used 93311K, capacity 96003K, committed 96464K, reserved 1132544K
  class space    used 11989K, capacity 13022K, committed 13184K, reserved 1048576K
}
Event: 21.637 GC heap before
{Heap before GC invocations=51 (full 0):
 garbage-first heap   total 167936K, used 137213K [0x0000000080000000, 0x0000000100000000)
  region size 1024K, 29 young (29696K), 5 survivors (5120K)
 Metaspace       used 94368K, capacity 97146K, committed 97360K, reserved 1134592K
  class space    used 12160K, capacity 13228K, committed 13312K, reserved 1048576K
}
Event: 21.646 GC heap after
{Heap after GC invocations=52 (full 0):
 garbage-first heap   total 167936K, used 118587K [0x0000000080000000, 0x0000000100000000)
  region size 1024K, 4 young (4096K), 4 survivors (4096K)
 Metaspace       used 94368K, capacity 97146K, committed 97360K, reserved 1134592K
  class space    used 12160K, capacity 13228K, committed 13312K, reserved 1048576K
}
Event: 21.685 GC heap before
{Heap before GC invocations=52 (full 0):
 garbage-first heap   total 167936K, used 138043K [0x0000000080000000, 0x0000000100000000)
  region size 1024K, 24 young (24576K), 4 survivors (4096K)
 Metaspace       used 94540K, capacity 97370K, committed 97616K, reserved 1134592K
  class space    used 12178K, capacity 13260K, committed 13312K, reserved 1048576K
}
Event: 21.693 GC heap after
{Heap after GC invocations=53 (full 0):
 garbage-first heap   total 201728K, used 123099K [0x0000000080000000, 0x0000000100000000)
  region size 1024K, 3 young (3072K), 3 survivors (3072K)
 Metaspace       used 94540K, capacity 97370K, committed 97616K, reserved 1134592K
  class space    used 12178K, capacity 13260K, committed 13312K, reserved 1048576K
}
Event: 21.775 GC heap before
{Heap before GC invocations=53 (full 0):
 garbage-first heap   total 201728K, used 153819K [0x0000000080000000, 0x0000000100000000)
  region size 1024K, 33 young (33792K), 3 survivors (3072K)
 Metaspace       used 94814K, capacity 97631K, committed 97872K, reserved 1134592K
  class space    used 12200K, capacity 13260K, committed 13312K, reserved 1048576K
}
Event: 21.829 GC heap after
{Heap after GC invocations=54 (full 0):
 garbage-first heap   total 201728K, used 129426K [0x0000000080000000, 0x0000000100000000)
  region size 1024K, 5 young (5120K), 5 survivors (5120K)
 Metaspace       used 94814K, capacity 97631K, committed 97872K, reserved 1134592K
  class space    used 12200K, capacity 13260K, committed 13312K, reserved 1048576K
}
Event: 21.925 GC heap before
{Heap before GC invocations=55 (full 0):
 garbage-first heap   total 201728K, used 158098K [0x0000000080000000, 0x0000000100000000)
  region size 1024K, 34 young (34816K), 5 survivors (5120K)
 Metaspace       used 94531K, capacity 96997K, committed 98256K, reserved 1134592K
  class space    used 12060K, capacity 12986K, committed 13440K, reserved 1048576K
}
Event: 21.933 GC heap after
{Heap after GC invocations=56 (full 0):
 garbage-first heap   total 201728K, used 135042K [0x0000000080000000, 0x0000000100000000)
  region size 1024K, 5 young (5120K), 5 survivors (5120K)
 Metaspace       used 94531K, capacity 96997K, committed 98256K, reserved 1134592K
  class space    used 12060K, capacity 12986K, committed 13440K, reserved 1048576K
}
Event: 22.144 GC heap before
{Heap before GC invocations=56 (full 0):
 garbage-first heap   total 201728K, used 161666K [0x0000000080000000, 0x0000000100000000)
  region size 1024K, 32 young (32768K), 5 survivors (5120K)
 Metaspace       used 96458K, capacity 99621K, committed 99920K, reserved 1134592K
  class space    used 12620K, capacity 13981K, committed 14080K, reserved 1048576K
}
Event: 22.152 GC heap after
{Heap after GC invocations=57 (full 0):
 garbage-first heap   total 201728K, used 139555K [0x0000000080000000, 0x0000000100000000)
  region size 1024K, 4 young (4096K), 4 survivors (4096K)
 Metaspace       used 96458K, capacity 99621K, committed 99920K, reserved 1134592K
  class space    used 12620K, capacity 13981K, committed 14080K, reserved 1048576K
}
Event: 22.181 GC heap before
{Heap before GC invocations=57 (full 0):
 garbage-first heap   total 201728K, used 166179K [0x0000000080000000, 0x0000000100000000)
  region size 1024K, 30 young (30720K), 4 survivors (4096K)
 Metaspace       used 96493K, capacity 99655K, committed 99920K, reserved 1134592K
  class space    used 12625K, capacity 13989K, committed 14080K, reserved 1048576K
}
Event: 22.246 GC heap after
{Heap after GC invocations=58 (full 0):
 garbage-first heap   total 318464K, used 144384K [0x0000000080000000, 0x0000000100000000)
  region size 1024K, 4 young (4096K), 4 survivors (4096K)
 Metaspace       used 96493K, capacity 99655K, committed 99920K, reserved 1134592K
  class space    used 12625K, capacity 13989K, committed 14080K, reserved 1048576K
}
Event: 22.320 GC heap before
{Heap before GC invocations=58 (full 0):
 garbage-first heap   total 318464K, used 203776K [0x0000000080000000, 0x0000000100000000)
  region size 1024K, 62 young (63488K), 4 survivors (4096K)
 Metaspace       used 96546K, capacity 99752K, committed 99920K, reserved 1134592K
  class space    used 12635K, capacity 14000K, committed 14080K, reserved 1048576K
}
Event: 22.334 GC heap after
{Heap after GC invocations=59 (full 0):
 garbage-first heap   total 318464K, used 154986K [0x0000000080000000, 0x0000000100000000)
  region size 1024K, 8 young (8192K), 8 survivors (8192K)
 Metaspace       used 96546K, capacity 99752K, committed 99920K, reserved 1134592K
  class space    used 12635K, capacity 14000K, committed 14080K, reserved 1048576K
}
Event: 22.662 GC heap before
{Heap before GC invocations=60 (full 0):
 garbage-first heap   total 318464K, used 214378K [0x0000000080000000, 0x0000000100000000)
  region size 1024K, 67 young (68608K), 8 survivors (8192K)
 Metaspace       used 99127K, capacity 102628K, committed 102864K, reserved 1138688K
  class space    used 13162K, capacity 14661K, committed 14720K, reserved 1048576K
}
Event: 22.675 GC heap after
{Heap after GC invocations=61 (full 0):
 garbage-first heap   total 318464K, used 164065K [0x0000000080000000, 0x0000000100000000)
  region size 1024K, 9 young (9216K), 9 survivors (9216K)
 Metaspace       used 99127K, capacity 102628K, committed 102864K, reserved 1138688K
  class space    used 13162K, capacity 14661K, committed 14720K, reserved 1048576K
}
Event: 22.900 GC heap before
{Heap before GC invocations=61 (full 0):
 garbage-first heap   total 318464K, used 223457K [0x0000000080000000, 0x0000000100000000)
  region size 1024K, 68 young (69632K), 9 survivors (9216K)
 Metaspace       used 101169K, capacity 104815K, committed 105040K, reserved 1138688K
  class space    used 13525K, capacity 15093K, committed 15104K, reserved 1048576K
}
Event: 22.913 GC heap after
{Heap after GC invocations=62 (full 0):
 garbage-first heap   total 318464K, used 167041K [0x0000000080000000, 0x0000000100000000)
  region size 1024K, 3 young (3072K), 3 survivors (3072K)
 Metaspace       used 101169K, capacity 104815K, committed 105040K, reserved 1138688K
  class space    used 13525K, capacity 15093K, committed 15104K, reserved 1048576K
}
Event: 23.168 GC heap before
{Heap before GC invocations=62 (full 0):
 garbage-first heap   total 318464K, used 229505K [0x0000000080000000, 0x0000000100000000)
  region size 1024K, 65 young (66560K), 3 survivors (3072K)
 Metaspace       used 100508K, capacity 103538K, committed 105680K, reserved 1140736K
  class space    used 13114K, capacity 14282K, committed 15232K, reserved 1048576K
}

