# JRE version: OpenJDK Runtime Environment (11.0.13) (build 11.0.13+0-b1751.21-8125866)
# Java VM: OpenJDK 64-Bit Server VM (11.0.13+0-b1751.21-8125866, mixed mode, tiered, compressed oops, g1 gc, windows-amd64)
Heap:
 garbage-first heap   total 96256K, used 60078K [0x0000000080000000, 0x0000000100000000)
  region size 1024K, 16 young (16384K), 2 survivors (2048K)
 Metaspace       used 58011K, capacity 59485K, committed 59600K, reserved 1101824K
  class space    used 7233K, capacity 7780K, committed 7808K, reserved 1048576K
GC Heap History (20 events):
Event: 4.574 GC heap before
{Heap before GC invocations=6 (full 0):
 garbage-first heap   total 96256K, used 55958K [0x0000000080000000, 0x0000000100000000)
  region size 1024K, 41 young (41984K), 3 survivors (3072K)
 Metaspace       used 24638K, capacity 25236K, committed 25392K, reserved 1071104K
  class space    used 3128K, capacity 3336K, committed 3456K, reserved 1048576K
}
Event: 4.577 GC heap after
{Heap after GC invocations=7 (full 0):
 garbage-first heap   total 96256K, used 18467K [0x0000000080000000, 0x0000000100000000)
  region size 1024K, 4 young (4096K), 4 survivors (4096K)
 Metaspace       used 24638K, capacity 25236K, committed 25392K, reserved 1071104K
  class space    used 3128K, capacity 3336K, committed 3456K, reserved 1048576K
}
Event: 5.164 GC heap before
{Heap before GC invocations=7 (full 0):
 garbage-first heap   total 96256K, used 59427K [0x0000000080000000, 0x0000000100000000)
  region size 1024K, 44 young (45056K), 4 survivors (4096K)
 Metaspace       used 28564K, capacity 29179K, committed 29360K, reserved 1075200K
  class space    used 3752K, capacity 3997K, committed 4096K, reserved 1048576K
}
Event: 5.168 GC heap after
{Heap after GC invocations=8 (full 0):
 garbage-first heap   total 96256K, used 19656K [0x0000000080000000, 0x0000000100000000)
  region size 1024K, 5 young (5120K), 5 survivors (5120K)
 Metaspace       used 28564K, capacity 29179K, committed 29360K, reserved 1075200K
  class space    used 3752K, capacity 3997K, committed 4096K, reserved 1048576K
}
Event: 5.810 GC heap before
{Heap before GC invocations=8 (full 0):
 garbage-first heap   total 96256K, used 49352K [0x0000000080000000, 0x0000000100000000)
  region size 1024K, 35 young (35840K), 5 survivors (5120K)
 Metaspace       used 35004K, capacity 35798K, committed 35920K, reserved 1081344K
  class space    used 4477K, capacity 4799K, committed 4864K, reserved 1048576K
}
Event: 5.821 GC heap after
{Heap after GC invocations=9 (full 0):
 garbage-first heap   total 96256K, used 22538K [0x0000000080000000, 0x0000000100000000)
  region size 1024K, 6 young (6144K), 6 survivors (6144K)
 Metaspace       used 35004K, capacity 35798K, committed 35920K, reserved 1081344K
  class space    used 4477K, capacity 4799K, committed 4864K, reserved 1048576K
}
Event: 6.404 GC heap before
{Heap before GC invocations=10 (full 0):
 garbage-first heap   total 96256K, used 67594K [0x0000000080000000, 0x0000000100000000)
  region size 1024K, 48 young (49152K), 6 survivors (6144K)
 Metaspace       used 39056K, capacity 39959K, committed 40144K, reserved 1085440K
  class space    used 4910K, capacity 5244K, committed 5248K, reserved 1048576K
}
Event: 6.409 GC heap after
{Heap after GC invocations=11 (full 0):
 garbage-first heap   total 96256K, used 26201K [0x0000000080000000, 0x0000000100000000)
  region size 1024K, 6 young (6144K), 6 survivors (6144K)
 Metaspace       used 39056K, capacity 39959K, committed 40144K, reserved 1085440K
  class space    used 4910K, capacity 5244K, committed 5248K, reserved 1048576K
}
Event: 6.884 GC heap before
{Heap before GC invocations=11 (full 0):
 garbage-first heap   total 96256K, used 68185K [0x0000000080000000, 0x0000000100000000)
  region size 1024K, 47 young (48128K), 6 survivors (6144K)
 Metaspace       used 42786K, capacity 43781K, committed 43984K, reserved 1087488K
  class space    used 5353K, capacity 5719K, committed 5760K, reserved 1048576K
}
Event: 6.889 GC heap after
{Heap after GC invocations=12 (full 0):
 garbage-first heap   total 96256K, used 28418K [0x0000000080000000, 0x0000000100000000)
  region size 1024K, 6 young (6144K), 6 survivors (6144K)
 Metaspace       used 42786K, capacity 43781K, committed 43984K, reserved 1087488K
  class space    used 5353K, capacity 5719K, committed 5760K, reserved 1048576K
}
Event: 7.313 GC heap before
{Heap before GC invocations=12 (full 0):
 garbage-first heap   total 96256K, used 70402K [0x0000000080000000, 0x0000000100000000)
  region size 1024K, 47 young (48128K), 6 survivors (6144K)
 Metaspace       used 45573K, capacity 46751K, committed 46800K, reserved 1089536K
  class space    used 5774K, capacity 6223K, committed 6272K, reserved 1048576K
}
Event: 7.317 GC heap after
{Heap after GC invocations=13 (full 0):
 garbage-first heap   total 96256K, used 29776K [0x0000000080000000, 0x0000000100000000)
  region size 1024K, 4 young (4096K), 4 survivors (4096K)
 Metaspace       used 45573K, capacity 46751K, committed 46800K, reserved 1089536K
  class space    used 5774K, capacity 6223K, committed 6272K, reserved 1048576K
}
Event: 8.015 GC heap before
{Heap before GC invocations=13 (full 0):
 garbage-first heap   total 96256K, used 71760K [0x0000000080000000, 0x0000000100000000)
  region size 1024K, 45 young (46080K), 4 survivors (4096K)
 Metaspace       used 47399K, capacity 48696K, committed 48848K, reserved 1091584K
  class space    used 5980K, capacity 6485K, committed 6528K, reserved 1048576K
}
Event: 8.019 GC heap after
{Heap after GC invocations=14 (full 0):
 garbage-first heap   total 96256K, used 32532K [0x0000000080000000, 0x0000000100000000)
  region size 1024K, 5 young (5120K), 5 survivors (5120K)
 Metaspace       used 47399K, capacity 48696K, committed 48848K, reserved 1091584K
  class space    used 5980K, capacity 6485K, committed 6528K, reserved 1048576K
}
Event: 8.773 GC heap before
{Heap before GC invocations=14 (full 0):
 garbage-first heap   total 96256K, used 77588K [0x0000000080000000, 0x0000000100000000)
  region size 1024K, 45 young (46080K), 5 survivors (5120K)
 Metaspace       used 49705K, capacity 51159K, committed 51280K, reserved 1093632K
  class space    used 6261K, capacity 6821K, committed 6912K, reserved 1048576K
}
Event: 8.782 GC heap after
{Heap after GC invocations=15 (full 0):
 garbage-first heap   total 96256K, used 44797K [0x0000000080000000, 0x0000000100000000)
  region size 1024K, 6 young (6144K), 6 survivors (6144K)
 Metaspace       used 49705K, capacity 51159K, committed 51280K, reserved 1093632K
  class space    used 6261K, capacity 6821K, committed 6912K, reserved 1048576K
}
Event: 9.417 GC heap before
{Heap before GC invocations=15 (full 0):
 garbage-first heap   total 96256K, used 75517K [0x0000000080000000, 0x0000000100000000)
  region size 1024K, 36 young (36864K), 6 survivors (6144K)
 Metaspace       used 53841K, capacity 55335K, committed 55632K, reserved 1097728K
  class space    used 6792K, capacity 7339K, committed 7424K, reserved 1048576K
}
Event: 9.421 GC heap after
{Heap after GC invocations=16 (full 0):
 garbage-first heap   total 96256K, used 46489K [0x0000000080000000, 0x0000000100000000)
  region size 1024K, 2 young (2048K), 2 survivors (2048K)
 Metaspace       used 53841K, capacity 55335K, committed 55632K, reserved 1097728K
  class space    used 6792K, capacity 7339K, committed 7424K, reserved 1048576K
}
Event: 9.742 GC heap before
{Heap before GC invocations=16 (full 0):
 garbage-first heap   total 96256K, used 61849K [0x0000000080000000, 0x0000000100000000)
  region size 1024K, 18 young (18432K), 2 survivors (2048K)
 Metaspace       used 56595K, capacity 58148K, committed 58192K, reserved 1105920K
  class space    used 7055K, capacity 7637K, committed 7680K, reserved 1048576K
}
Event: 9.745 GC heap after
{Heap after GC invocations=17 (full 0):
 garbage-first heap   total 96256K, used 46766K [0x0000000080000000, 0x0000000100000000)
  region size 1024K, 2 young (2048K), 2 survivors (2048K)
 Metaspace       used 56595K, capacity 58148K, committed 58192K, reserved 1105920K
  class space    used 7055K, capacity 7637K, committed 7680K, reserved 1048576K
}

