# JRE version: OpenJDK Runtime Environment (11.0.13) (build 11.0.13+0-b1751.21-8125866)
# Java VM: OpenJDK 64-Bit Server VM (11.0.13+0-b1751.21-8125866, mixed mode, tiered, compressed oops, g1 gc, windows-amd64)
Heap:
 garbage-first heap   total 139264K, used 92628K [0x0000000080000000, 0x0000000100000000)
  region size 1024K, 11 young (11264K), 4 survivors (4096K)
 Metaspace       used 97481K, capacity 99844K, committed 100308K, reserved 1136640K
  class space    used 12183K, capacity 13074K, committed 13312K, reserved 1048576K
GC Heap History (20 events):
Event: 15.704 GC heap before
{Heap before GC invocations=27 (full 0):
 garbage-first heap   total 115712K, used 94339K [0x0000000080000000, 0x0000000100000000)
  region size 1024K, 28 young (28672K), 3 survivors (3072K)
 Metaspace       used 87394K, capacity 89494K, committed 89556K, reserved 1126400K
  class space    used 11188K, capacity 11993K, committed 12032K, reserved 1048576K
}
Event: 15.710 GC heap after
{Heap after GC invocations=28 (full 0):
 garbage-first heap   total 115712K, used 71916K [0x0000000080000000, 0x0000000100000000)
  region size 1024K, 3 young (3072K), 3 survivors (3072K)
 Metaspace       used 87394K, capacity 89494K, committed 89556K, reserved 1126400K
  class space    used 11188K, capacity 11993K, committed 12032K, reserved 1048576K
}
Event: 20.579 GC heap before
{Heap before GC invocations=29 (full 0):
 garbage-first heap   total 115712K, used 94444K [0x0000000080000000, 0x0000000100000000)
  region size 1024K, 26 young (26624K), 3 survivors (3072K)
 Metaspace       used 89236K, capacity 91353K, committed 91476K, reserved 1128448K
  class space    used 11319K, capacity 12133K, committed 12160K, reserved 1048576K
}
Event: 20.584 GC heap after
{Heap after GC invocations=30 (full 0):
 garbage-first heap   total 139264K, used 73209K [0x0000000080000000, 0x0000000100000000)
  region size 1024K, 4 young (4096K), 4 survivors (4096K)
 Metaspace       used 89236K, capacity 91353K, committed 91476K, reserved 1128448K
  class space    used 11319K, capacity 12133K, committed 12160K, reserved 1048576K
}
Event: 26.788 GC heap before
{Heap before GC invocations=30 (full 0):
 garbage-first heap   total 139264K, used 102905K [0x0000000080000000, 0x0000000100000000)
  region size 1024K, 35 young (35840K), 4 survivors (4096K)
 Metaspace       used 90697K, capacity 93142K, committed 93396K, reserved 1130496K
  class space    used 11536K, capacity 12428K, committed 12544K, reserved 1048576K
}
Event: 26.794 GC heap after
{Heap after GC invocations=31 (full 0):
 garbage-first heap   total 139264K, used 75188K [0x0000000080000000, 0x0000000100000000)
  region size 1024K, 4 young (4096K), 4 survivors (4096K)
 Metaspace       used 90697K, capacity 93142K, committed 93396K, reserved 1130496K
  class space    used 11536K, capacity 12428K, committed 12544K, reserved 1048576K
}
Event: 27.136 GC heap before
{Heap before GC invocations=32 (full 0):
 garbage-first heap   total 139264K, used 110004K [0x0000000080000000, 0x0000000100000000)
  region size 1024K, 38 young (38912K), 4 survivors (4096K)
 Metaspace       used 91318K, capacity 93811K, committed 93908K, reserved 1130496K
  class space    used 11606K, capacity 12537K, committed 12544K, reserved 1048576K
}
Event: 27.142 GC heap after
{Heap after GC invocations=33 (full 0):
 garbage-first heap   total 139264K, used 78180K [0x0000000080000000, 0x0000000100000000)
  region size 1024K, 5 young (5120K), 5 survivors (5120K)
 Metaspace       used 91318K, capacity 93811K, committed 93908K, reserved 1130496K
  class space    used 11606K, capacity 12537K, committed 12544K, reserved 1048576K
}
Event: 27.651 GC heap before
{Heap before GC invocations=33 (full 0):
 garbage-first heap   total 139264K, used 110948K [0x0000000080000000, 0x0000000100000000)
  region size 1024K, 38 young (38912K), 5 survivors (5120K)
 Metaspace       used 91868K, capacity 94270K, committed 94420K, reserved 1132544K
  class space    used 11631K, capacity 12537K, committed 12544K, reserved 1048576K
}
Event: 27.657 GC heap after
{Heap after GC invocations=34 (full 0):
 garbage-first heap   total 139264K, used 79450K [0x0000000080000000, 0x0000000100000000)
  region size 1024K, 2 young (2048K), 2 survivors (2048K)
 Metaspace       used 91868K, capacity 94270K, committed 94420K, reserved 1132544K
  class space    used 11631K, capacity 12537K, committed 12544K, reserved 1048576K
}
Event: 28.432 GC heap before
{Heap before GC invocations=35 (full 0):
 garbage-first heap   total 139264K, used 112218K [0x0000000080000000, 0x0000000100000000)
  region size 1024K, 35 young (35840K), 2 survivors (2048K)
 Metaspace       used 92020K, capacity 94396K, committed 94676K, reserved 1132544K
  class space    used 11608K, capacity 12497K, committed 12544K, reserved 1048576K
}
Event: 28.435 GC heap after
{Heap after GC invocations=36 (full 0):
 garbage-first heap   total 139264K, used 80264K [0x0000000080000000, 0x0000000100000000)
  region size 1024K, 3 young (3072K), 3 survivors (3072K)
 Metaspace       used 92020K, capacity 94396K, committed 94676K, reserved 1132544K
  class space    used 11608K, capacity 12497K, committed 12544K, reserved 1048576K
}
Event: 28.900 GC heap before
{Heap before GC invocations=36 (full 0):
 garbage-first heap   total 139264K, used 113032K [0x0000000080000000, 0x0000000100000000)
  region size 1024K, 36 young (36864K), 3 survivors (3072K)
 Metaspace       used 92324K, capacity 94729K, committed 94932K, reserved 1132544K
  class space    used 11627K, capacity 12511K, committed 12544K, reserved 1048576K
}
Event: 28.905 GC heap after
{Heap after GC invocations=37 (full 0):
 garbage-first heap   total 139264K, used 82266K [0x0000000080000000, 0x0000000100000000)
  region size 1024K, 5 young (5120K), 5 survivors (5120K)
 Metaspace       used 92324K, capacity 94729K, committed 94932K, reserved 1132544K
  class space    used 11627K, capacity 12511K, committed 12544K, reserved 1048576K
}
Event: 29.490 GC heap before
{Heap before GC invocations=38 (full 0):
 garbage-first heap   total 139264K, used 114010K [0x0000000080000000, 0x0000000100000000)
  region size 1024K, 37 young (37888K), 5 survivors (5120K)
 Metaspace       used 92398K, capacity 94623K, committed 95316K, reserved 1132544K
  class space    used 11561K, capacity 12371K, committed 12672K, reserved 1048576K
}
Event: 29.495 GC heap after
{Heap after GC invocations=39 (full 0):
 garbage-first heap   total 139264K, used 84444K [0x0000000080000000, 0x0000000100000000)
  region size 1024K, 5 young (5120K), 5 survivors (5120K)
 Metaspace       used 92398K, capacity 94623K, committed 95316K, reserved 1132544K
  class space    used 11561K, capacity 12371K, committed 12672K, reserved 1048576K
}
Event: 30.141 GC heap before
{Heap before GC invocations=39 (full 0):
 garbage-first heap   total 139264K, used 115164K [0x0000000080000000, 0x0000000100000000)
  region size 1024K, 36 young (36864K), 5 survivors (5120K)
 Metaspace       used 93544K, capacity 95806K, committed 96468K, reserved 1132544K
  class space    used 11684K, capacity 12547K, committed 12800K, reserved 1048576K
}
Event: 30.148 GC heap after
{Heap after GC invocations=40 (full 0):
 garbage-first heap   total 139264K, used 85498K [0x0000000080000000, 0x0000000100000000)
  region size 1024K, 4 young (4096K), 4 survivors (4096K)
 Metaspace       used 93544K, capacity 95806K, committed 96468K, reserved 1132544K
  class space    used 11684K, capacity 12547K, committed 12800K, reserved 1048576K
}
Event: 30.683 GC heap before
{Heap before GC invocations=41 (full 0):
 garbage-first heap   total 139264K, used 115194K [0x0000000080000000, 0x0000000100000000)
  region size 1024K, 34 young (34816K), 4 survivors (4096K)
 Metaspace       used 95218K, capacity 97532K, committed 98260K, reserved 1134592K
  class space    used 11913K, capacity 12777K, committed 13056K, reserved 1048576K
}
Event: 30.687 GC heap after
{Heap after GC invocations=42 (full 0):
 garbage-first heap   total 139264K, used 85830K [0x0000000080000000, 0x0000000100000000)
  region size 1024K, 2 young (2048K), 2 survivors (2048K)
 Metaspace       used 95218K, capacity 97532K, committed 98260K, reserved 1134592K
  class space    used 11913K, capacity 12777K, committed 13056K, reserved 1048576K
}

