# JRE version: OpenJDK Runtime Environment (11.0.13) (build 11.0.13+0-b1751.21-8125866)
# Java VM: OpenJDK 64-Bit Server VM (11.0.13+0-b1751.21-8125866, mixed mode, tiered, compressed oops, g1 gc, windows-amd64)
Heap:
 garbage-first heap   total 96256K, used 65651K [0x0000000080000000, 0x0000000100000000)
  region size 1024K, 33 young (33792K), 5 survivors (5120K)
 Metaspace       used 49418K, capacity 50879K, committed 51152K, reserved 1093632K
  class space    used 6216K, capacity 6749K, committed 6784K, reserved 1048576K
GC Heap History (20 events):
Event: 1.471 GC heap before
{Heap before GC invocations=0 (full 0):
 garbage-first heap   total 96256K, used 29696K [0x0000000080000000, 0x0000000100000000)
  region size 1024K, 24 young (24576K), 0 survivors (0K)
 Metaspace       used 10259K, capacity 10499K, committed 10624K, reserved 1058816K
  class space    used 1055K, capacity 1141K, committed 1152K, reserved 1048576K
}
Event: 1.482 GC heap after
{Heap after GC invocations=1 (full 0):
 garbage-first heap   total 96256K, used 9299K [0x0000000080000000, 0x0000000100000000)
  region size 1024K, 3 young (3072K), 3 survivors (3072K)
 Metaspace       used 10259K, capacity 10499K, committed 10624K, reserved 1058816K
  class space    used 1055K, capacity 1141K, committed 1152K, reserved 1048576K
}
Event: 2.658 GC heap before
{Heap before GC invocations=1 (full 0):
 garbage-first heap   total 96256K, used 63571K [0x0000000080000000, 0x0000000100000000)
  region size 1024K, 56 young (57344K), 3 survivors (3072K)
 Metaspace       used 13666K, capacity 14017K, committed 14208K, reserved 1062912K
  class space    used 1488K, capacity 1591K, committed 1664K, reserved 1048576K
}
Event: 2.665 GC heap after
{Heap after GC invocations=2 (full 0):
 garbage-first heap   total 96256K, used 14904K [0x0000000080000000, 0x0000000100000000)
  region size 1024K, 7 young (7168K), 7 survivors (7168K)
 Metaspace       used 13666K, capacity 14017K, committed 14208K, reserved 1062912K
  class space    used 1488K, capacity 1591K, committed 1664K, reserved 1048576K
}
Event: 4.256 GC heap before
{Heap before GC invocations=2 (full 0):
 garbage-first heap   total 96256K, used 59960K [0x0000000080000000, 0x0000000100000000)
  region size 1024K, 52 young (53248K), 7 survivors (7168K)
 Metaspace       used 20717K, capacity 21159K, committed 21296K, reserved 1069056K
  class space    used 2508K, capacity 2633K, committed 2688K, reserved 1048576K
}
Event: 4.268 GC heap after
{Heap after GC invocations=3 (full 0):
 garbage-first heap   total 96256K, used 17167K [0x0000000080000000, 0x0000000100000000)
  region size 1024K, 3 young (3072K), 3 survivors (3072K)
 Metaspace       used 20717K, capacity 21159K, committed 21296K, reserved 1069056K
  class space    used 2508K, capacity 2633K, committed 2688K, reserved 1048576K
}
Event: 5.194 GC heap before
{Heap before GC invocations=4 (full 0):
 garbage-first heap   total 96256K, used 64271K [0x0000000080000000, 0x0000000100000000)
  region size 1024K, 49 young (50176K), 3 survivors (3072K)
 Metaspace       used 25560K, capacity 26140K, committed 26288K, reserved 1073152K
  class space    used 3273K, capacity 3469K, committed 3584K, reserved 1048576K
}
Event: 5.202 GC heap after
{Heap after GC invocations=5 (full 0):
 garbage-first heap   total 96256K, used 18843K [0x0000000080000000, 0x0000000100000000)
  region size 1024K, 4 young (4096K), 4 survivors (4096K)
 Metaspace       used 25560K, capacity 26140K, committed 26288K, reserved 1073152K
  class space    used 3273K, capacity 3469K, committed 3584K, reserved 1048576K
}
Event: 6.101 GC heap before
{Heap before GC invocations=5 (full 0):
 garbage-first heap   total 96256K, used 67995K [0x0000000080000000, 0x0000000100000000)
  region size 1024K, 52 young (53248K), 4 survivors (4096K)
 Metaspace       used 30087K, capacity 30773K, committed 30896K, reserved 1075200K
  class space    used 3986K, capacity 4274K, committed 4352K, reserved 1048576K
}
Event: 6.106 GC heap after
{Heap after GC invocations=6 (full 0):
 garbage-first heap   total 96256K, used 20420K [0x0000000080000000, 0x0000000100000000)
  region size 1024K, 4 young (4096K), 4 survivors (4096K)
 Metaspace       used 30087K, capacity 30773K, committed 30896K, reserved 1075200K
  class space    used 3986K, capacity 4274K, committed 4352K, reserved 1048576K
}
Event: 6.500 GC heap before
{Heap before GC invocations=6 (full 0):
 garbage-first heap   total 96256K, used 36804K [0x0000000080000000, 0x0000000100000000)
  region size 1024K, 21 young (21504K), 4 survivors (4096K)
 Metaspace       used 35030K, capacity 35793K, committed 35920K, reserved 1081344K
  class space    used 4487K, capacity 4799K, committed 4864K, reserved 1048576K
}
Event: 6.506 GC heap after
{Heap after GC invocations=7 (full 0):
 garbage-first heap   total 96256K, used 22566K [0x0000000080000000, 0x0000000100000000)
  region size 1024K, 6 young (6144K), 6 survivors (6144K)
 Metaspace       used 35030K, capacity 35793K, committed 35920K, reserved 1081344K
  class space    used 4487K, capacity 4799K, committed 4864K, reserved 1048576K
}
Event: 7.045 GC heap before
{Heap before GC invocations=8 (full 0):
 garbage-first heap   total 96256K, used 71718K [0x0000000080000000, 0x0000000100000000)
  region size 1024K, 52 young (53248K), 6 survivors (6144K)
 Metaspace       used 39259K, capacity 40119K, committed 40272K, reserved 1085440K
  class space    used 4951K, capacity 5277K, committed 5376K, reserved 1048576K
}
Event: 7.052 GC heap after
{Heap after GC invocations=9 (full 0):
 garbage-first heap   total 96256K, used 26633K [0x0000000080000000, 0x0000000100000000)
  region size 1024K, 7 young (7168K), 7 survivors (7168K)
 Metaspace       used 39259K, capacity 40119K, committed 40272K, reserved 1085440K
  class space    used 4951K, capacity 5277K, committed 5376K, reserved 1048576K
}
Event: 7.589 GC heap before
{Heap before GC invocations=9 (full 0):
 garbage-first heap   total 96256K, used 71689K [0x0000000080000000, 0x0000000100000000)
  region size 1024K, 51 young (52224K), 7 survivors (7168K)
 Metaspace       used 43032K, capacity 44015K, committed 44240K, reserved 1087488K
  class space    used 5394K, capacity 5757K, committed 5760K, reserved 1048576K
}
Event: 7.596 GC heap after
{Heap after GC invocations=10 (full 0):
 garbage-first heap   total 96256K, used 28471K [0x0000000080000000, 0x0000000100000000)
  region size 1024K, 3 young (3072K), 3 survivors (3072K)
 Metaspace       used 43032K, capacity 44015K, committed 44240K, reserved 1087488K
  class space    used 5394K, capacity 5757K, committed 5760K, reserved 1048576K
}
Event: 8.215 GC heap before
{Heap before GC invocations=10 (full 0):
 garbage-first heap   total 96256K, used 73527K [0x0000000080000000, 0x0000000100000000)
  region size 1024K, 47 young (48128K), 3 survivors (3072K)
 Metaspace       used 46208K, capacity 47362K, committed 47696K, reserved 1091584K
  class space    used 5857K, capacity 6299K, committed 6400K, reserved 1048576K
}
Event: 8.219 GC heap after
{Heap after GC invocations=11 (full 0):
 garbage-first heap   total 96256K, used 29561K [0x0000000080000000, 0x0000000100000000)
  region size 1024K, 4 young (4096K), 4 survivors (4096K)
 Metaspace       used 46208K, capacity 47362K, committed 47696K, reserved 1091584K
  class space    used 5857K, capacity 6299K, committed 6400K, reserved 1048576K
}
Event: 9.106 GC heap before
{Heap before GC invocations=11 (full 0):
 garbage-first heap   total 96256K, used 76665K [0x0000000080000000, 0x0000000100000000)
  region size 1024K, 48 young (49152K), 4 survivors (4096K)
 Metaspace       used 47677K, capacity 48967K, committed 49104K, reserved 1091584K
  class space    used 6001K, capacity 6486K, committed 6528K, reserved 1048576K
}
Event: 9.110 GC heap after
{Heap after GC invocations=12 (full 0):
 garbage-first heap   total 96256K, used 34931K [0x0000000080000000, 0x0000000100000000)
  region size 1024K, 5 young (5120K), 5 survivors (5120K)
 Metaspace       used 47677K, capacity 48967K, committed 49104K, reserved 1091584K
  class space    used 6001K, capacity 6486K, committed 6528K, reserved 1048576K
}

