# JRE version: OpenJDK Runtime Environment (11.0.13) (build 11.0.13+0-b1751.21-8125866)
# Java VM: OpenJDK 64-Bit Server VM (11.0.13+0-b1751.21-8125866, mixed mode, tiered, compressed oops, g1 gc, windows-amd64)
Heap:
 garbage-first heap   total 591872K, used 170602K [0x0000000080000000, 0x0000000100000000)
  region size 1024K, 12 young (12288K), 12 survivors (12288K)
 Metaspace       used 100530K, capacity 104056K, committed 104144K, reserved 1138688K
  class space    used 13168K, capacity 14689K, committed 14720K, reserved 1048576K
GC Heap History (20 events):
Event: 14.748 GC heap after
{Heap after GC invocations=50 (full 0):
 garbage-first heap   total 208896K, used 117425K [0x0000000080000000, 0x0000000100000000)
  region size 1024K, 2 young (2048K), 2 survivors (2048K)
 Metaspace       used 87268K, capacity 89417K, committed 90448K, reserved 1128448K
  class space    used 11016K, capacity 11842K, committed 12288K, reserved 1048576K
}
Event: 15.141 GC heap before
{Heap before GC invocations=51 (full 0):
 garbage-first heap   total 208896K, used 151402K [0x0000000080000000, 0x0000000100000000)
  region size 1024K, 37 young (37888K), 2 survivors (2048K)
 Metaspace       used 89512K, capacity 91705K, committed 92752K, reserved 1130496K
  class space    used 11315K, capacity 12149K, committed 12544K, reserved 1048576K
}
Event: 15.145 GC heap after
{Heap after GC invocations=52 (full 0):
 garbage-first heap   total 208896K, used 117551K [0x0000000080000000, 0x0000000100000000)
  region size 1024K, 3 young (3072K), 3 survivors (3072K)
 Metaspace       used 89512K, capacity 91705K, committed 92752K, reserved 1130496K
  class space    used 11315K, capacity 12149K, committed 12544K, reserved 1048576K
}
Event: 15.212 GC heap before
{Heap before GC invocations=52 (full 0):
 garbage-first heap   total 208896K, used 124719K [0x0000000080000000, 0x0000000100000000)
  region size 1024K, 10 young (10240K), 3 survivors (3072K)
 Metaspace       used 90124K, capacity 92345K, committed 93264K, reserved 1130496K
  class space    used 11389K, capacity 12213K, committed 12544K, reserved 1048576K
}
Event: 15.219 GC heap after
{Heap after GC invocations=53 (full 0):
 garbage-first heap   total 208896K, used 99609K [0x0000000080000000, 0x0000000100000000)
  region size 1024K, 1 young (1024K), 1 survivors (1024K)
 Metaspace       used 90124K, capacity 92345K, committed 93264K, reserved 1130496K
  class space    used 11389K, capacity 12213K, committed 12544K, reserved 1048576K
}
Event: 15.297 GC heap before
{Heap before GC invocations=53 (full 0):
 garbage-first heap   total 208896K, used 108825K [0x0000000080000000, 0x0000000100000000)
  region size 1024K, 10 young (10240K), 1 survivors (1024K)
 Metaspace       used 90845K, capacity 93081K, committed 94160K, reserved 1130496K
  class space    used 11482K, capacity 12309K, committed 12672K, reserved 1048576K
}
Event: 15.299 GC heap after
{Heap after GC invocations=54 (full 0):
 garbage-first heap   total 208896K, used 99268K [0x0000000080000000, 0x0000000100000000)
  region size 1024K, 1 young (1024K), 1 survivors (1024K)
 Metaspace       used 90845K, capacity 93081K, committed 94160K, reserved 1130496K
  class space    used 11482K, capacity 12309K, committed 12672K, reserved 1048576K
}
Event: 15.713 GC heap before
{Heap before GC invocations=54 (full 0):
 garbage-first heap   total 208896K, used 145348K [0x0000000080000000, 0x0000000100000000)
  region size 1024K, 47 young (48128K), 1 survivors (1024K)
 Metaspace       used 91903K, capacity 94097K, committed 95056K, reserved 1132544K
  class space    used 11570K, capacity 12406K, committed 12800K, reserved 1048576K
}
Event: 15.722 GC heap after
{Heap after GC invocations=55 (full 0):
 garbage-first heap   total 208896K, used 103010K [0x0000000080000000, 0x0000000100000000)
  region size 1024K, 4 young (4096K), 4 survivors (4096K)
 Metaspace       used 91903K, capacity 94097K, committed 95056K, reserved 1132544K
  class space    used 11570K, capacity 12406K, committed 12800K, reserved 1048576K
}
Event: 16.185 GC heap before
{Heap before GC invocations=56 (full 0):
 garbage-first heap   total 208896K, used 140202K [0x0000000080000000, 0x0000000100000000)
  region size 1024K, 52 young (53248K), 4 survivors (4096K)
 Metaspace       used 92965K, capacity 95295K, committed 95952K, reserved 1132544K
  class space    used 11744K, capacity 12610K, committed 12928K, reserved 1048576K
}
Event: 16.195 GC heap after
{Heap after GC invocations=57 (full 0):
 garbage-first heap   total 208896K, used 102206K [0x0000000080000000, 0x0000000100000000)
  region size 1024K, 7 young (7168K), 7 survivors (7168K)
 Metaspace       used 92965K, capacity 95295K, committed 95952K, reserved 1132544K
  class space    used 11744K, capacity 12610K, committed 12928K, reserved 1048576K
}
Event: 16.203 GC heap before
{Heap before GC invocations=57 (full 0):
 garbage-first heap   total 208896K, used 104254K [0x0000000080000000, 0x0000000100000000)
  region size 1024K, 11 young (11264K), 7 survivors (7168K)
 Metaspace       used 92984K, capacity 95295K, committed 95952K, reserved 1132544K
  class space    used 11745K, capacity 12610K, committed 12928K, reserved 1048576K
}
Event: 16.212 GC heap after
{Heap after GC invocations=58 (full 0):
 garbage-first heap   total 326656K, used 97624K [0x0000000080000000, 0x0000000100000000)
  region size 1024K, 2 young (2048K), 2 survivors (2048K)
 Metaspace       used 92984K, capacity 95295K, committed 95952K, reserved 1132544K
  class space    used 11745K, capacity 12610K, committed 12928K, reserved 1048576K
}
Event: 17.196 GC heap before
{Heap before GC invocations=58 (full 0):
 garbage-first heap   total 326656K, used 190808K [0x0000000080000000, 0x0000000100000000)
  region size 1024K, 94 young (96256K), 2 survivors (2048K)
 Metaspace       used 96415K, capacity 99016K, committed 99152K, reserved 1134592K
  class space    used 12278K, capacity 13291K, committed 13312K, reserved 1048576K
}
Event: 17.238 GC heap after
{Heap after GC invocations=59 (full 0):
 garbage-first heap   total 326656K, used 120353K [0x0000000080000000, 0x0000000100000000)
  region size 1024K, 12 young (12288K), 12 survivors (12288K)
 Metaspace       used 96415K, capacity 99016K, committed 99152K, reserved 1134592K
  class space    used 12278K, capacity 13291K, committed 13312K, reserved 1048576K
}
Event: 17.549 GC heap before
{Heap before GC invocations=59 (full 0):
 garbage-first heap   total 326656K, used 208417K [0x0000000080000000, 0x0000000100000000)
  region size 1024K, 99 young (101376K), 12 survivors (12288K)
 Metaspace       used 97752K, capacity 100534K, committed 100816K, reserved 1136640K
  class space    used 12504K, capacity 13583K, committed 13696K, reserved 1048576K
}
Event: 17.575 GC heap after
{Heap after GC invocations=60 (full 0):
 garbage-first heap   total 326656K, used 138013K [0x0000000080000000, 0x0000000100000000)
  region size 1024K, 13 young (13312K), 13 survivors (13312K)
 Metaspace       used 97752K, capacity 100534K, committed 100816K, reserved 1136640K
  class space    used 12504K, capacity 13583K, committed 13696K, reserved 1048576K
}
Event: 17.781 GC heap before
{Heap before GC invocations=60 (full 0):
 garbage-first heap   total 326656K, used 224029K [0x0000000080000000, 0x0000000100000000)
  region size 1024K, 97 young (99328K), 13 survivors (13312K)
 Metaspace       used 98799K, capacity 101585K, committed 101840K, reserved 1138688K
  class space    used 12609K, capacity 13694K, committed 13696K, reserved 1048576K
}
Event: 17.813 GC heap after
{Heap after GC invocations=61 (full 0):
 garbage-first heap   total 326656K, used 155648K [0x0000000080000000, 0x0000000100000000)
  region size 1024K, 13 young (13312K), 13 survivors (13312K)
 Metaspace       used 98799K, capacity 101585K, committed 101840K, reserved 1138688K
  class space    used 12609K, capacity 13694K, committed 13696K, reserved 1048576K
}
Event: 18.042 GC heap before
{Heap before GC invocations=61 (full 0):
 garbage-first heap   total 326656K, used 236544K [0x0000000080000000, 0x0000000100000000)
  region size 1024K, 93 young (95232K), 13 survivors (13312K)
 Metaspace       used 100530K, capacity 104056K, committed 104144K, reserved 1138688K
  class space    used 13168K, capacity 14689K, committed 14720K, reserved 1048576K
}

