# JRE version: OpenJDK Runtime Environment (11.0.13) (build 11.0.13+0-b1751.21-8125866)
# Java VM: OpenJDK 64-Bit Server VM (11.0.13+0-b1751.21-8125866, mixed mode, tiered, compressed oops, g1 gc, windows-amd64)
Heap:
 garbage-first heap   total 96256K, used 16949K [0x0000000080000000, 0x0000000100000000)
  region size 1024K, 4 young (4096K), 3 survivors (3072K)
 Metaspace       used 20891K, capacity 21471K, committed 21680K, reserved 1069056K
  class space    used 2543K, capacity 2743K, committed 2816K, reserved 1048576K
GC Heap History (6 events):
Event: 1.121 GC heap before
{Heap before GC invocations=0 (full 0):
 garbage-first heap   total 96256K, used 29696K [0x0000000080000000, 0x0000000100000000)
  region size 1024K, 24 young (24576K), 0 survivors (0K)
 Metaspace       used 10250K, capacity 10495K, committed 10624K, reserved 1058816K
  class space    used 1054K, capacity 1141K, committed 1152K, reserved 1048576K
}
Event: 1.129 GC heap after
{Heap after GC invocations=1 (full 0):
 garbage-first heap   total 96256K, used 9186K [0x0000000080000000, 0x0000000100000000)
  region size 1024K, 3 young (3072K), 3 survivors (3072K)
 Metaspace       used 10250K, capacity 10495K, committed 10624K, reserved 1058816K
  class space    used 1054K, capacity 1141K, committed 1152K, reserved 1048576K
}
Event: 2.044 GC heap before
{Heap before GC invocations=1 (full 0):
 garbage-first heap   total 96256K, used 63458K [0x0000000080000000, 0x0000000100000000)
  region size 1024K, 56 young (57344K), 3 survivors (3072K)
 Metaspace       used 13637K, capacity 14013K, committed 14208K, reserved 1062912K
  class space    used 1486K, capacity 1591K, committed 1664K, reserved 1048576K
}
Event: 2.052 GC heap after
{Heap after GC invocations=2 (full 0):
 garbage-first heap   total 96256K, used 14858K [0x0000000080000000, 0x0000000100000000)
  region size 1024K, 7 young (7168K), 7 survivors (7168K)
 Metaspace       used 13637K, capacity 14013K, committed 14208K, reserved 1062912K
  class space    used 1486K, capacity 1591K, committed 1664K, reserved 1048576K
}
Event: 3.269 GC heap before
{Heap before GC invocations=2 (full 0):
 garbage-first heap   total 96256K, used 41482K [0x0000000080000000, 0x0000000100000000)
  region size 1024K, 33 young (33792K), 7 survivors (7168K)
 Metaspace       used 18746K, capacity 19135K, committed 19328K, reserved 1067008K
  class space    used 2225K, capacity 2386K, committed 2432K, reserved 1048576K
}
Event: 3.306 GC heap after
{Heap after GC invocations=3 (full 0):
 garbage-first heap   total 96256K, used 16495K [0x0000000080000000, 0x0000000100000000)
  region size 1024K, 2 young (2048K), 2 survivors (2048K)
 Metaspace       used 18746K, capacity 19135K, committed 19328K, reserved 1067008K
  class space    used 2225K, capacity 2386K, committed 2432K, reserved 1048576K
}

