# JRE version: OpenJDK Runtime Environment (11.0.13) (build 11.0.13+0-b1751.21-8125866)
# Java VM: OpenJDK 64-Bit Server VM (11.0.13+0-b1751.21-8125866, mixed mode, tiered, compressed oops, g1 gc, windows-amd64)
Heap:
 garbage-first heap   total 571392K, used 164125K [0x0000000080000000, 0x0000000100000000)
  region size 1024K, 3 young (3072K), 3 survivors (3072K)
 Metaspace       used 106058K, capacity 109447K, committed 110800K, reserved 1144832K
  class space    used 13803K, capacity 15111K, committed 15744K, reserved 1048576K
GC Heap History (20 events):
Event: 17.196 GC heap after
{Heap after GC invocations=50 (full 0):
 garbage-first heap   total 210944K, used 100040K [0x0000000080000000, 0x0000000100000000)
  region size 1024K, 2 young (2048K), 2 survivors (2048K)
 Metaspace       used 91849K, capacity 94026K, committed 94544K, reserved 1132544K
  class space    used 11582K, capacity 12383K, committed 12544K, reserved 1048576K
}
Event: 17.561 GC heap before
{Heap before GC invocations=51 (full 0):
 garbage-first heap   total 210944K, used 133832K [0x0000000080000000, 0x0000000100000000)
  region size 1024K, 43 young (44032K), 2 survivors (2048K)
 Metaspace       used 92924K, capacity 95086K, committed 95440K, reserved 1132544K
  class space    used 11679K, capacity 12515K, committed 12672K, reserved 1048576K
}
Event: 17.565 GC heap after
{Heap after GC invocations=52 (full 0):
 garbage-first heap   total 210944K, used 96174K [0x0000000080000000, 0x0000000100000000)
  region size 1024K, 5 young (5120K), 5 survivors (5120K)
 Metaspace       used 92924K, capacity 95086K, committed 95440K, reserved 1132544K
  class space    used 11679K, capacity 12515K, committed 12672K, reserved 1048576K
}
Event: 17.583 GC heap before
{Heap before GC invocations=52 (full 0):
 garbage-first heap   total 210944K, used 101294K [0x0000000080000000, 0x0000000100000000)
  region size 1024K, 10 young (10240K), 5 survivors (5120K)
 Metaspace       used 92930K, capacity 95086K, committed 95440K, reserved 1132544K
  class space    used 11679K, capacity 12515K, committed 12672K, reserved 1048576K
}
Event: 17.588 GC heap after
{Heap after GC invocations=53 (full 0):
 garbage-first heap   total 253952K, used 90400K [0x0000000080000000, 0x0000000100000000)
  region size 1024K, 1 young (1024K), 1 survivors (1024K)
 Metaspace       used 92930K, capacity 95086K, committed 95440K, reserved 1132544K
  class space    used 11679K, capacity 12515K, committed 12672K, reserved 1048576K
}
Event: 17.919 GC heap before
{Heap before GC invocations=53 (full 0):
 garbage-first heap   total 253952K, used 156960K [0x0000000080000000, 0x0000000100000000)
  region size 1024K, 67 young (68608K), 1 survivors (1024K)
 Metaspace       used 94399K, capacity 96807K, committed 96976K, reserved 1134592K
  class space    used 11908K, capacity 12831K, committed 12928K, reserved 1048576K
}
Event: 17.926 GC heap after
{Heap after GC invocations=54 (full 0):
 garbage-first heap   total 253952K, used 103659K [0x0000000080000000, 0x0000000100000000)
  region size 1024K, 9 young (9216K), 9 survivors (9216K)
 Metaspace       used 94399K, capacity 96807K, committed 96976K, reserved 1134592K
  class space    used 11908K, capacity 12831K, committed 12928K, reserved 1048576K
}
Event: 18.432 GC heap before
{Heap before GC invocations=54 (full 0):
 garbage-first heap   total 253952K, used 172267K [0x0000000080000000, 0x0000000100000000)
  region size 1024K, 77 young (78848K), 9 survivors (9216K)
 Metaspace       used 98689K, capacity 101661K, committed 101968K, reserved 1138688K
  class space    used 12634K, capacity 13770K, committed 13824K, reserved 1048576K
}
Event: 18.444 GC heap after
{Heap after GC invocations=55 (full 0):
 garbage-first heap   total 253952K, used 113278K [0x0000000080000000, 0x0000000100000000)
  region size 1024K, 10 young (10240K), 10 survivors (10240K)
 Metaspace       used 98689K, capacity 101661K, committed 101968K, reserved 1138688K
  class space    used 12634K, capacity 13770K, committed 13824K, reserved 1048576K
}
Event: 18.632 GC heap before
{Heap before GC invocations=55 (full 0):
 garbage-first heap   total 253952K, used 179838K [0x0000000080000000, 0x0000000100000000)
  region size 1024K, 75 young (76800K), 10 survivors (10240K)
 Metaspace       used 100707K, capacity 104030K, committed 104144K, reserved 1138688K
  class space    used 13066K, capacity 14460K, committed 14464K, reserved 1048576K
}
Event: 18.649 GC heap after
{Heap after GC invocations=56 (full 0):
 garbage-first heap   total 253952K, used 124030K [0x0000000080000000, 0x0000000100000000)
  region size 1024K, 10 young (10240K), 10 survivors (10240K)
 Metaspace       used 100707K, capacity 104030K, committed 104144K, reserved 1138688K
  class space    used 13066K, capacity 14460K, committed 14464K, reserved 1048576K
}
Event: 18.734 GC heap before
{Heap before GC invocations=56 (full 0):
 garbage-first heap   total 253952K, used 185470K [0x0000000080000000, 0x0000000100000000)
  region size 1024K, 70 young (71680K), 10 survivors (10240K)
 Metaspace       used 101361K, capacity 104891K, committed 105168K, reserved 1140736K
  class space    used 13225K, capacity 14684K, committed 14720K, reserved 1048576K
}
Event: 18.758 GC heap after
{Heap after GC invocations=57 (full 0):
 garbage-first heap   total 337920K, used 136549K [0x0000000080000000, 0x0000000100000000)
  region size 1024K, 9 young (9216K), 9 survivors (9216K)
 Metaspace       used 101361K, capacity 104891K, committed 105168K, reserved 1140736K
  class space    used 13225K, capacity 14684K, committed 14720K, reserved 1048576K
}
Event: 18.989 GC heap before
{Heap before GC invocations=58 (full 0):
 garbage-first heap   total 337920K, used 220517K [0x0000000080000000, 0x0000000100000000)
  region size 1024K, 91 young (93184K), 9 survivors (9216K)
 Metaspace       used 101456K, capacity 104537K, committed 105808K, reserved 1140736K
  class space    used 13126K, capacity 14402K, committed 14848K, reserved 1048576K
}
Event: 19.012 GC heap after
{Heap after GC invocations=59 (full 0):
 garbage-first heap   total 337920K, used 151552K [0x0000000080000000, 0x0000000100000000)
  region size 1024K, 12 young (12288K), 12 survivors (12288K)
 Metaspace       used 101456K, capacity 104537K, committed 105808K, reserved 1140736K
  class space    used 13126K, capacity 14402K, committed 14848K, reserved 1048576K
}
Event: 19.326 GC heap before
{Heap before GC invocations=59 (full 0):
 garbage-first heap   total 337920K, used 237568K [0x0000000080000000, 0x0000000100000000)
  region size 1024K, 97 young (99328K), 12 survivors (12288K)
 Metaspace       used 104336K, capacity 107685K, committed 108240K, reserved 1142784K
  class space    used 13701K, capacity 15075K, committed 15232K, reserved 1048576K
}
Event: 19.344 GC heap after
{Heap after GC invocations=60 (full 0):
 garbage-first heap   total 337920K, used 161906K [0x0000000080000000, 0x0000000100000000)
  region size 1024K, 9 young (9216K), 9 survivors (9216K)
 Metaspace       used 104336K, capacity 107685K, committed 108240K, reserved 1142784K
  class space    used 13701K, capacity 15075K, committed 15232K, reserved 1048576K
}
Event: 19.572 GC heap before
{Heap before GC invocations=60 (full 0):
 garbage-first heap   total 337920K, used 247922K [0x0000000080000000, 0x0000000100000000)
  region size 1024K, 94 young (96256K), 9 survivors (9216K)
 Metaspace       used 106098K, capacity 109787K, committed 109904K, reserved 1144832K
  class space    used 14001K, capacity 15527K, committed 15616K, reserved 1048576K
}
Event: 19.588 GC heap after
{Heap after GC invocations=61 (full 0):
 garbage-first heap   total 337920K, used 163386K [0x0000000080000000, 0x0000000100000000)
  region size 1024K, 2 young (2048K), 2 survivors (2048K)
 Metaspace       used 106098K, capacity 109787K, committed 109904K, reserved 1144832K
  class space    used 14001K, capacity 15527K, committed 15616K, reserved 1048576K
}
Event: 19.872 GC heap before
{Heap before GC invocations=62 (full 0):
 garbage-first heap   total 337920K, used 253498K [0x0000000080000000, 0x0000000100000000)
  region size 1024K, 91 young (93184K), 2 survivors (2048K)
 Metaspace       used 106058K, capacity 109447K, committed 110800K, reserved 1144832K
  class space    used 13803K, capacity 15111K, committed 15744K, reserved 1048576K
}

