# JRE version: OpenJDK Runtime Environment (11.0.13) (build 11.0.13+0-b1751.21-8125866)
# Java VM: OpenJDK 64-Bit Server VM (11.0.13+0-b1751.21-8125866, mixed mode, tiered, compressed oops, g1 gc, windows-amd64)
Heap:
 garbage-first heap   total 612352K, used 257024K [0x0000000080000000, 0x0000000100000000)
  region size 1024K, 9 young (9216K), 9 survivors (9216K)
 Metaspace       used 125411K, capacity 129367K, committed 129968K, reserved 1163264K
  class space    used 15467K, capacity 16949K, committed 17152K, reserved 1048576K
GC Heap History (20 events):
Event: 1131.066 GC heap after
{Heap after GC invocations=119 (full 0):
 garbage-first heap   total 248832K, used 207065K [0x0000000080000000, 0x0000000100000000)
  region size 1024K, 2 young (2048K), 2 survivors (2048K)
 Metaspace       used 116692K, capacity 120293K, committed 120624K, reserved 1155072K
  class space    used 14273K, capacity 15607K, committed 15744K, reserved 1048576K
}
Event: 1131.253 GC heap before
{Heap before GC invocations=119 (full 0):
 garbage-first heap   total 248832K, used 219353K [0x0000000080000000, 0x0000000100000000)
  region size 1024K, 12 young (12288K), 2 survivors (2048K)
 Metaspace       used 117411K, capacity 121016K, committed 121264K, reserved 1155072K
  class space    used 14373K, capacity 15692K, committed 15872K, reserved 1048576K
}
Event: 1131.262 GC heap after
{Heap after GC invocations=120 (full 0):
 garbage-first heap   total 248832K, used 184955K [0x0000000080000000, 0x0000000100000000)
  region size 1024K, 1 young (1024K), 1 survivors (1024K)
 Metaspace       used 117411K, capacity 121016K, committed 121264K, reserved 1155072K
  class space    used 14373K, capacity 15692K, committed 15872K, reserved 1048576K
}
Event: 1131.448 GC heap before
{Heap before GC invocations=120 (full 0):
 garbage-first heap   total 248832K, used 196219K [0x0000000080000000, 0x0000000100000000)
  region size 1024K, 12 young (12288K), 1 survivors (1024K)
 Metaspace       used 117834K, capacity 121421K, committed 121776K, reserved 1155072K
  class space    used 14415K, capacity 15763K, committed 15872K, reserved 1048576K
}
Event: 1131.455 GC heap after
{Heap after GC invocations=121 (full 0):
 garbage-first heap   total 314368K, used 182005K [0x0000000080000000, 0x0000000100000000)
  region size 1024K, 2 young (2048K), 2 survivors (2048K)
 Metaspace       used 117834K, capacity 121421K, committed 121776K, reserved 1155072K
  class space    used 14415K, capacity 15763K, committed 15872K, reserved 1048576K
}
Event: 1131.983 GC heap before
{Heap before GC invocations=121 (full 0):
 garbage-first heap   total 314368K, used 227061K [0x0000000080000000, 0x0000000100000000)
  region size 1024K, 47 young (48128K), 2 survivors (2048K)
 Metaspace       used 120770K, capacity 124435K, committed 124720K, reserved 1157120K
  class space    used 14796K, capacity 16149K, committed 16256K, reserved 1048576K
}
Event: 1131.990 GC heap after
{Heap after GC invocations=122 (full 0):
 garbage-first heap   total 314368K, used 183001K [0x0000000080000000, 0x0000000100000000)
  region size 1024K, 3 young (3072K), 3 survivors (3072K)
 Metaspace       used 120770K, capacity 124435K, committed 124720K, reserved 1157120K
  class space    used 14796K, capacity 16149K, committed 16256K, reserved 1048576K
}
Event: 1132.354 GC heap before
{Heap before GC invocations=123 (full 0):
 garbage-first heap   total 314368K, used 224985K [0x0000000080000000, 0x0000000100000000)
  region size 1024K, 52 young (53248K), 3 survivors (3072K)
 Metaspace       used 121149K, capacity 124857K, committed 125104K, reserved 1159168K
  class space    used 14840K, capacity 16224K, committed 16384K, reserved 1048576K
}
Event: 1132.361 GC heap after
{Heap after GC invocations=124 (full 0):
 garbage-first heap   total 314368K, used 179174K [0x0000000080000000, 0x0000000100000000)
  region size 1024K, 6 young (6144K), 6 survivors (6144K)
 Metaspace       used 121149K, capacity 124857K, committed 125104K, reserved 1159168K
  class space    used 14840K, capacity 16224K, committed 16384K, reserved 1048576K
}
Event: 1132.433 GC heap before
{Heap before GC invocations=124 (full 0):
 garbage-first heap   total 314368K, used 187366K [0x0000000080000000, 0x0000000100000000)
  region size 1024K, 15 young (15360K), 6 survivors (6144K)
 Metaspace       used 121426K, capacity 125201K, committed 125360K, reserved 1159168K
  class space    used 14904K, capacity 16298K, committed 16384K, reserved 1048576K
}
Event: 1132.445 GC heap after
{Heap after GC invocations=125 (full 0):
 garbage-first heap   total 314368K, used 178134K [0x0000000080000000, 0x0000000100000000)
  region size 1024K, 2 young (2048K), 2 survivors (2048K)
 Metaspace       used 121426K, capacity 125201K, committed 125360K, reserved 1159168K
  class space    used 14904K, capacity 16298K, committed 16384K, reserved 1048576K
}
Event: 1132.571 GC heap before
{Heap before GC invocations=125 (full 0):
 garbage-first heap   total 314368K, used 235478K [0x0000000080000000, 0x0000000100000000)
  region size 1024K, 59 young (60416K), 2 survivors (2048K)
 Metaspace       used 121982K, capacity 125864K, committed 126000K, reserved 1159168K
  class space    used 14996K, capacity 16433K, committed 16512K, reserved 1048576K
}
Event: 1132.584 GC heap after
{Heap after GC invocations=126 (full 0):
 garbage-first heap   total 386048K, used 195442K [0x0000000080000000, 0x0000000100000000)
  region size 1024K, 8 young (8192K), 8 survivors (8192K)
 Metaspace       used 121982K, capacity 125864K, committed 126000K, reserved 1159168K
  class space    used 14996K, capacity 16433K, committed 16512K, reserved 1048576K
}
Event: 1133.234 GC heap before
{Heap before GC invocations=127 (full 0):
 garbage-first heap   total 386048K, used 294770K [0x0000000080000000, 0x0000000100000000)
  region size 1024K, 106 young (108544K), 8 survivors (8192K)
 Metaspace       used 124527K, capacity 128494K, committed 128688K, reserved 1161216K
  class space    used 15350K, capacity 16849K, committed 16896K, reserved 1048576K
}
Event: 1133.252 GC heap after
{Heap after GC invocations=128 (full 0):
 garbage-first heap   total 386048K, used 217372K [0x0000000080000000, 0x0000000100000000)
  region size 1024K, 14 young (14336K), 14 survivors (14336K)
 Metaspace       used 124527K, capacity 128494K, committed 128688K, reserved 1161216K
  class space    used 15350K, capacity 16849K, committed 16896K, reserved 1048576K
}
Event: 1133.372 GC heap before
{Heap before GC invocations=128 (full 0):
 garbage-first heap   total 386048K, used 288028K [0x0000000080000000, 0x0000000100000000)
  region size 1024K, 84 young (86016K), 14 survivors (14336K)
 Metaspace       used 125070K, capacity 129077K, committed 129328K, reserved 1161216K
  class space    used 15435K, capacity 16949K, committed 17024K, reserved 1048576K
}
Event: 1133.399 GC heap after
{Heap after GC invocations=129 (full 0):
 garbage-first heap   total 386048K, used 228852K [0x0000000080000000, 0x0000000100000000)
  region size 1024K, 11 young (11264K), 11 survivors (11264K)
 Metaspace       used 125070K, capacity 129077K, committed 129328K, reserved 1161216K
  class space    used 15435K, capacity 16949K, committed 17024K, reserved 1048576K
}
Event: 1133.519 GC heap before
{Heap before GC invocations=129 (full 0):
 garbage-first heap   total 386048K, used 297460K [0x0000000080000000, 0x0000000100000000)
  region size 1024K, 78 young (79872K), 11 survivors (11264K)
 Metaspace       used 125202K, capacity 129285K, committed 129328K, reserved 1161216K
  class space    used 15470K, capacity 16998K, committed 17024K, reserved 1048576K
}
Event: 1133.540 GC heap after
{Heap after GC invocations=130 (full 0):
 garbage-first heap   total 386048K, used 243712K [0x0000000080000000, 0x0000000100000000)
  region size 1024K, 10 young (10240K), 10 survivors (10240K)
 Metaspace       used 125202K, capacity 129285K, committed 129328K, reserved 1161216K
  class space    used 15470K, capacity 16998K, committed 17024K, reserved 1048576K
}
Event: 1133.686 GC heap before
{Heap before GC invocations=131 (full 0):
 garbage-first heap   total 386048K, used 307200K [0x0000000080000000, 0x0000000100000000)
  region size 1024K, 72 young (73728K), 10 survivors (10240K)
 Metaspace       used 125411K, capacity 129367K, committed 129968K, reserved 1163264K
  class space    used 15467K, capacity 16949K, committed 17152K, reserved 1048576K
}

