# JRE version: OpenJDK Runtime Environment (11.0.13) (build 11.0.13+0-b1751.21-8125866)
# Java VM: OpenJDK 64-Bit Server VM (11.0.13+0-b1751.21-8125866, mixed mode, tiered, compressed oops, g1 gc, windows-amd64)
Heap:
 garbage-first heap   total 589824K, used 209829K [0x0000000080000000, 0x0000000100000000)
  region size 1024K, 5 young (5120K), 5 survivors (5120K)
 Metaspace       used 113295K, capacity 116556K, committed 116656K, reserved 1150976K
  class space    used 14135K, capacity 15320K, committed 15360K, reserved 1048576K
GC Heap History (20 events):
Event: 45.417 GC heap after
{Heap after GC invocations=91 (full 0):
 garbage-first heap   total 211968K, used 165001K [0x0000000080000000, 0x0000000100000000)
  region size 1024K, 1 young (1024K), 1 survivors (1024K)
 Metaspace       used 108101K, capacity 111218K, committed 111408K, reserved 1146880K
  class space    used 13451K, capacity 14584K, committed 14720K, reserved 1048576K
}
Event: 45.750 GC heap before
{Heap before GC invocations=92 (full 0):
 garbage-first heap   total 211968K, used 183433K [0x0000000080000000, 0x0000000100000000)
  region size 1024K, 20 young (20480K), 1 survivors (1024K)
 Metaspace       used 109380K, capacity 112466K, committed 112944K, reserved 1146880K
  class space    used 13599K, capacity 14744K, committed 14976K, reserved 1048576K
}
Event: 45.754 GC heap after
{Heap after GC invocations=93 (full 0):
 garbage-first heap   total 211968K, used 166308K [0x0000000080000000, 0x0000000100000000)
  region size 1024K, 2 young (2048K), 2 survivors (2048K)
 Metaspace       used 109380K, capacity 112466K, committed 112944K, reserved 1146880K
  class space    used 13599K, capacity 14744K, committed 14976K, reserved 1048576K
}
Event: 45.856 GC heap before
{Heap before GC invocations=93 (full 0):
 garbage-first heap   total 211968K, used 174500K [0x0000000080000000, 0x0000000100000000)
  region size 1024K, 10 young (10240K), 2 survivors (2048K)
 Metaspace       used 109695K, capacity 112736K, committed 113200K, reserved 1146880K
  class space    used 13639K, capacity 14749K, committed 14976K, reserved 1048576K
}
Event: 45.897 GC heap after
{Heap after GC invocations=94 (full 0):
 garbage-first heap   total 211968K, used 167234K [0x0000000080000000, 0x0000000100000000)
  region size 1024K, 2 young (2048K), 2 survivors (2048K)
 Metaspace       used 109695K, capacity 112736K, committed 113200K, reserved 1146880K
  class space    used 13639K, capacity 14749K, committed 14976K, reserved 1048576K
}
Event: 46.071 GC heap before
{Heap before GC invocations=94 (full 0):
 garbage-first heap   total 211968K, used 182594K [0x0000000080000000, 0x0000000100000000)
  region size 1024K, 18 young (18432K), 2 survivors (2048K)
 Metaspace       used 109929K, capacity 112960K, committed 113200K, reserved 1146880K
  class space    used 13661K, capacity 14781K, committed 14976K, reserved 1048576K
}
Event: 46.078 GC heap after
{Heap after GC invocations=95 (full 0):
 garbage-first heap   total 211968K, used 168193K [0x0000000080000000, 0x0000000100000000)
  region size 1024K, 3 young (3072K), 3 survivors (3072K)
 Metaspace       used 109929K, capacity 112960K, committed 113200K, reserved 1146880K
  class space    used 13661K, capacity 14781K, committed 14976K, reserved 1048576K
}
Event: 46.272 GC heap before
{Heap before GC invocations=96 (full 0):
 garbage-first heap   total 211968K, used 182529K [0x0000000080000000, 0x0000000100000000)
  region size 1024K, 18 young (18432K), 3 survivors (3072K)
 Metaspace       used 109934K, capacity 112962K, committed 113200K, reserved 1146880K
  class space    used 13661K, capacity 14781K, committed 14976K, reserved 1048576K
}
Event: 46.278 GC heap after
{Heap after GC invocations=97 (full 0):
 garbage-first heap   total 211968K, used 168813K [0x0000000080000000, 0x0000000100000000)
  region size 1024K, 2 young (2048K), 2 survivors (2048K)
 Metaspace       used 109934K, capacity 112962K, committed 113200K, reserved 1146880K
  class space    used 13661K, capacity 14781K, committed 14976K, reserved 1048576K
}
Event: 46.353 GC heap before
{Heap before GC invocations=97 (full 0):
 garbage-first heap   total 211968K, used 177005K [0x0000000080000000, 0x0000000100000000)
  region size 1024K, 10 young (10240K), 2 survivors (2048K)
 Metaspace       used 109946K, capacity 112967K, committed 113200K, reserved 1146880K
  class space    used 13661K, capacity 14781K, committed 14976K, reserved 1048576K
}
Event: 46.361 GC heap after
{Heap after GC invocations=98 (full 0):
 garbage-first heap   total 211968K, used 168871K [0x0000000080000000, 0x0000000100000000)
  region size 1024K, 2 young (2048K), 2 survivors (2048K)
 Metaspace       used 109946K, capacity 112967K, committed 113200K, reserved 1146880K
  class space    used 13661K, capacity 14781K, committed 14976K, reserved 1048576K
}
Event: 46.538 GC heap before
{Heap before GC invocations=98 (full 0):
 garbage-first heap   total 211968K, used 184231K [0x0000000080000000, 0x0000000100000000)
  region size 1024K, 18 young (18432K), 2 survivors (2048K)
 Metaspace       used 110370K, capacity 113392K, committed 113712K, reserved 1148928K
  class space    used 13732K, capacity 14858K, committed 14976K, reserved 1048576K
}
Event: 46.546 GC heap after
{Heap after GC invocations=99 (full 0):
 garbage-first heap   total 282624K, used 171699K [0x0000000080000000, 0x0000000100000000)
  region size 1024K, 3 young (3072K), 3 survivors (3072K)
 Metaspace       used 110370K, capacity 113392K, committed 113712K, reserved 1148928K
  class space    used 13732K, capacity 14858K, committed 14976K, reserved 1048576K
}
Event: 46.938 GC heap before
{Heap before GC invocations=99 (full 0):
 garbage-first heap   total 282624K, used 224947K [0x0000000080000000, 0x0000000100000000)
  region size 1024K, 56 young (57344K), 3 survivors (3072K)
 Metaspace       used 111319K, capacity 114452K, committed 114608K, reserved 1148928K
  class space    used 13885K, capacity 15072K, committed 15104K, reserved 1048576K
}
Event: 47.025 GC heap after
{Heap after GC invocations=100 (full 0):
 garbage-first heap   total 282624K, used 185849K [0x0000000080000000, 0x0000000100000000)
  region size 1024K, 7 young (7168K), 7 survivors (7168K)
 Metaspace       used 111319K, capacity 114452K, committed 114608K, reserved 1148928K
  class space    used 13885K, capacity 15072K, committed 15104K, reserved 1048576K
}
Event: 47.311 GC heap before
{Heap before GC invocations=100 (full 0):
 garbage-first heap   total 282624K, used 227833K [0x0000000080000000, 0x0000000100000000)
  region size 1024K, 49 young (50176K), 7 survivors (7168K)
 Metaspace       used 112151K, capacity 115379K, committed 115504K, reserved 1148928K
  class space    used 13994K, capacity 15187K, committed 15232K, reserved 1048576K
}
Event: 47.347 GC heap after
{Heap after GC invocations=101 (full 0):
 garbage-first heap   total 282624K, used 195792K [0x0000000080000000, 0x0000000100000000)
  region size 1024K, 7 young (7168K), 7 survivors (7168K)
 Metaspace       used 112151K, capacity 115379K, committed 115504K, reserved 1148928K
  class space    used 13994K, capacity 15187K, committed 15232K, reserved 1048576K
}
Event: 47.524 GC heap before
{Heap before GC invocations=101 (full 0):
 garbage-first heap   total 282624K, used 231632K [0x0000000080000000, 0x0000000100000000)
  region size 1024K, 43 young (44032K), 7 survivors (7168K)
 Metaspace       used 112958K, capacity 116198K, committed 116400K, reserved 1150976K
  class space    used 14089K, capacity 15287K, committed 15360K, reserved 1048576K
}
Event: 47.535 GC heap after
{Heap after GC invocations=102 (full 0):
 garbage-first heap   total 282624K, used 202277K [0x0000000080000000, 0x0000000100000000)
  region size 1024K, 6 young (6144K), 6 survivors (6144K)
 Metaspace       used 112958K, capacity 116198K, committed 116400K, reserved 1150976K
  class space    used 14089K, capacity 15287K, committed 15360K, reserved 1048576K
}
Event: 47.624 GC heap before
{Heap before GC invocations=102 (full 0):
 garbage-first heap   total 282624K, used 234021K [0x0000000080000000, 0x0000000100000000)
  region size 1024K, 38 young (38912K), 6 survivors (6144K)
 Metaspace       used 113295K, capacity 116556K, committed 116656K, reserved 1150976K
  class space    used 14135K, capacity 15320K, committed 15360K, reserved 1048576K
}

