# JRE version: OpenJDK Runtime Environment (11.0.13) (build 11.0.13+0-b1751.21-8125866)
# Java VM: OpenJDK 64-Bit Server VM (11.0.13+0-b1751.21-8125866, mixed mode, tiered, compressed oops, g1 gc, windows-amd64)
Heap:
 garbage-first heap   total 201728K, used 128370K [0x0000000080000000, 0x0000000100000000)
  region size 1024K, 2 young (2048K), 2 survivors (2048K)
 Metaspace       used 86194K, capacity 88471K, committed 89936K, reserved 1126400K
  class space    used 10893K, capacity 11761K, committed 12288K, reserved 1048576K
GC Heap History (20 events):
Event: 15.170 GC heap after
{Heap after GC invocations=33 (full 0):
 garbage-first heap   total 115712K, used 71394K [0x0000000080000000, 0x0000000100000000)
  region size 1024K, 2 young (2048K), 2 survivors (2048K)
 Metaspace       used 84053K, capacity 86591K, committed 86736K, reserved 1124352K
  class space    used 10853K, capacity 11794K, committed 11904K, reserved 1048576K
}
Event: 15.375 GC heap before
{Heap before GC invocations=34 (full 0):
 garbage-first heap   total 115712K, used 94946K [0x0000000080000000, 0x0000000100000000)
  region size 1024K, 26 young (26624K), 2 survivors (2048K)
 Metaspace       used 84499K, capacity 87034K, committed 87248K, reserved 1124352K
  class space    used 10929K, capacity 11878K, committed 11904K, reserved 1048576K
}
Event: 15.380 GC heap after
{Heap after GC invocations=35 (full 0):
 garbage-first heap   total 139264K, used 72313K [0x0000000080000000, 0x0000000100000000)
  region size 1024K, 3 young (3072K), 3 survivors (3072K)
 Metaspace       used 84499K, capacity 87034K, committed 87248K, reserved 1124352K
  class space    used 10929K, capacity 11878K, committed 11904K, reserved 1048576K
}
Event: 15.876 GC heap before
{Heap before GC invocations=35 (full 0):
 garbage-first heap   total 139264K, used 104057K [0x0000000080000000, 0x0000000100000000)
  region size 1024K, 35 young (35840K), 3 survivors (3072K)
 Metaspace       used 84800K, capacity 87388K, committed 87632K, reserved 1124352K
  class space    used 10941K, capacity 11923K, committed 12032K, reserved 1048576K
}
Event: 15.881 GC heap after
{Heap after GC invocations=36 (full 0):
 garbage-first heap   total 139264K, used 73831K [0x0000000080000000, 0x0000000100000000)
  region size 1024K, 3 young (3072K), 3 survivors (3072K)
 Metaspace       used 84800K, capacity 87388K, committed 87632K, reserved 1124352K
  class space    used 10941K, capacity 11923K, committed 12032K, reserved 1048576K
}
Event: 16.838 GC heap before
{Heap before GC invocations=37 (full 0):
 garbage-first heap   total 139264K, used 105575K [0x0000000080000000, 0x0000000100000000)
  region size 1024K, 35 young (35840K), 3 survivors (3072K)
 Metaspace       used 85167K, capacity 87846K, committed 88144K, reserved 1126400K
  class space    used 10952K, capacity 11957K, committed 12032K, reserved 1048576K
}
Event: 16.844 GC heap after
{Heap after GC invocations=38 (full 0):
 garbage-first heap   total 139264K, used 75992K [0x0000000080000000, 0x0000000100000000)
  region size 1024K, 4 young (4096K), 4 survivors (4096K)
 Metaspace       used 85167K, capacity 87846K, committed 88144K, reserved 1126400K
  class space    used 10952K, capacity 11957K, committed 12032K, reserved 1048576K
}
Event: 17.097 GC heap before
{Heap before GC invocations=38 (full 0):
 garbage-first heap   total 139264K, used 88280K [0x0000000080000000, 0x0000000100000000)
  region size 1024K, 18 young (18432K), 4 survivors (4096K)
 Metaspace       used 85626K, capacity 88302K, committed 88528K, reserved 1126400K
  class space    used 11026K, capacity 12042K, committed 12160K, reserved 1048576K
}
Event: 17.104 GC heap after
{Heap after GC invocations=39 (full 0):
 garbage-first heap   total 139264K, used 76651K [0x0000000080000000, 0x0000000100000000)
  region size 1024K, 3 young (3072K), 3 survivors (3072K)
 Metaspace       used 85626K, capacity 88302K, committed 88528K, reserved 1126400K
  class space    used 11026K, capacity 12042K, committed 12160K, reserved 1048576K
}
Event: 17.443 GC heap before
{Heap before GC invocations=40 (full 0):
 garbage-first heap   total 139264K, used 108395K [0x0000000080000000, 0x0000000100000000)
  region size 1024K, 32 young (32768K), 3 survivors (3072K)
 Metaspace       used 85453K, capacity 87618K, committed 89040K, reserved 1126400K
  class space    used 10844K, capacity 11691K, committed 12160K, reserved 1048576K
}
Event: 17.453 GC heap after
{Heap after GC invocations=41 (full 0):
 garbage-first heap   total 139264K, used 97195K [0x0000000080000000, 0x0000000100000000)
  region size 1024K, 4 young (4096K), 4 survivors (4096K)
 Metaspace       used 85453K, capacity 87618K, committed 89040K, reserved 1126400K
  class space    used 10844K, capacity 11691K, committed 12160K, reserved 1048576K
}
Event: 17.553 GC heap before
{Heap before GC invocations=41 (full 0):
 garbage-first heap   total 139264K, used 111531K [0x0000000080000000, 0x0000000100000000)
  region size 1024K, 18 young (18432K), 4 survivors (4096K)
 Metaspace       used 85606K, capacity 87780K, committed 89040K, reserved 1126400K
  class space    used 10864K, capacity 11724K, committed 12160K, reserved 1048576K
}
Event: 17.566 GC heap after
{Heap after GC invocations=42 (full 0):
 garbage-first heap   total 167936K, used 104972K [0x0000000080000000, 0x0000000100000000)
  region size 1024K, 3 young (3072K), 3 survivors (3072K)
 Metaspace       used 85606K, capacity 87780K, committed 89040K, reserved 1126400K
  class space    used 10864K, capacity 11724K, committed 12160K, reserved 1048576K
}
Event: 18.494 GC heap before
{Heap before GC invocations=43 (full 0):
 garbage-first heap   total 167936K, used 125452K [0x0000000080000000, 0x0000000100000000)
  region size 1024K, 23 young (23552K), 3 survivors (3072K)
 Metaspace       used 86070K, capacity 88343K, committed 89680K, reserved 1126400K
  class space    used 10893K, capacity 11761K, committed 12288K, reserved 1048576K
}
Event: 18.503 GC heap after
{Heap after GC invocations=44 (full 0):
 garbage-first heap   total 167936K, used 107524K [0x0000000080000000, 0x0000000100000000)
  region size 1024K, 3 young (3072K), 3 survivors (3072K)
 Metaspace       used 86070K, capacity 88343K, committed 89680K, reserved 1126400K
  class space    used 10893K, capacity 11761K, committed 12288K, reserved 1048576K
}
Event: 18.692 GC heap before
{Heap before GC invocations=44 (full 0):
 garbage-first heap   total 167936K, used 126980K [0x0000000080000000, 0x0000000100000000)
  region size 1024K, 23 young (23552K), 3 survivors (3072K)
 Metaspace       used 86083K, capacity 88343K, committed 89680K, reserved 1126400K
  class space    used 10893K, capacity 11761K, committed 12288K, reserved 1048576K
}
Event: 18.702 GC heap after
{Heap after GC invocations=45 (full 0):
 garbage-first heap   total 167936K, used 119808K [0x0000000080000000, 0x0000000100000000)
  region size 1024K, 3 young (3072K), 3 survivors (3072K)
 Metaspace       used 86083K, capacity 88343K, committed 89680K, reserved 1126400K
  class space    used 10893K, capacity 11761K, committed 12288K, reserved 1048576K
}
Event: 18.876 GC heap before
{Heap before GC invocations=46 (full 0):
 garbage-first heap   total 167936K, used 132096K [0x0000000080000000, 0x0000000100000000)
  region size 1024K, 17 young (17408K), 3 survivors (3072K)
 Metaspace       used 86113K, capacity 88343K, committed 89680K, reserved 1126400K
  class space    used 10893K, capacity 11761K, committed 12288K, reserved 1048576K
}
Event: 18.881 GC heap after
{Heap after GC invocations=47 (full 0):
 garbage-first heap   total 167936K, used 125113K [0x0000000080000000, 0x0000000100000000)
  region size 1024K, 3 young (3072K), 3 survivors (3072K)
 Metaspace       used 86113K, capacity 88343K, committed 89680K, reserved 1126400K
  class space    used 10893K, capacity 11761K, committed 12288K, reserved 1048576K
}
Event: 19.061 GC heap before
{Heap before GC invocations=47 (full 0):
 garbage-first heap   total 167936K, used 135353K [0x0000000080000000, 0x0000000100000000)
  region size 1024K, 14 young (14336K), 3 survivors (3072K)
 Metaspace       used 86194K, capacity 88471K, committed 89936K, reserved 1126400K
  class space    used 10893K, capacity 11761K, committed 12288K, reserved 1048576K
}

