# JRE version: OpenJDK Runtime Environment (11.0.13) (build 11.0.13+0-b1751.21-8125866)
# Java VM: OpenJDK 64-Bit Server VM (11.0.13+0-b1751.21-8125866, mixed mode, tiered, compressed oops, g1 gc, windows-amd64)
Heap:
 garbage-first heap   total 96256K, used 62288K [0x0000000080000000, 0x0000000100000000)
  region size 1024K, 23 young (23552K), 5 survivors (5120K)
 Metaspace       used 53288K, capacity 54841K, committed 55120K, reserved 1097728K
  class space    used 6730K, capacity 7304K, committed 7424K, reserved 1048576K
GC Heap History (20 events):
Event: 3.842 GC heap before
{Heap before GC invocations=5 (full 0):
 garbage-first heap   total 96256K, used 52506K [0x0000000080000000, 0x0000000100000000)
  region size 1024K, 37 young (37888K), 3 survivors (3072K)
 Metaspace       used 24120K, capacity 24619K, committed 24752K, reserved 1071104K
  class space    used 3046K, capacity 3238K, committed 3328K, reserved 1048576K
}
Event: 3.845 GC heap after
{Heap after GC invocations=6 (full 0):
 garbage-first heap   total 96256K, used 18862K [0x0000000080000000, 0x0000000100000000)
  region size 1024K, 2 young (2048K), 2 survivors (2048K)
 Metaspace       used 24120K, capacity 24619K, committed 24752K, reserved 1071104K
  class space    used 3046K, capacity 3238K, committed 3328K, reserved 1048576K
}
Event: 4.406 GC heap before
{Heap before GC invocations=6 (full 0):
 garbage-first heap   total 96256K, used 55726K [0x0000000080000000, 0x0000000100000000)
  region size 1024K, 38 young (38912K), 2 survivors (2048K)
 Metaspace       used 27646K, capacity 28236K, committed 28464K, reserved 1073152K
  class space    used 3609K, capacity 3873K, committed 3968K, reserved 1048576K
}
Event: 4.409 GC heap after
{Heap after GC invocations=7 (full 0):
 garbage-first heap   total 96256K, used 20182K [0x0000000080000000, 0x0000000100000000)
  region size 1024K, 3 young (3072K), 3 survivors (3072K)
 Metaspace       used 27646K, capacity 28236K, committed 28464K, reserved 1073152K
  class space    used 3609K, capacity 3873K, committed 3968K, reserved 1048576K
}
Event: 5.383 GC heap before
{Heap before GC invocations=7 (full 0):
 garbage-first heap   total 96256K, used 59094K [0x0000000080000000, 0x0000000100000000)
  region size 1024K, 41 young (41984K), 3 survivors (3072K)
 Metaspace       used 34821K, capacity 35583K, committed 35760K, reserved 1081344K
  class space    used 4458K, capacity 4793K, committed 4864K, reserved 1048576K
}
Event: 5.387 GC heap after
{Heap after GC invocations=8 (full 0):
 garbage-first heap   total 96256K, used 23124K [0x0000000080000000, 0x0000000100000000)
  region size 1024K, 6 young (6144K), 6 survivors (6144K)
 Metaspace       used 34821K, capacity 35583K, committed 35760K, reserved 1081344K
  class space    used 4458K, capacity 4793K, committed 4864K, reserved 1048576K
}
Event: 5.412 GC heap before
{Heap before GC invocations=8 (full 0):
 garbage-first heap   total 96256K, used 24148K [0x0000000080000000, 0x0000000100000000)
  region size 1024K, 8 young (8192K), 6 survivors (6144K)
 Metaspace       used 35025K, capacity 35794K, committed 35920K, reserved 1081344K
  class space    used 4483K, capacity 4799K, committed 4864K, reserved 1048576K
}
Event: 5.419 GC heap after
{Heap after GC invocations=9 (full 0):
 garbage-first heap   total 96256K, used 23394K [0x0000000080000000, 0x0000000100000000)
  region size 1024K, 4 young (4096K), 4 survivors (4096K)
 Metaspace       used 35025K, capacity 35794K, committed 35920K, reserved 1081344K
  class space    used 4483K, capacity 4799K, committed 4864K, reserved 1048576K
}
Event: 5.773 GC heap before
{Heap before GC invocations=10 (full 0):
 garbage-first heap   total 96256K, used 58210K [0x0000000080000000, 0x0000000100000000)
  region size 1024K, 38 young (38912K), 4 survivors (4096K)
 Metaspace       used 37632K, capacity 38475K, committed 38608K, reserved 1083392K
  class space    used 4801K, capacity 5135K, committed 5248K, reserved 1048576K
}
Event: 5.778 GC heap after
{Heap after GC invocations=11 (full 0):
 garbage-first heap   total 96256K, used 26601K [0x0000000080000000, 0x0000000100000000)
  region size 1024K, 4 young (4096K), 4 survivors (4096K)
 Metaspace       used 37632K, capacity 38475K, committed 38608K, reserved 1083392K
  class space    used 4801K, capacity 5135K, committed 5248K, reserved 1048576K
}
Event: 6.288 GC heap before
{Heap before GC invocations=11 (full 0):
 garbage-first heap   total 96256K, used 65513K [0x0000000080000000, 0x0000000100000000)
  region size 1024K, 39 young (39936K), 4 survivors (4096K)
 Metaspace       used 42130K, capacity 43110K, committed 43344K, reserved 1087488K
  class space    used 5270K, capacity 5626K, committed 5632K, reserved 1048576K
}
Event: 6.292 GC heap after
{Heap after GC invocations=12 (full 0):
 garbage-first heap   total 96256K, used 27416K [0x0000000080000000, 0x0000000100000000)
  region size 1024K, 2 young (2048K), 2 survivors (2048K)
 Metaspace       used 42130K, capacity 43110K, committed 43344K, reserved 1087488K
  class space    used 5270K, capacity 5626K, committed 5632K, reserved 1048576K
}
Event: 6.662 GC heap before
{Heap before GC invocations=12 (full 0):
 garbage-first heap   total 96256K, used 65304K [0x0000000080000000, 0x0000000100000000)
  region size 1024K, 39 young (39936K), 2 survivors (2048K)
 Metaspace       used 44121K, capacity 45217K, committed 45520K, reserved 1089536K
  class space    used 5563K, capacity 5967K, committed 6016K, reserved 1048576K
}
Event: 6.665 GC heap after
{Heap after GC invocations=13 (full 0):
 garbage-first heap   total 96256K, used 29555K [0x0000000080000000, 0x0000000100000000)
  region size 1024K, 4 young (4096K), 4 survivors (4096K)
 Metaspace       used 44121K, capacity 45217K, committed 45520K, reserved 1089536K
  class space    used 5563K, capacity 5967K, committed 6016K, reserved 1048576K
}
Event: 7.341 GC heap before
{Heap before GC invocations=13 (full 0):
 garbage-first heap   total 96256K, used 67443K [0x0000000080000000, 0x0000000100000000)
  region size 1024K, 41 young (41984K), 4 survivors (4096K)
 Metaspace       used 46762K, capacity 47921K, committed 48208K, reserved 1091584K
  class space    used 5894K, capacity 6356K, committed 6400K, reserved 1048576K
}
Event: 7.345 GC heap after
{Heap after GC invocations=14 (full 0):
 garbage-first heap   total 96256K, used 31838K [0x0000000080000000, 0x0000000100000000)
  region size 1024K, 5 young (5120K), 5 survivors (5120K)
 Metaspace       used 46762K, capacity 47921K, committed 48208K, reserved 1091584K
  class space    used 5894K, capacity 6356K, committed 6400K, reserved 1048576K
}
Event: 7.865 GC heap before
{Heap before GC invocations=14 (full 0):
 garbage-first heap   total 96256K, used 71774K [0x0000000080000000, 0x0000000100000000)
  region size 1024K, 42 young (43008K), 5 survivors (5120K)
 Metaspace       used 47725K, capacity 49027K, committed 49104K, reserved 1091584K
  class space    used 6011K, capacity 6507K, committed 6528K, reserved 1048576K
}
Event: 7.868 GC heap after
{Heap after GC invocations=15 (full 0):
 garbage-first heap   total 96256K, used 36929K [0x0000000080000000, 0x0000000100000000)
  region size 1024K, 5 young (5120K), 5 survivors (5120K)
 Metaspace       used 47725K, capacity 49027K, committed 49104K, reserved 1091584K
  class space    used 6011K, capacity 6507K, committed 6528K, reserved 1048576K
}
Event: 8.576 GC heap before
{Heap before GC invocations=15 (full 0):
 garbage-first heap   total 96256K, used 74817K [0x0000000080000000, 0x0000000100000000)
  region size 1024K, 40 young (40960K), 5 survivors (5120K)
 Metaspace       used 50788K, capacity 52216K, committed 52432K, reserved 1095680K
  class space    used 6399K, capacity 6941K, committed 7040K, reserved 1048576K
}
Event: 8.581 GC heap after
{Heap after GC invocations=16 (full 0):
 garbage-first heap   total 96256K, used 44880K [0x0000000080000000, 0x0000000100000000)
  region size 1024K, 5 young (5120K), 5 survivors (5120K)
 Metaspace       used 50788K, capacity 52216K, committed 52432K, reserved 1095680K
  class space    used 6399K, capacity 6941K, committed 7040K, reserved 1048576K
}

