# JRE version: OpenJDK Runtime Environment (11.0.13) (build 11.0.13+0-b1751.21-8125866)
# Java VM: OpenJDK 64-Bit Server VM (11.0.13+0-b1751.21-8125866, mixed mode, tiered, compressed oops, g1 gc, windows-amd64)
Heap:
 garbage-first heap   total 96256K, used 52962K [0x0000000080000000, 0x0000000100000000)
  region size 1024K, 15 young (15360K), 6 survivors (6144K)
 Metaspace       used 51793K, capacity 53296K, committed 53456K, reserved 1095680K
  class space    used 6520K, capacity 7039K, committed 7040K, reserved 1048576K
GC Heap History (20 events):
Event: 2.623 GC heap before
{Heap before GC invocations=1 (full 0):
 garbage-first heap   total 96256K, used 63619K [0x0000000080000000, 0x0000000100000000)
  region size 1024K, 56 young (57344K), 3 survivors (3072K)
 Metaspace       used 13647K, capacity 14025K, committed 14208K, reserved 1062912K
  class space    used 1482K, capacity 1591K, committed 1664K, reserved 1048576K
}
Event: 2.629 GC heap after
{Heap after GC invocations=2 (full 0):
 garbage-first heap   total 96256K, used 14816K [0x0000000080000000, 0x0000000100000000)
  region size 1024K, 7 young (7168K), 7 survivors (7168K)
 Metaspace       used 13647K, capacity 14025K, committed 14208K, reserved 1062912K
  class space    used 1482K, capacity 1591K, committed 1664K, reserved 1048576K
}
Event: 3.873 GC heap before
{Heap before GC invocations=2 (full 0):
 garbage-first heap   total 96256K, used 59872K [0x0000000080000000, 0x0000000100000000)
  region size 1024K, 52 young (53248K), 7 survivors (7168K)
 Metaspace       used 20718K, capacity 21167K, committed 21296K, reserved 1069056K
  class space    used 2506K, capacity 2633K, committed 2688K, reserved 1048576K
}
Event: 3.881 GC heap after
{Heap after GC invocations=3 (full 0):
 garbage-first heap   total 96256K, used 17708K [0x0000000080000000, 0x0000000100000000)
  region size 1024K, 3 young (3072K), 3 survivors (3072K)
 Metaspace       used 20718K, capacity 21167K, committed 21296K, reserved 1069056K
  class space    used 2506K, capacity 2633K, committed 2688K, reserved 1048576K
}
Event: 4.753 GC heap before
{Heap before GC invocations=4 (full 0):
 garbage-first heap   total 96256K, used 65836K [0x0000000080000000, 0x0000000100000000)
  region size 1024K, 50 young (51200K), 3 survivors (3072K)
 Metaspace       used 25592K, capacity 26151K, committed 26288K, reserved 1073152K
  class space    used 3280K, capacity 3470K, committed 3584K, reserved 1048576K
}
Event: 4.756 GC heap after
{Heap after GC invocations=5 (full 0):
 garbage-first heap   total 96256K, used 19410K [0x0000000080000000, 0x0000000100000000)
  region size 1024K, 4 young (4096K), 4 survivors (4096K)
 Metaspace       used 25592K, capacity 26151K, committed 26288K, reserved 1073152K
  class space    used 3280K, capacity 3470K, committed 3584K, reserved 1048576K
}
Event: 5.568 GC heap before
{Heap before GC invocations=5 (full 0):
 garbage-first heap   total 96256K, used 68562K [0x0000000080000000, 0x0000000100000000)
  region size 1024K, 52 young (53248K), 4 survivors (4096K)
 Metaspace       used 30437K, capacity 31133K, committed 31408K, reserved 1077248K
  class space    used 4021K, capacity 4306K, committed 4352K, reserved 1048576K
}
Event: 5.573 GC heap after
{Heap after GC invocations=6 (full 0):
 garbage-first heap   total 96256K, used 20788K [0x0000000080000000, 0x0000000100000000)
  region size 1024K, 4 young (4096K), 4 survivors (4096K)
 Metaspace       used 30437K, capacity 31133K, committed 31408K, reserved 1077248K
  class space    used 4021K, capacity 4306K, committed 4352K, reserved 1048576K
}
Event: 5.993 GC heap before
{Heap before GC invocations=6 (full 0):
 garbage-first heap   total 96256K, used 35124K [0x0000000080000000, 0x0000000100000000)
  region size 1024K, 19 young (19456K), 4 survivors (4096K)
 Metaspace       used 35022K, capacity 35801K, committed 35920K, reserved 1081344K
  class space    used 4482K, capacity 4799K, committed 4864K, reserved 1048576K
}
Event: 5.999 GC heap after
{Heap after GC invocations=7 (full 0):
 garbage-first heap   total 96256K, used 23198K [0x0000000080000000, 0x0000000100000000)
  region size 1024K, 6 young (6144K), 6 survivors (6144K)
 Metaspace       used 35022K, capacity 35801K, committed 35920K, reserved 1081344K
  class space    used 4482K, capacity 4799K, committed 4864K, reserved 1048576K
}
Event: 6.562 GC heap before
{Heap before GC invocations=8 (full 0):
 garbage-first heap   total 96256K, used 71326K [0x0000000080000000, 0x0000000100000000)
  region size 1024K, 51 young (52224K), 6 survivors (6144K)
 Metaspace       used 39247K, capacity 40127K, committed 40272K, reserved 1085440K
  class space    used 4946K, capacity 5277K, committed 5376K, reserved 1048576K
}
Event: 6.568 GC heap after
{Heap after GC invocations=9 (full 0):
 garbage-first heap   total 96256K, used 27167K [0x0000000080000000, 0x0000000100000000)
  region size 1024K, 7 young (7168K), 7 survivors (7168K)
 Metaspace       used 39247K, capacity 40127K, committed 40272K, reserved 1085440K
  class space    used 4946K, capacity 5277K, committed 5376K, reserved 1048576K
}
Event: 7.112 GC heap before
{Heap before GC invocations=9 (full 0):
 garbage-first heap   total 96256K, used 70175K [0x0000000080000000, 0x0000000100000000)
  region size 1024K, 49 young (50176K), 7 survivors (7168K)
 Metaspace       used 43005K, capacity 44023K, committed 44240K, reserved 1087488K
  class space    used 5389K, capacity 5757K, committed 5760K, reserved 1048576K
}
Event: 7.117 GC heap after
{Heap after GC invocations=10 (full 0):
 garbage-first heap   total 96256K, used 28714K [0x0000000080000000, 0x0000000100000000)
  region size 1024K, 3 young (3072K), 3 survivors (3072K)
 Metaspace       used 43005K, capacity 44023K, committed 44240K, reserved 1087488K
  class space    used 5389K, capacity 5757K, committed 5760K, reserved 1048576K
}
Event: 7.575 GC heap before
{Heap before GC invocations=10 (full 0):
 garbage-first heap   total 96256K, used 72746K [0x0000000080000000, 0x0000000100000000)
  region size 1024K, 46 young (47104K), 3 survivors (3072K)
 Metaspace       used 46020K, capacity 47205K, committed 47312K, reserved 1091584K
  class space    used 5833K, capacity 6264K, committed 6272K, reserved 1048576K
}
Event: 7.578 GC heap after
{Heap after GC invocations=11 (full 0):
 garbage-first heap   total 96256K, used 29878K [0x0000000080000000, 0x0000000100000000)
  region size 1024K, 4 young (4096K), 4 survivors (4096K)
 Metaspace       used 46020K, capacity 47205K, committed 47312K, reserved 1091584K
  class space    used 5833K, capacity 6264K, committed 6272K, reserved 1048576K
}
Event: 8.252 GC heap before
{Heap before GC invocations=11 (full 0):
 garbage-first heap   total 96256K, used 73910K [0x0000000080000000, 0x0000000100000000)
  region size 1024K, 47 young (48128K), 4 survivors (4096K)
 Metaspace       used 47539K, capacity 48866K, committed 49104K, reserved 1091584K
  class space    used 5993K, capacity 6495K, committed 6528K, reserved 1048576K
}
Event: 8.256 GC heap after
{Heap after GC invocations=12 (full 0):
 garbage-first heap   total 96256K, used 32660K [0x0000000080000000, 0x0000000100000000)
  region size 1024K, 5 young (5120K), 5 survivors (5120K)
 Metaspace       used 47539K, capacity 48866K, committed 49104K, reserved 1091584K
  class space    used 5993K, capacity 6495K, committed 6528K, reserved 1048576K
}
Event: 9.041 GC heap before
{Heap before GC invocations=12 (full 0):
 garbage-first heap   total 96256K, used 79764K [0x0000000080000000, 0x0000000100000000)
  region size 1024K, 47 young (48128K), 5 survivors (5120K)
 Metaspace       used 50605K, capacity 52078K, committed 52432K, reserved 1095680K
  class space    used 6372K, capacity 6935K, committed 7040K, reserved 1048576K
}
Event: 9.046 GC heap after
{Heap after GC invocations=13 (full 0):
 garbage-first heap   total 96256K, used 44770K [0x0000000080000000, 0x0000000100000000)
  region size 1024K, 6 young (6144K), 6 survivors (6144K)
 Metaspace       used 50605K, capacity 52078K, committed 52432K, reserved 1095680K
  class space    used 6372K, capacity 6935K, committed 7040K, reserved 1048576K
}

