# JRE version: OpenJDK Runtime Environment (11.0.13) (build 11.0.13+0-b1751.21-8125866)
# Java VM: OpenJDK 64-Bit Server VM (11.0.13+0-b1751.21-8125866, mixed mode, tiered, compressed oops, g1 gc, windows-amd64)
Heap:
 garbage-first heap   total 96256K, used 68498K [0x0000000080000000, 0x0000000100000000)
  region size 1024K, 13 young (13312K), 3 survivors (3072K)
 Metaspace       used 72337K, capacity 74035K, committed 74320K, reserved 1114112K
  class space    used 9238K, capacity 9918K, committed 9984K, reserved 1048576K
GC Heap History (20 events):
Event: 10.427 GC heap before
{Heap before GC invocations=15 (full 0):
 garbage-first heap   total 96256K, used 73899K [0x0000000080000000, 0x0000000100000000)
  region size 1024K, 35 young (35840K), 6 survivors (6144K)
 Metaspace       used 53576K, capacity 55042K, committed 55376K, reserved 1097728K
  class space    used 6754K, capacity 7303K, committed 7424K, reserved 1048576K
}
Event: 10.431 GC heap after
{Heap after GC invocations=16 (full 0):
 garbage-first heap   total 96256K, used 46799K [0x0000000080000000, 0x0000000100000000)
  region size 1024K, 2 young (2048K), 2 survivors (2048K)
 Metaspace       used 53576K, capacity 55042K, committed 55376K, reserved 1097728K
  class space    used 6754K, capacity 7303K, committed 7424K, reserved 1048576K
}
Event: 10.873 GC heap before
{Heap before GC invocations=16 (full 0):
 garbage-first heap   total 96256K, used 75471K [0x0000000080000000, 0x0000000100000000)
  region size 1024K, 30 young (30720K), 2 survivors (2048K)
 Metaspace       used 57979K, capacity 59549K, committed 59600K, reserved 1101824K
  class space    used 7225K, capacity 7799K, committed 7808K, reserved 1048576K
}
Event: 10.877 GC heap after
{Heap after GC invocations=17 (full 0):
 garbage-first heap   total 96256K, used 47500K [0x0000000080000000, 0x0000000100000000)
  region size 1024K, 3 young (3072K), 3 survivors (3072K)
 Metaspace       used 57979K, capacity 59549K, committed 59600K, reserved 1101824K
  class space    used 7225K, capacity 7799K, committed 7808K, reserved 1048576K
}
Event: 11.277 GC heap before
{Heap before GC invocations=18 (full 0):
 garbage-first heap   total 96256K, used 75148K [0x0000000080000000, 0x0000000100000000)
  region size 1024K, 31 young (31744K), 3 survivors (3072K)
 Metaspace       used 61266K, capacity 62858K, committed 63184K, reserved 1103872K
  class space    used 7618K, capacity 8219K, committed 8320K, reserved 1048576K
}
Event: 11.280 GC heap after
{Heap after GC invocations=19 (full 0):
 garbage-first heap   total 96256K, used 50315K [0x0000000080000000, 0x0000000100000000)
  region size 1024K, 4 young (4096K), 4 survivors (4096K)
 Metaspace       used 61266K, capacity 62858K, committed 63184K, reserved 1103872K
  class space    used 7618K, capacity 8219K, committed 8320K, reserved 1048576K
}
Event: 11.610 GC heap before
{Heap before GC invocations=19 (full 0):
 garbage-first heap   total 96256K, used 75915K [0x0000000080000000, 0x0000000100000000)
  region size 1024K, 30 young (30720K), 4 survivors (4096K)
 Metaspace       used 63873K, capacity 65453K, committed 65744K, reserved 1105920K
  class space    used 7935K, capacity 8524K, committed 8576K, reserved 1048576K
}
Event: 11.615 GC heap after
{Heap after GC invocations=20 (full 0):
 garbage-first heap   total 96256K, used 52371K [0x0000000080000000, 0x0000000100000000)
  region size 1024K, 2 young (2048K), 2 survivors (2048K)
 Metaspace       used 63873K, capacity 65453K, committed 65744K, reserved 1105920K
  class space    used 7935K, capacity 8524K, committed 8576K, reserved 1048576K
}
Event: 11.749 GC heap before
{Heap before GC invocations=21 (full 0):
 garbage-first heap   total 96256K, used 59539K [0x0000000080000000, 0x0000000100000000)
  region size 1024K, 11 young (11264K), 2 survivors (2048K)
 Metaspace       used 64590K, capacity 66266K, committed 66384K, reserved 1107968K
  class space    used 8041K, capacity 8687K, committed 8704K, reserved 1048576K
}
Event: 11.752 GC heap after
{Heap after GC invocations=22 (full 0):
 garbage-first heap   total 96256K, used 52973K [0x0000000080000000, 0x0000000100000000)
  region size 1024K, 3 young (3072K), 3 survivors (3072K)
 Metaspace       used 64590K, capacity 66266K, committed 66384K, reserved 1107968K
  class space    used 8041K, capacity 8687K, committed 8704K, reserved 1048576K
}
Event: 11.984 GC heap before
{Heap before GC invocations=23 (full 0):
 garbage-first heap   total 96256K, used 74477K [0x0000000080000000, 0x0000000100000000)
  region size 1024K, 23 young (23552K), 3 survivors (3072K)
 Metaspace       used 65388K, capacity 67109K, committed 67280K, reserved 1107968K
  class space    used 8167K, capacity 8794K, committed 8832K, reserved 1048576K
}
Event: 11.988 GC heap after
{Heap after GC invocations=24 (full 0):
 garbage-first heap   total 96256K, used 54141K [0x0000000080000000, 0x0000000100000000)
  region size 1024K, 3 young (3072K), 3 survivors (3072K)
 Metaspace       used 65388K, capacity 67109K, committed 67280K, reserved 1107968K
  class space    used 8167K, capacity 8794K, committed 8832K, reserved 1048576K
}
Event: 12.096 GC heap before
{Heap before GC invocations=24 (full 0):
 garbage-first heap   total 96256K, used 74621K [0x0000000080000000, 0x0000000100000000)
  region size 1024K, 23 young (23552K), 3 survivors (3072K)
 Metaspace       used 65476K, capacity 67205K, committed 67280K, reserved 1107968K
  class space    used 8179K, capacity 8826K, committed 8832K, reserved 1048576K
}
Event: 12.100 GC heap after
{Heap after GC invocations=25 (full 0):
 garbage-first heap   total 96256K, used 55900K [0x0000000080000000, 0x0000000100000000)
  region size 1024K, 3 young (3072K), 3 survivors (3072K)
 Metaspace       used 65476K, capacity 67205K, committed 67280K, reserved 1107968K
  class space    used 8179K, capacity 8826K, committed 8832K, reserved 1048576K
}
Event: 12.372 GC heap before
{Heap before GC invocations=26 (full 0):
 garbage-first heap   total 96256K, used 76380K [0x0000000080000000, 0x0000000100000000)
  region size 1024K, 23 young (23552K), 3 survivors (3072K)
 Metaspace       used 66750K, capacity 68435K, committed 68688K, reserved 1110016K
  class space    used 8322K, capacity 8957K, committed 8960K, reserved 1048576K
}
Event: 12.376 GC heap after
{Heap after GC invocations=27 (full 0):
 garbage-first heap   total 96256K, used 56808K [0x0000000080000000, 0x0000000100000000)
  region size 1024K, 1 young (1024K), 1 survivors (1024K)
 Metaspace       used 66750K, capacity 68435K, committed 68688K, reserved 1110016K
  class space    used 8322K, capacity 8957K, committed 8960K, reserved 1048576K
}
Event: 12.814 GC heap before
{Heap before GC invocations=27 (full 0):
 garbage-first heap   total 96256K, used 77288K [0x0000000080000000, 0x0000000100000000)
  region size 1024K, 21 young (21504K), 1 survivors (1024K)
 Metaspace       used 69351K, capacity 70982K, committed 71248K, reserved 1112064K
  class space    used 8795K, capacity 9445K, committed 9472K, reserved 1048576K
}
Event: 12.816 GC heap after
{Heap after GC invocations=28 (full 0):
 garbage-first heap   total 96256K, used 57811K [0x0000000080000000, 0x0000000100000000)
  region size 1024K, 2 young (2048K), 2 survivors (2048K)
 Metaspace       used 69351K, capacity 70982K, committed 71248K, reserved 1112064K
  class space    used 8795K, capacity 9445K, committed 9472K, reserved 1048576K
}
Event: 13.170 GC heap before
{Heap before GC invocations=29 (full 0):
 garbage-first heap   total 96256K, used 78291K [0x0000000080000000, 0x0000000100000000)
  region size 1024K, 22 young (22528K), 2 survivors (2048K)
 Metaspace       used 71371K, capacity 73068K, committed 73296K, reserved 1114112K
  class space    used 9088K, capacity 9728K, committed 9728K, reserved 1048576K
}
Event: 13.174 GC heap after
{Heap after GC invocations=30 (full 0):
 garbage-first heap   total 96256K, used 59282K [0x0000000080000000, 0x0000000100000000)
  region size 1024K, 3 young (3072K), 3 survivors (3072K)
 Metaspace       used 71371K, capacity 73068K, committed 73296K, reserved 1114112K
  class space    used 9088K, capacity 9728K, committed 9728K, reserved 1048576K
}

