# JRE version: OpenJDK Runtime Environment (11.0.13) (build 11.0.13+0-b1751.21-8125866)
# Java VM: OpenJDK 64-Bit Server VM (11.0.13+0-b1751.21-8125866, mixed mode, tiered, compressed oops, g1 gc, windows-amd64)
Heap:
 garbage-first heap   total 96256K, used 55905K [0x0000000080000000, 0x0000000100000000)
  region size 1024K, 12 young (12288K), 4 survivors (4096K)
 Metaspace       used 61100K, capacity 62689K, committed 62800K, reserved 1103872K
  class space    used 7603K, capacity 8187K, committed 8192K, reserved 1048576K
GC Heap History (20 events):
Event: 4.767 GC heap after
{Heap after GC invocations=6 (full 0):
 garbage-first heap   total 96256K, used 18603K [0x0000000080000000, 0x0000000100000000)
  region size 1024K, 4 young (4096K), 4 survivors (4096K)
 Metaspace       used 24602K, capacity 25232K, committed 25392K, reserved 1071104K
  class space    used 3129K, capacity 3336K, committed 3456K, reserved 1048576K
}
Event: 5.380 GC heap before
{Heap before GC invocations=6 (full 0):
 garbage-first heap   total 96256K, used 59563K [0x0000000080000000, 0x0000000100000000)
  region size 1024K, 44 young (45056K), 4 survivors (4096K)
 Metaspace       used 28411K, capacity 29023K, committed 29360K, reserved 1075200K
  class space    used 3726K, capacity 3989K, committed 4096K, reserved 1048576K
}
Event: 5.384 GC heap after
{Heap after GC invocations=7 (full 0):
 garbage-first heap   total 96256K, used 20241K [0x0000000080000000, 0x0000000100000000)
  region size 1024K, 4 young (4096K), 4 survivors (4096K)
 Metaspace       used 28411K, capacity 29023K, committed 29360K, reserved 1075200K
  class space    used 3726K, capacity 3989K, committed 4096K, reserved 1048576K
}
Event: 5.990 GC heap before
{Heap before GC invocations=7 (full 0):
 garbage-first heap   total 96256K, used 50961K [0x0000000080000000, 0x0000000100000000)
  region size 1024K, 35 young (35840K), 4 survivors (4096K)
 Metaspace       used 35078K, capacity 35826K, committed 35920K, reserved 1081344K
  class space    used 4498K, capacity 4831K, committed 4864K, reserved 1048576K
}
Event: 5.996 GC heap after
{Heap after GC invocations=8 (full 0):
 garbage-first heap   total 96256K, used 22961K [0x0000000080000000, 0x0000000100000000)
  region size 1024K, 6 young (6144K), 6 survivors (6144K)
 Metaspace       used 35078K, capacity 35826K, committed 35920K, reserved 1081344K
  class space    used 4498K, capacity 4831K, committed 4864K, reserved 1048576K
}
Event: 6.630 GC heap before
{Heap before GC invocations=9 (full 0):
 garbage-first heap   total 96256K, used 65969K [0x0000000080000000, 0x0000000100000000)
  region size 1024K, 46 young (47104K), 6 survivors (6144K)
 Metaspace       used 38804K, capacity 39689K, committed 39888K, reserved 1083392K
  class space    used 4881K, capacity 5240K, committed 5248K, reserved 1048576K
}
Event: 6.636 GC heap after
{Heap after GC invocations=10 (full 0):
 garbage-first heap   total 96256K, used 27095K [0x0000000080000000, 0x0000000100000000)
  region size 1024K, 6 young (6144K), 6 survivors (6144K)
 Metaspace       used 38804K, capacity 39689K, committed 39888K, reserved 1083392K
  class space    used 4881K, capacity 5240K, committed 5248K, reserved 1048576K
}
Event: 7.170 GC heap before
{Heap before GC invocations=10 (full 0):
 garbage-first heap   total 96256K, used 67031K [0x0000000080000000, 0x0000000100000000)
  region size 1024K, 45 young (46080K), 6 survivors (6144K)
 Metaspace       used 42674K, capacity 43618K, committed 43728K, reserved 1087488K
  class space    used 5326K, capacity 5687K, committed 5760K, reserved 1048576K
}
Event: 7.176 GC heap after
{Heap after GC invocations=11 (full 0):
 garbage-first heap   total 96256K, used 28844K [0x0000000080000000, 0x0000000100000000)
  region size 1024K, 5 young (5120K), 5 survivors (5120K)
 Metaspace       used 42674K, capacity 43618K, committed 43728K, reserved 1087488K
  class space    used 5326K, capacity 5687K, committed 5760K, reserved 1048576K
}
Event: 7.589 GC heap before
{Heap before GC invocations=11 (full 0):
 garbage-first heap   total 96256K, used 68780K [0x0000000080000000, 0x0000000100000000)
  region size 1024K, 44 young (45056K), 5 survivors (5120K)
 Metaspace       used 45075K, capacity 46173K, committed 46416K, reserved 1089536K
  class space    used 5704K, capacity 6138K, committed 6144K, reserved 1048576K
}
Event: 7.595 GC heap after
{Heap after GC invocations=12 (full 0):
 garbage-first heap   total 96256K, used 30698K [0x0000000080000000, 0x0000000100000000)
  region size 1024K, 4 young (4096K), 4 survivors (4096K)
 Metaspace       used 45075K, capacity 46173K, committed 46416K, reserved 1089536K
  class space    used 5704K, capacity 6138K, committed 6144K, reserved 1048576K
}
Event: 8.370 GC heap before
{Heap before GC invocations=12 (full 0):
 garbage-first heap   total 96256K, used 70634K [0x0000000080000000, 0x0000000100000000)
  region size 1024K, 43 young (44032K), 4 survivors (4096K)
 Metaspace       used 47263K, capacity 48483K, committed 48592K, reserved 1091584K
  class space    used 5973K, capacity 6458K, committed 6528K, reserved 1048576K
}
Event: 8.375 GC heap after
{Heap after GC invocations=13 (full 0):
 garbage-first heap   total 96256K, used 32838K [0x0000000080000000, 0x0000000100000000)
  region size 1024K, 4 young (4096K), 4 survivors (4096K)
 Metaspace       used 47263K, capacity 48483K, committed 48592K, reserved 1091584K
  class space    used 5973K, capacity 6458K, committed 6528K, reserved 1048576K
}
Event: 9.227 GC heap before
{Heap before GC invocations=13 (full 0):
 garbage-first heap   total 96256K, used 76870K [0x0000000080000000, 0x0000000100000000)
  region size 1024K, 43 young (44032K), 4 survivors (4096K)
 Metaspace       used 48455K, capacity 49867K, committed 50000K, reserved 1093632K
  class space    used 6102K, capacity 6624K, committed 6656K, reserved 1048576K
}
Event: 9.232 GC heap after
{Heap after GC invocations=14 (full 0):
 garbage-first heap   total 96256K, used 45253K [0x0000000080000000, 0x0000000100000000)
  region size 1024K, 6 young (6144K), 6 survivors (6144K)
 Metaspace       used 48455K, capacity 49867K, committed 50000K, reserved 1093632K
  class space    used 6102K, capacity 6624K, committed 6656K, reserved 1048576K
}
Event: 9.708 GC heap before
{Heap before GC invocations=14 (full 0):
 garbage-first heap   total 96256K, used 74949K [0x0000000080000000, 0x0000000100000000)
  region size 1024K, 35 young (35840K), 6 survivors (6144K)
 Metaspace       used 52184K, capacity 53676K, committed 53840K, reserved 1095680K
  class space    used 6557K, capacity 7106K, committed 7168K, reserved 1048576K
}
Event: 9.712 GC heap after
{Heap after GC invocations=15 (full 0):
 garbage-first heap   total 96256K, used 46777K [0x0000000080000000, 0x0000000100000000)
  region size 1024K, 2 young (2048K), 2 survivors (2048K)
 Metaspace       used 52184K, capacity 53676K, committed 53840K, reserved 1095680K
  class space    used 6557K, capacity 7106K, committed 7168K, reserved 1048576K
}
Event: 10.234 GC heap before
{Heap before GC invocations=15 (full 0):
 garbage-first heap   total 96256K, used 74425K [0x0000000080000000, 0x0000000100000000)
  region size 1024K, 30 young (30720K), 2 survivors (2048K)
 Metaspace       used 56684K, capacity 58232K, committed 58448K, reserved 1099776K
  class space    used 7061K, capacity 7644K, committed 7680K, reserved 1048576K
}
Event: 10.237 GC heap after
{Heap after GC invocations=16 (full 0):
 garbage-first heap   total 96256K, used 47449K [0x0000000080000000, 0x0000000100000000)
  region size 1024K, 2 young (2048K), 2 survivors (2048K)
 Metaspace       used 56684K, capacity 58232K, committed 58448K, reserved 1099776K
  class space    used 7061K, capacity 7644K, committed 7680K, reserved 1048576K
}
Event: 10.812 GC heap before
{Heap before GC invocations=17 (full 0):
 garbage-first heap   total 96256K, used 76121K [0x0000000080000000, 0x0000000100000000)
  region size 1024K, 31 young (31744K), 2 survivors (2048K)
 Metaspace       used 61079K, capacity 62689K, committed 62800K, reserved 1103872K
  class space    used 7601K, capacity 8187K, committed 8192K, reserved 1048576K
}

