# JRE version: OpenJDK Runtime Environment (11.0.13) (build 11.0.13+0-b1751.21-8125866)
# Java VM: OpenJDK 64-Bit Server VM (11.0.13+0-b1751.21-8125866, mixed mode, tiered, compressed oops, g1 gc, windows-amd64)
Heap:
 garbage-first heap   total 96256K, used 42229K [0x0000000080000000, 0x0000000100000000)
  region size 1024K, 14 young (14336K), 5 survivors (5120K)
 Metaspace       used 47690K, capacity 48927K, committed 49104K, reserved 1091584K
  class space    used 6004K, capacity 6494K, committed 6528K, reserved 1048576K
GC Heap History (20 events):
Event: 1.423 GC heap before
{Heap before GC invocations=0 (full 0):
 garbage-first heap   total 96256K, used 29696K [0x0000000080000000, 0x0000000100000000)
  region size 1024K, 24 young (24576K), 0 survivors (0K)
 Metaspace       used 10236K, capacity 10499K, committed 10624K, reserved 1058816K
  class space    used 1054K, capacity 1141K, committed 1152K, reserved 1048576K
}
Event: 1.437 GC heap after
{Heap after GC invocations=1 (full 0):
 garbage-first heap   total 96256K, used 9624K [0x0000000080000000, 0x0000000100000000)
  region size 1024K, 3 young (3072K), 3 survivors (3072K)
 Metaspace       used 10236K, capacity 10499K, committed 10624K, reserved 1058816K
  class space    used 1054K, capacity 1141K, committed 1152K, reserved 1048576K
}
Event: 2.455 GC heap before
{Heap before GC invocations=1 (full 0):
 garbage-first heap   total 96256K, used 63896K [0x0000000080000000, 0x0000000100000000)
  region size 1024K, 56 young (57344K), 3 survivors (3072K)
 Metaspace       used 13629K, capacity 13953K, committed 14208K, reserved 1062912K
  class space    used 1484K, capacity 1591K, committed 1664K, reserved 1048576K
}
Event: 2.461 GC heap after
{Heap after GC invocations=2 (full 0):
 garbage-first heap   total 96256K, used 14854K [0x0000000080000000, 0x0000000100000000)
  region size 1024K, 7 young (7168K), 7 survivors (7168K)
 Metaspace       used 13629K, capacity 13953K, committed 14208K, reserved 1062912K
  class space    used 1484K, capacity 1591K, committed 1664K, reserved 1048576K
}
Event: 3.718 GC heap before
{Heap before GC invocations=2 (full 0):
 garbage-first heap   total 96256K, used 60934K [0x0000000080000000, 0x0000000100000000)
  region size 1024K, 53 young (54272K), 7 survivors (7168K)
 Metaspace       used 20776K, capacity 21197K, committed 21296K, reserved 1069056K
  class space    used 2516K, capacity 2671K, committed 2688K, reserved 1048576K
}
Event: 3.727 GC heap after
{Heap after GC invocations=3 (full 0):
 garbage-first heap   total 96256K, used 17209K [0x0000000080000000, 0x0000000100000000)
  region size 1024K, 3 young (3072K), 3 survivors (3072K)
 Metaspace       used 20776K, capacity 21197K, committed 21296K, reserved 1069056K
  class space    used 2516K, capacity 2671K, committed 2688K, reserved 1048576K
}
Event: 4.559 GC heap before
{Heap before GC invocations=4 (full 0):
 garbage-first heap   total 96256K, used 65337K [0x0000000080000000, 0x0000000100000000)
  region size 1024K, 50 young (51200K), 3 survivors (3072K)
 Metaspace       used 25644K, capacity 26215K, committed 26544K, reserved 1073152K
  class space    used 3290K, capacity 3473K, committed 3584K, reserved 1048576K
}
Event: 4.562 GC heap after
{Heap after GC invocations=5 (full 0):
 garbage-first heap   total 96256K, used 18908K [0x0000000080000000, 0x0000000100000000)
  region size 1024K, 4 young (4096K), 4 survivors (4096K)
 Metaspace       used 25644K, capacity 26215K, committed 26544K, reserved 1073152K
  class space    used 3290K, capacity 3473K, committed 3584K, reserved 1048576K
}
Event: 5.283 GC heap before
{Heap before GC invocations=5 (full 0):
 garbage-first heap   total 96256K, used 69084K [0x0000000080000000, 0x0000000100000000)
  region size 1024K, 53 young (54272K), 4 survivors (4096K)
 Metaspace       used 30549K, capacity 31189K, committed 31408K, reserved 1077248K
  class space    used 4037K, capacity 4306K, committed 4352K, reserved 1048576K
}
Event: 5.286 GC heap after
{Heap after GC invocations=6 (full 0):
 garbage-first heap   total 96256K, used 20389K [0x0000000080000000, 0x0000000100000000)
  region size 1024K, 4 young (4096K), 4 survivors (4096K)
 Metaspace       used 30549K, capacity 31189K, committed 31408K, reserved 1077248K
  class space    used 4037K, capacity 4306K, committed 4352K, reserved 1048576K
}
Event: 5.679 GC heap before
{Heap before GC invocations=6 (full 0):
 garbage-first heap   total 96256K, used 34725K [0x0000000080000000, 0x0000000100000000)
  region size 1024K, 19 young (19456K), 4 survivors (4096K)
 Metaspace       used 35022K, capacity 35794K, committed 35920K, reserved 1081344K
  class space    used 4487K, capacity 4799K, committed 4864K, reserved 1048576K
}
Event: 5.686 GC heap after
{Heap after GC invocations=7 (full 0):
 garbage-first heap   total 96256K, used 22779K [0x0000000080000000, 0x0000000100000000)
  region size 1024K, 6 young (6144K), 6 survivors (6144K)
 Metaspace       used 35022K, capacity 35794K, committed 35920K, reserved 1081344K
  class space    used 4487K, capacity 4799K, committed 4864K, reserved 1048576K
}
Event: 6.264 GC heap before
{Heap before GC invocations=8 (full 0):
 garbage-first heap   total 96256K, used 70907K [0x0000000080000000, 0x0000000100000000)
  region size 1024K, 51 young (52224K), 6 survivors (6144K)
 Metaspace       used 39186K, capacity 40054K, committed 40272K, reserved 1085440K
  class space    used 4942K, capacity 5277K, committed 5376K, reserved 1048576K
}
Event: 6.270 GC heap after
{Heap after GC invocations=9 (full 0):
 garbage-first heap   total 96256K, used 26782K [0x0000000080000000, 0x0000000100000000)
  region size 1024K, 7 young (7168K), 7 survivors (7168K)
 Metaspace       used 39186K, capacity 40054K, committed 40272K, reserved 1085440K
  class space    used 4942K, capacity 5277K, committed 5376K, reserved 1048576K
}
Event: 6.781 GC heap before
{Heap before GC invocations=9 (full 0):
 garbage-first heap   total 96256K, used 70814K [0x0000000080000000, 0x0000000100000000)
  region size 1024K, 50 young (51200K), 7 survivors (7168K)
 Metaspace       used 42991K, capacity 44014K, committed 44240K, reserved 1087488K
  class space    used 5390K, capacity 5757K, committed 5760K, reserved 1048576K
}
Event: 6.788 GC heap after
{Heap after GC invocations=10 (full 0):
 garbage-first heap   total 96256K, used 28292K [0x0000000080000000, 0x0000000100000000)
  region size 1024K, 3 young (3072K), 3 survivors (3072K)
 Metaspace       used 42991K, capacity 44014K, committed 44240K, reserved 1087488K
  class space    used 5390K, capacity 5757K, committed 5760K, reserved 1048576K
}
Event: 7.350 GC heap before
{Heap before GC invocations=10 (full 0):
 garbage-first heap   total 96256K, used 72324K [0x0000000080000000, 0x0000000100000000)
  region size 1024K, 46 young (47104K), 3 survivors (3072K)
 Metaspace       used 45976K, capacity 47132K, committed 47312K, reserved 1091584K
  class space    used 5829K, capacity 6264K, committed 6272K, reserved 1048576K
}
Event: 7.355 GC heap after
{Heap after GC invocations=11 (full 0):
 garbage-first heap   total 96256K, used 29583K [0x0000000080000000, 0x0000000100000000)
  region size 1024K, 4 young (4096K), 4 survivors (4096K)
 Metaspace       used 45976K, capacity 47132K, committed 47312K, reserved 1091584K
  class space    used 5829K, capacity 6264K, committed 6272K, reserved 1048576K
}
Event: 8.236 GC heap before
{Heap before GC invocations=11 (full 0):
 garbage-first heap   total 96256K, used 72591K [0x0000000080000000, 0x0000000100000000)
  region size 1024K, 47 young (48128K), 4 survivors (4096K)
 Metaspace       used 47526K, capacity 48835K, committed 49104K, reserved 1091584K
  class space    used 5991K, capacity 6487K, committed 6528K, reserved 1048576K
}
Event: 8.240 GC heap after
{Heap after GC invocations=12 (full 0):
 garbage-first heap   total 96256K, used 31989K [0x0000000080000000, 0x0000000100000000)
  region size 1024K, 5 young (5120K), 5 survivors (5120K)
 Metaspace       used 47526K, capacity 48835K, committed 49104K, reserved 1091584K
  class space    used 5991K, capacity 6487K, committed 6528K, reserved 1048576K
}

