# JRE version: OpenJDK Runtime Environment (11.0.13) (build 11.0.13+0-b1751.21-8125866)
# Java VM: OpenJDK 64-Bit Server VM (11.0.13+0-b1751.21-8125866, mixed mode, tiered, compressed oops, g1 gc, windows-amd64)
Heap:
 garbage-first heap   total 266240K, used 141659K [0x0000000080000000, 0x0000000100000000)
  region size 1024K, 5 young (5120K), 5 survivors (5120K)
 Metaspace       used 95441K, capacity 98206K, committed 98256K, reserved 1134592K
  class space    used 12289K, capacity 13405K, committed 13440K, reserved 1048576K
GC Heap History (20 events):
Event: 16.464 GC heap after
{Heap after GC invocations=41 (full 0):
 garbage-first heap   total 139264K, used 77822K [0x0000000080000000, 0x0000000100000000)
  region size 1024K, 3 young (3072K), 3 survivors (3072K)
 Metaspace       used 87054K, capacity 89305K, committed 90192K, reserved 1128448K
  class space    used 11081K, capacity 11952K, committed 12288K, reserved 1048576K
}
Event: 16.768 GC heap before
{Heap before GC invocations=41 (full 0):
 garbage-first heap   total 139264K, used 112638K [0x0000000080000000, 0x0000000100000000)
  region size 1024K, 38 young (38912K), 3 survivors (3072K)
 Metaspace       used 88421K, capacity 90590K, committed 91472K, reserved 1128448K
  class space    used 11212K, capacity 12053K, committed 12288K, reserved 1048576K
}
Event: 16.773 GC heap after
{Heap after GC invocations=42 (full 0):
 garbage-first heap   total 139264K, used 80896K [0x0000000080000000, 0x0000000100000000)
  region size 1024K, 5 young (5120K), 5 survivors (5120K)
 Metaspace       used 88421K, capacity 90590K, committed 91472K, reserved 1128448K
  class space    used 11212K, capacity 12053K, committed 12288K, reserved 1048576K
}
Event: 17.009 GC heap before
{Heap before GC invocations=43 (full 0):
 garbage-first heap   total 139264K, used 113664K [0x0000000080000000, 0x0000000100000000)
  region size 1024K, 38 young (38912K), 5 survivors (5120K)
 Metaspace       used 88662K, capacity 90852K, committed 91472K, reserved 1128448K
  class space    used 11248K, capacity 12096K, committed 12288K, reserved 1048576K
}
Event: 17.016 GC heap after
{Heap after GC invocations=44 (full 0):
 garbage-first heap   total 167936K, used 83312K [0x0000000080000000, 0x0000000100000000)
  region size 1024K, 3 young (3072K), 3 survivors (3072K)
 Metaspace       used 88662K, capacity 90852K, committed 91472K, reserved 1128448K
  class space    used 11248K, capacity 12096K, committed 12288K, reserved 1048576K
}
Event: 17.224 GC heap before
{Heap before GC invocations=44 (full 0):
 garbage-first heap   total 167936K, used 125296K [0x0000000080000000, 0x0000000100000000)
  region size 1024K, 45 young (46080K), 3 survivors (3072K)
 Metaspace       used 89742K, capacity 92095K, committed 92368K, reserved 1130496K
  class space    used 11428K, capacity 12318K, committed 12416K, reserved 1048576K
}
Event: 17.234 GC heap after
{Heap after GC invocations=45 (full 0):
 garbage-first heap   total 167936K, used 94434K [0x0000000080000000, 0x0000000100000000)
  region size 1024K, 6 young (6144K), 6 survivors (6144K)
 Metaspace       used 89742K, capacity 92095K, committed 92368K, reserved 1130496K
  class space    used 11428K, capacity 12318K, committed 12416K, reserved 1048576K
}
Event: 17.430 GC heap before
{Heap before GC invocations=46 (full 0):
 garbage-first heap   total 167936K, used 132322K [0x0000000080000000, 0x0000000100000000)
  region size 1024K, 42 young (43008K), 6 survivors (6144K)
 Metaspace       used 90301K, capacity 92671K, committed 93008K, reserved 1130496K
  class space    used 11495K, capacity 12382K, committed 12544K, reserved 1048576K
}
Event: 17.435 GC heap after
{Heap after GC invocations=47 (full 0):
 garbage-first heap   total 167936K, used 103831K [0x0000000080000000, 0x0000000100000000)
  region size 1024K, 6 young (6144K), 6 survivors (6144K)
 Metaspace       used 90301K, capacity 92671K, committed 93008K, reserved 1130496K
  class space    used 11495K, capacity 12382K, committed 12544K, reserved 1048576K
}
Event: 17.553 GC heap before
{Heap before GC invocations=47 (full 0):
 garbage-first heap   total 167936K, used 133527K [0x0000000080000000, 0x0000000100000000)
  region size 1024K, 36 young (36864K), 6 survivors (6144K)
 Metaspace       used 90600K, capacity 92958K, committed 93264K, reserved 1130496K
  class space    used 11551K, capacity 12458K, committed 12544K, reserved 1048576K
}
Event: 17.558 GC heap after
{Heap after GC invocations=48 (full 0):
 garbage-first heap   total 167936K, used 109441K [0x0000000080000000, 0x0000000100000000)
  region size 1024K, 5 young (5120K), 5 survivors (5120K)
 Metaspace       used 90600K, capacity 92958K, committed 93264K, reserved 1130496K
  class space    used 11551K, capacity 12458K, committed 12544K, reserved 1048576K
}
Event: 17.877 GC heap before
{Heap before GC invocations=49 (full 0):
 garbage-first heap   total 167936K, used 135041K [0x0000000080000000, 0x0000000100000000)
  region size 1024K, 31 young (31744K), 5 survivors (5120K)
 Metaspace       used 92586K, capacity 95138K, committed 95440K, reserved 1132544K
  class space    used 11857K, capacity 12835K, committed 12928K, reserved 1048576K
}
Event: 17.884 GC heap after
{Heap after GC invocations=50 (full 0):
 garbage-first heap   total 201728K, used 113511K [0x0000000080000000, 0x0000000100000000)
  region size 1024K, 4 young (4096K), 4 survivors (4096K)
 Metaspace       used 92586K, capacity 95138K, committed 95440K, reserved 1132544K
  class space    used 11857K, capacity 12835K, committed 12928K, reserved 1048576K
}
Event: 18.048 GC heap before
{Heap before GC invocations=50 (full 0):
 garbage-first heap   total 201728K, used 150375K [0x0000000080000000, 0x0000000100000000)
  region size 1024K, 41 young (41984K), 4 survivors (4096K)
 Metaspace       used 93444K, capacity 96101K, committed 96336K, reserved 1132544K
  class space    used 11991K, capacity 13003K, committed 13056K, reserved 1048576K
}
Event: 18.061 GC heap after
{Heap after GC invocations=51 (full 0):
 garbage-first heap   total 201728K, used 121480K [0x0000000080000000, 0x0000000100000000)
  region size 1024K, 6 young (6144K), 6 survivors (6144K)
 Metaspace       used 93444K, capacity 96101K, committed 96336K, reserved 1132544K
  class space    used 11991K, capacity 13003K, committed 13056K, reserved 1048576K
}
Event: 18.165 GC heap before
{Heap before GC invocations=51 (full 0):
 garbage-first heap   total 201728K, used 155272K [0x0000000080000000, 0x0000000100000000)
  region size 1024K, 40 young (40960K), 6 survivors (6144K)
 Metaspace       used 93844K, capacity 96546K, committed 96720K, reserved 1132544K
  class space    used 12050K, capacity 13086K, committed 13184K, reserved 1048576K
}
Event: 18.176 GC heap after
{Heap after GC invocations=52 (full 0):
 garbage-first heap   total 201728K, used 128998K [0x0000000080000000, 0x0000000100000000)
  region size 1024K, 5 young (5120K), 5 survivors (5120K)
 Metaspace       used 93844K, capacity 96546K, committed 96720K, reserved 1132544K
  class space    used 12050K, capacity 13086K, committed 13184K, reserved 1048576K
}
Event: 18.389 GC heap before
{Heap before GC invocations=53 (full 0):
 garbage-first heap   total 201728K, used 159718K [0x0000000080000000, 0x0000000100000000)
  region size 1024K, 36 young (36864K), 5 survivors (5120K)
 Metaspace       used 95278K, capacity 97992K, committed 98128K, reserved 1134592K
  class space    used 12236K, capacity 13288K, committed 13312K, reserved 1048576K
}
Event: 18.399 GC heap after
{Heap after GC invocations=54 (full 0):
 garbage-first heap   total 201728K, used 135168K [0x0000000080000000, 0x0000000100000000)
  region size 1024K, 5 young (5120K), 5 survivors (5120K)
 Metaspace       used 95278K, capacity 97992K, committed 98128K, reserved 1134592K
  class space    used 12236K, capacity 13288K, committed 13312K, reserved 1048576K
}
Event: 18.437 GC heap before
{Heap before GC invocations=54 (full 0):
 garbage-first heap   total 201728K, used 164864K [0x0000000080000000, 0x0000000100000000)
  region size 1024K, 34 young (34816K), 5 survivors (5120K)
 Metaspace       used 95441K, capacity 98206K, committed 98256K, reserved 1134592K
  class space    used 12289K, capacity 13405K, committed 13440K, reserved 1048576K
}

