# JRE version: OpenJDK Runtime Environment (11.0.13) (build 11.0.13+0-b1751.21-8125866)
# Java VM: OpenJDK 64-Bit Server VM (11.0.13+0-b1751.21-8125866, mixed mode, tiered, compressed oops, g1 gc, windows-amd64)
Heap:
 garbage-first heap   total 96256K, used 25892K [0x0000000080000000, 0x0000000100000000)
  region size 1024K, 13 young (13312K), 5 survivors (5120K)
 Metaspace       used 25563K, capacity 26140K, committed 26288K, reserved 1073152K
  class space    used 3273K, capacity 3469K, committed 3584K, reserved 1048576K
GC Heap History (10 events):
Event: 1.189 GC heap before
{Heap before GC invocations=0 (full 0):
 garbage-first heap   total 96256K, used 29696K [0x0000000080000000, 0x0000000100000000)
  region size 1024K, 24 young (24576K), 0 survivors (0K)
 Metaspace       used 10026K, capacity 10209K, committed 10368K, reserved 1058816K
  class space    used 1025K, capacity 1108K, committed 1152K, reserved 1048576K
}
Event: 1.200 GC heap after
{Heap after GC invocations=1 (full 0):
 garbage-first heap   total 96256K, used 9040K [0x0000000080000000, 0x0000000100000000)
  region size 1024K, 3 young (3072K), 3 survivors (3072K)
 Metaspace       used 10026K, capacity 10209K, committed 10368K, reserved 1058816K
  class space    used 1025K, capacity 1108K, committed 1152K, reserved 1048576K
}
Event: 2.034 GC heap before
{Heap before GC invocations=1 (full 0):
 garbage-first heap   total 96256K, used 63312K [0x0000000080000000, 0x0000000100000000)
  region size 1024K, 56 young (57344K), 3 survivors (3072K)
 Metaspace       used 11597K, capacity 11894K, committed 12160K, reserved 1060864K
  class space    used 1235K, capacity 1350K, committed 1408K, reserved 1048576K
}
Event: 2.122 GC heap after
{Heap after GC invocations=2 (full 0):
 garbage-first heap   total 96256K, used 13970K [0x0000000080000000, 0x0000000100000000)
  region size 1024K, 7 young (7168K), 7 survivors (7168K)
 Metaspace       used 11597K, capacity 11894K, committed 12160K, reserved 1060864K
  class space    used 1235K, capacity 1350K, committed 1408K, reserved 1048576K
}
Event: 3.797 GC heap before
{Heap before GC invocations=2 (full 0):
 garbage-first heap   total 96256K, used 58002K [0x0000000080000000, 0x0000000100000000)
  region size 1024K, 50 young (51200K), 7 survivors (7168K)
 Metaspace       used 19412K, capacity 19818K, committed 19968K, reserved 1067008K
  class space    used 2334K, capacity 2484K, committed 2560K, reserved 1048576K
}
Event: 3.806 GC heap after
{Heap after GC invocations=3 (full 0):
 garbage-first heap   total 96256K, used 16889K [0x0000000080000000, 0x0000000100000000)
  region size 1024K, 3 young (3072K), 3 survivors (3072K)
 Metaspace       used 19412K, capacity 19818K, committed 19968K, reserved 1067008K
  class space    used 2334K, capacity 2484K, committed 2560K, reserved 1048576K
}
Event: 4.752 GC heap before
{Heap before GC invocations=3 (full 0):
 garbage-first heap   total 96256K, used 26105K [0x0000000080000000, 0x0000000100000000)
  region size 1024K, 14 young (14336K), 3 survivors (3072K)
 Metaspace       used 20752K, capacity 21159K, committed 21296K, reserved 1069056K
  class space    used 2510K, capacity 2633K, committed 2688K, reserved 1048576K
}
Event: 4.757 GC heap after
{Heap after GC invocations=4 (full 0):
 garbage-first heap   total 96256K, used 17297K [0x0000000080000000, 0x0000000100000000)
  region size 1024K, 4 young (4096K), 4 survivors (4096K)
 Metaspace       used 20752K, capacity 21159K, committed 21296K, reserved 1069056K
  class space    used 2510K, capacity 2633K, committed 2688K, reserved 1048576K
}
Event: 5.463 GC heap before
{Heap before GC invocations=5 (full 0):
 garbage-first heap   total 96256K, used 58257K [0x0000000080000000, 0x0000000100000000)
  region size 1024K, 44 young (45056K), 4 survivors (4096K)
 Metaspace       used 24671K, capacity 25232K, committed 25392K, reserved 1071104K
  class space    used 3131K, capacity 3336K, committed 3456K, reserved 1048576K
}
Event: 5.468 GC heap after
{Heap after GC invocations=6 (full 0):
 garbage-first heap   total 96256K, used 18724K [0x0000000080000000, 0x0000000100000000)
  region size 1024K, 5 young (5120K), 5 survivors (5120K)
 Metaspace       used 24671K, capacity 25232K, committed 25392K, reserved 1071104K
  class space    used 3131K, capacity 3336K, committed 3456K, reserved 1048576K
}

