# JRE version: OpenJDK Runtime Environment (11.0.13) (build 11.0.13+0-b1751.21-8125866)
# Java VM: OpenJDK 64-Bit Server VM (11.0.13+0-b1751.21-8125866, mixed mode, tiered, compressed oops, g1 gc, windows-amd64)
Heap:
 garbage-first heap   total 856064K, used 217276K [0x0000000080000000, 0x0000000100000000)
  region size 1024K, 3 young (3072K), 3 survivors (3072K)
 Metaspace       used 107626K, capacity 110532K, committed 112848K, reserved 1146880K
  class space    used 13856K, capacity 14996K, committed 16000K, reserved 1048576K
GC Heap History (20 events):
Event: 20.814 GC heap after
{Heap after GC invocations=60 (full 0):
 garbage-first heap   total 242688K, used 138717K [0x0000000080000000, 0x0000000100000000)
  region size 1024K, 11 young (11264K), 11 survivors (11264K)
 Metaspace       used 100673K, capacity 102950K, committed 103504K, reserved 1138688K
  class space    used 12659K, capacity 13567K, committed 13824K, reserved 1048576K
}
Event: 20.955 GC heap before
{Heap before GC invocations=60 (full 0):
 garbage-first heap   total 242688K, used 184797K [0x0000000080000000, 0x0000000100000000)
  region size 1024K, 65 young (66560K), 11 survivors (11264K)
 Metaspace       used 100870K, capacity 103207K, committed 103760K, reserved 1138688K
  class space    used 12686K, capacity 13589K, committed 13824K, reserved 1048576K
}
Event: 20.967 GC heap after
{Heap after GC invocations=61 (full 0):
 garbage-first heap   total 242688K, used 143586K [0x0000000080000000, 0x0000000100000000)
  region size 1024K, 9 young (9216K), 9 survivors (9216K)
 Metaspace       used 100870K, capacity 103207K, committed 103760K, reserved 1138688K
  class space    used 12686K, capacity 13589K, committed 13824K, reserved 1048576K
}
Event: 21.072 GC heap before
{Heap before GC invocations=62 (full 0):
 garbage-first heap   total 242688K, used 190690K [0x0000000080000000, 0x0000000100000000)
  region size 1024K, 56 young (57344K), 9 survivors (9216K)
 Metaspace       used 101193K, capacity 103589K, committed 104016K, reserved 1140736K
  class space    used 12740K, capacity 13652K, committed 13824K, reserved 1048576K
}
Event: 21.088 GC heap after
{Heap after GC invocations=63 (full 0):
 garbage-first heap   total 292864K, used 155648K [0x0000000080000000, 0x0000000100000000)
  region size 1024K, 7 young (7168K), 7 survivors (7168K)
 Metaspace       used 101193K, capacity 103589K, committed 104016K, reserved 1140736K
  class space    used 12740K, capacity 13652K, committed 13824K, reserved 1048576K
}
Event: 21.103 GC heap before
{Heap before GC invocations=63 (full 0):
 garbage-first heap   total 292864K, used 161792K [0x0000000080000000, 0x0000000100000000)
  region size 1024K, 14 young (14336K), 7 survivors (7168K)
 Metaspace       used 101241K, capacity 103601K, committed 104016K, reserved 1140736K
  class space    used 12749K, capacity 13656K, committed 13824K, reserved 1048576K
}
Event: 21.111 GC heap after
{Heap after GC invocations=64 (full 0):
 garbage-first heap   total 292864K, used 157951K [0x0000000080000000, 0x0000000100000000)
  region size 1024K, 2 young (2048K), 2 survivors (2048K)
 Metaspace       used 101241K, capacity 103601K, committed 104016K, reserved 1140736K
  class space    used 12749K, capacity 13656K, committed 13824K, reserved 1048576K
}
Event: 21.250 GC heap before
{Heap before GC invocations=64 (full 0):
 garbage-first heap   total 292864K, used 217343K [0x0000000080000000, 0x0000000100000000)
  region size 1024K, 61 young (62464K), 2 survivors (2048K)
 Metaspace       used 102473K, capacity 104871K, committed 105168K, reserved 1140736K
  class space    used 12921K, capacity 13844K, committed 13952K, reserved 1048576K
}
Event: 21.262 GC heap after
{Heap after GC invocations=65 (full 0):
 garbage-first heap   total 292864K, used 170826K [0x0000000080000000, 0x0000000100000000)
  region size 1024K, 8 young (8192K), 8 survivors (8192K)
 Metaspace       used 102473K, capacity 104871K, committed 105168K, reserved 1140736K
  class space    used 12921K, capacity 13844K, committed 13952K, reserved 1048576K
}
Event: 21.443 GC heap before
{Heap before GC invocations=65 (full 0):
 garbage-first heap   total 292864K, used 225098K [0x0000000080000000, 0x0000000100000000)
  region size 1024K, 62 young (63488K), 8 survivors (8192K)
 Metaspace       used 104467K, capacity 107541K, committed 107728K, reserved 1142784K
  class space    used 13492K, capacity 14877K, committed 14976K, reserved 1048576K
}
Event: 21.457 GC heap after
{Heap after GC invocations=66 (full 0):
 garbage-first heap   total 292864K, used 180740K [0x0000000080000000, 0x0000000100000000)
  region size 1024K, 8 young (8192K), 8 survivors (8192K)
 Metaspace       used 104467K, capacity 107541K, committed 107728K, reserved 1142784K
  class space    used 13492K, capacity 14877K, committed 14976K, reserved 1048576K
}
Event: 21.545 GC heap before
{Heap before GC invocations=67 (full 0):
 garbage-first heap   total 292864K, used 232964K [0x0000000080000000, 0x0000000100000000)
  region size 1024K, 59 young (60416K), 8 survivors (8192K)
 Metaspace       used 104953K, capacity 108079K, committed 108368K, reserved 1142784K
  class space    used 13594K, capacity 15010K, committed 15104K, reserved 1048576K
}
Event: 21.611 GC heap after
{Heap after GC invocations=68 (full 0):
 garbage-first heap   total 420864K, used 190464K [0x0000000080000000, 0x0000000100000000)
  region size 1024K, 8 young (8192K), 8 survivors (8192K)
 Metaspace       used 104953K, capacity 108079K, committed 108368K, reserved 1142784K
  class space    used 13594K, capacity 15010K, committed 15104K, reserved 1048576K
}
Event: 21.690 GC heap before
{Heap before GC invocations=68 (full 0):
 garbage-first heap   total 420864K, used 202752K [0x0000000080000000, 0x0000000100000000)
  region size 1024K, 20 young (20480K), 8 survivors (8192K)
 Metaspace       used 105270K, capacity 108426K, committed 108624K, reserved 1142784K
  class space    used 13657K, capacity 15085K, committed 15104K, reserved 1048576K
}
Event: 21.701 GC heap after
{Heap after GC invocations=69 (full 0):
 garbage-first heap   total 420864K, used 193852K [0x0000000080000000, 0x0000000100000000)
  region size 1024K, 3 young (3072K), 3 survivors (3072K)
 Metaspace       used 105270K, capacity 108426K, committed 108624K, reserved 1142784K
  class space    used 13657K, capacity 15085K, committed 15104K, reserved 1048576K
}
Event: 22.268 GC heap before
{Heap before GC invocations=69 (full 0):
 garbage-first heap   total 420864K, used 281916K [0x0000000080000000, 0x0000000100000000)
  region size 1024K, 90 young (92160K), 3 survivors (3072K)
 Metaspace       used 107723K, capacity 111208K, committed 111312K, reserved 1144832K
  class space    used 14140K, capacity 15687K, committed 15744K, reserved 1048576K
}
Event: 22.306 GC heap after
{Heap after GC invocations=70 (full 0):
 garbage-first heap   total 420864K, used 208036K [0x0000000080000000, 0x0000000100000000)
  region size 1024K, 12 young (12288K), 12 survivors (12288K)
 Metaspace       used 107723K, capacity 111208K, committed 111312K, reserved 1144832K
  class space    used 14140K, capacity 15687K, committed 15744K, reserved 1048576K
}
Event: 22.678 GC heap before
{Heap before GC invocations=71 (full 0):
 garbage-first heap   total 420864K, used 297124K [0x0000000080000000, 0x0000000100000000)
  region size 1024K, 100 young (102400K), 12 survivors (12288K)
 Metaspace       used 107548K, capacity 110454K, committed 112592K, reserved 1146880K
  class space    used 13847K, capacity 14992K, committed 16000K, reserved 1048576K
}
Event: 22.700 GC heap after
{Heap after GC invocations=72 (full 0):
 garbage-first heap   total 420864K, used 219595K [0x0000000080000000, 0x0000000100000000)
  region size 1024K, 11 young (11264K), 11 survivors (11264K)
 Metaspace       used 107548K, capacity 110454K, committed 112592K, reserved 1146880K
  class space    used 13847K, capacity 14992K, committed 16000K, reserved 1048576K
}
Event: 22.724 GC heap before
{Heap before GC invocations=72 (full 0):
 garbage-first heap   total 420864K, used 227787K [0x0000000080000000, 0x0000000100000000)
  region size 1024K, 20 young (20480K), 11 survivors (11264K)
 Metaspace       used 107626K, capacity 110532K, committed 112848K, reserved 1146880K
  class space    used 13856K, capacity 14996K, committed 16000K, reserved 1048576K
}

