# JRE version: OpenJDK Runtime Environment (11.0.13) (build 11.0.13+0-b1751.21-8125866)
# Java VM: OpenJDK 64-Bit Server VM (11.0.13+0-b1751.21-8125866, mixed mode, tiered, compressed oops, g1 gc, windows-amd64)
Heap:
 garbage-first heap   total 490496K, used 183584K [0x0000000080000000, 0x0000000100000000)
  region size 1024K, 7 young (7168K), 7 survivors (7168K)
 Metaspace       used 97486K, capacity 100986K, committed 101072K, reserved 1136640K
  class space    used 12891K, capacity 14456K, committed 14464K, reserved 1048576K
GC Heap History (20 events):
Event: 15.931 GC heap after
{Heap after GC invocations=35 (full 0):
 garbage-first heap   total 167936K, used 99379K [0x0000000080000000, 0x0000000100000000)
  region size 1024K, 7 young (7168K), 7 survivors (7168K)
 Metaspace       used 88892K, capacity 91161K, committed 92240K, reserved 1128448K
  class space    used 11281K, capacity 12115K, committed 12544K, reserved 1048576K
}
Event: 16.054 GC heap before
{Heap before GC invocations=36 (full 0):
 garbage-first heap   total 167936K, used 137267K [0x0000000080000000, 0x0000000100000000)
  region size 1024K, 46 young (47104K), 7 survivors (7168K)
 Metaspace       used 89580K, capacity 91856K, committed 92752K, reserved 1130496K
  class space    used 11386K, capacity 12260K, committed 12544K, reserved 1048576K
}
Event: 16.059 GC heap after
{Heap after GC invocations=37 (full 0):
 garbage-first heap   total 167936K, used 108986K [0x0000000080000000, 0x0000000100000000)
  region size 1024K, 6 young (6144K), 6 survivors (6144K)
 Metaspace       used 89580K, capacity 91856K, committed 92752K, reserved 1130496K
  class space    used 11386K, capacity 12260K, committed 12544K, reserved 1048576K
}
Event: 16.167 GC heap before
{Heap before GC invocations=37 (full 0):
 garbage-first heap   total 167936K, used 136634K [0x0000000080000000, 0x0000000100000000)
  region size 1024K, 34 young (34816K), 6 survivors (6144K)
 Metaspace       used 90273K, capacity 92624K, committed 93648K, reserved 1130496K
  class space    used 11464K, capacity 12324K, committed 12672K, reserved 1048576K
}
Event: 16.172 GC heap after
{Heap after GC invocations=38 (full 0):
 garbage-first heap   total 201728K, used 113825K [0x0000000080000000, 0x0000000100000000)
  region size 1024K, 5 young (5120K), 5 survivors (5120K)
 Metaspace       used 90273K, capacity 92624K, committed 93648K, reserved 1130496K
  class space    used 11464K, capacity 12324K, committed 12672K, reserved 1048576K
}
Event: 16.555 GC heap before
{Heap before GC invocations=39 (full 0):
 garbage-first heap   total 201728K, used 156833K [0x0000000080000000, 0x0000000100000000)
  region size 1024K, 48 young (49152K), 5 survivors (5120K)
 Metaspace       used 92880K, capacity 95507K, committed 95696K, reserved 1132544K
  class space    used 11909K, capacity 12902K, committed 12928K, reserved 1048576K
}
Event: 16.564 GC heap after
{Heap after GC invocations=40 (full 0):
 garbage-first heap   total 201728K, used 119688K [0x0000000080000000, 0x0000000100000000)
  region size 1024K, 6 young (6144K), 6 survivors (6144K)
 Metaspace       used 92880K, capacity 95507K, committed 95696K, reserved 1132544K
  class space    used 11909K, capacity 12902K, committed 12928K, reserved 1048576K
}
Event: 16.666 GC heap before
{Heap before GC invocations=40 (full 0):
 garbage-first heap   total 201728K, used 160648K [0x0000000080000000, 0x0000000100000000)
  region size 1024K, 47 young (48128K), 6 survivors (6144K)
 Metaspace       used 93480K, capacity 96200K, committed 96464K, reserved 1132544K
  class space    used 12022K, capacity 13094K, committed 13184K, reserved 1048576K
}
Event: 16.681 GC heap after
{Heap after GC invocations=41 (full 0):
 garbage-first heap   total 201728K, used 130961K [0x0000000080000000, 0x0000000100000000)
  region size 1024K, 6 young (6144K), 6 survivors (6144K)
 Metaspace       used 93480K, capacity 96200K, committed 96464K, reserved 1132544K
  class space    used 12022K, capacity 13094K, committed 13184K, reserved 1048576K
}
Event: 16.856 GC heap before
{Heap before GC invocations=42 (full 0):
 garbage-first heap   total 201728K, used 161681K [0x0000000080000000, 0x0000000100000000)
  region size 1024K, 37 young (37888K), 6 survivors (6144K)
 Metaspace       used 93431K, capacity 96156K, committed 96464K, reserved 1132544K
  class space    used 12000K, capacity 13054K, committed 13184K, reserved 1048576K
}
Event: 16.869 GC heap after
{Heap after GC invocations=43 (full 0):
 garbage-first heap   total 201728K, used 143045K [0x0000000080000000, 0x0000000100000000)
  region size 1024K, 5 young (5120K), 5 survivors (5120K)
 Metaspace       used 93431K, capacity 96156K, committed 96464K, reserved 1132544K
  class space    used 12000K, capacity 13054K, committed 13184K, reserved 1048576K
}
Event: 16.909 GC heap before
{Heap before GC invocations=43 (full 0):
 garbage-first heap   total 201728K, used 163525K [0x0000000080000000, 0x0000000100000000)
  region size 1024K, 26 young (26624K), 5 survivors (5120K)
 Metaspace       used 93742K, capacity 96554K, committed 96848K, reserved 1132544K
  class space    used 12089K, capacity 13186K, committed 13312K, reserved 1048576K
}
Event: 16.919 GC heap after
{Heap after GC invocations=44 (full 0):
 garbage-first heap   total 281600K, used 149142K [0x0000000080000000, 0x0000000100000000)
  region size 1024K, 4 young (4096K), 4 survivors (4096K)
 Metaspace       used 93742K, capacity 96554K, committed 96848K, reserved 1132544K
  class space    used 12089K, capacity 13186K, committed 13312K, reserved 1048576K
}
Event: 17.091 GC heap before
{Heap before GC invocations=44 (full 0):
 garbage-first heap   total 281600K, used 194198K [0x0000000080000000, 0x0000000100000000)
  region size 1024K, 49 young (50176K), 4 survivors (4096K)
 Metaspace       used 94333K, capacity 96936K, committed 98128K, reserved 1134592K
  class space    used 12070K, capacity 13051K, committed 13568K, reserved 1048576K
}
Event: 17.106 GC heap after
{Heap after GC invocations=45 (full 0):
 garbage-first heap   total 281600K, used 159417K [0x0000000080000000, 0x0000000100000000)
  region size 1024K, 7 young (7168K), 7 survivors (7168K)
 Metaspace       used 94333K, capacity 96936K, committed 98128K, reserved 1134592K
  class space    used 12070K, capacity 13051K, committed 13568K, reserved 1048576K
}
Event: 17.171 GC heap before
{Heap before GC invocations=46 (full 0):
 garbage-first heap   total 281600K, used 203449K [0x0000000080000000, 0x0000000100000000)
  region size 1024K, 51 young (52224K), 7 survivors (7168K)
 Metaspace       used 94873K, capacity 97456K, committed 98640K, reserved 1134592K
  class space    used 12140K, capacity 13115K, committed 13568K, reserved 1048576K
}
Event: 17.183 GC heap after
{Heap after GC invocations=47 (full 0):
 garbage-first heap   total 281600K, used 168320K [0x0000000080000000, 0x0000000100000000)
  region size 1024K, 7 young (7168K), 7 survivors (7168K)
 Metaspace       used 94873K, capacity 97456K, committed 98640K, reserved 1134592K
  class space    used 12140K, capacity 13115K, committed 13568K, reserved 1048576K
}
Event: 17.331 GC heap before
{Heap before GC invocations=47 (full 0):
 garbage-first heap   total 281600K, used 211328K [0x0000000080000000, 0x0000000100000000)
  region size 1024K, 50 young (51200K), 7 survivors (7168K)
 Metaspace       used 97333K, capacity 100785K, committed 101072K, reserved 1136640K
  class space    used 12858K, capacity 14391K, committed 14464K, reserved 1048576K
}
Event: 17.341 GC heap after
{Heap after GC invocations=48 (full 0):
 garbage-first heap   total 281600K, used 176071K [0x0000000080000000, 0x0000000100000000)
  region size 1024K, 7 young (7168K), 7 survivors (7168K)
 Metaspace       used 97333K, capacity 100785K, committed 101072K, reserved 1136640K
  class space    used 12858K, capacity 14391K, committed 14464K, reserved 1048576K
}
Event: 17.391 GC heap before
{Heap before GC invocations=48 (full 0):
 garbage-first heap   total 281600K, used 219079K [0x0000000080000000, 0x0000000100000000)
  region size 1024K, 49 young (50176K), 7 survivors (7168K)
 Metaspace       used 97486K, capacity 100986K, committed 101072K, reserved 1136640K
  class space    used 12891K, capacity 14456K, committed 14464K, reserved 1048576K
}

