# JRE version: OpenJDK Runtime Environment (11.0.13) (build 11.0.13+0-b1751.21-8125866)
# Java VM: OpenJDK 64-Bit Server VM (11.0.13+0-b1751.21-8125866, mixed mode, tiered, compressed oops, g1 gc, windows-amd64)
Heap:
 garbage-first heap   total 96256K, used 72362K [0x0000000080000000, 0x0000000100000000)
  region size 1024K, 40 young (40960K), 5 survivors (5120K)
 Metaspace       used 50060K, capacity 51591K, committed 51792K, reserved 1093632K
  class space    used 6322K, capacity 6881K, committed 6912K, reserved 1048576K
GC Heap History (20 events):
Event: 1.912 GC heap before
{Heap before GC invocations=0 (full 0):
 garbage-first heap   total 96256K, used 29696K [0x0000000080000000, 0x0000000100000000)
  region size 1024K, 24 young (24576K), 0 survivors (0K)
 Metaspace       used 10242K, capacity 10499K, committed 10624K, reserved 1058816K
  class space    used 1054K, capacity 1141K, committed 1152K, reserved 1048576K
}
Event: 1.921 GC heap after
{Heap after GC invocations=1 (full 0):
 garbage-first heap   total 96256K, used 9118K [0x0000000080000000, 0x0000000100000000)
  region size 1024K, 3 young (3072K), 3 survivors (3072K)
 Metaspace       used 10242K, capacity 10499K, committed 10624K, reserved 1058816K
  class space    used 1054K, capacity 1141K, committed 1152K, reserved 1048576K
}
Event: 3.125 GC heap before
{Heap before GC invocations=1 (full 0):
 garbage-first heap   total 96256K, used 63390K [0x0000000080000000, 0x0000000100000000)
  region size 1024K, 56 young (57344K), 3 survivors (3072K)
 Metaspace       used 13634K, capacity 14017K, committed 14208K, reserved 1062912K
  class space    used 1483K, capacity 1591K, committed 1664K, reserved 1048576K
}
Event: 3.134 GC heap after
{Heap after GC invocations=2 (full 0):
 garbage-first heap   total 96256K, used 14958K [0x0000000080000000, 0x0000000100000000)
  region size 1024K, 7 young (7168K), 7 survivors (7168K)
 Metaspace       used 13634K, capacity 14017K, committed 14208K, reserved 1062912K
  class space    used 1483K, capacity 1591K, committed 1664K, reserved 1048576K
}
Event: 4.866 GC heap before
{Heap before GC invocations=2 (full 0):
 garbage-first heap   total 96256K, used 58990K [0x0000000080000000, 0x0000000100000000)
  region size 1024K, 51 young (52224K), 7 survivors (7168K)
 Metaspace       used 20711K, capacity 21159K, committed 21296K, reserved 1069056K
  class space    used 2506K, capacity 2633K, committed 2688K, reserved 1048576K
}
Event: 4.878 GC heap after
{Heap after GC invocations=3 (full 0):
 garbage-first heap   total 96256K, used 17424K [0x0000000080000000, 0x0000000100000000)
  region size 1024K, 3 young (3072K), 3 survivors (3072K)
 Metaspace       used 20711K, capacity 21159K, committed 21296K, reserved 1069056K
  class space    used 2506K, capacity 2633K, committed 2688K, reserved 1048576K
}
Event: 5.739 GC heap before
{Heap before GC invocations=4 (full 0):
 garbage-first heap   total 96256K, used 64528K [0x0000000080000000, 0x0000000100000000)
  region size 1024K, 49 young (50176K), 3 survivors (3072K)
 Metaspace       used 25647K, capacity 26220K, committed 26544K, reserved 1073152K
  class space    used 3290K, capacity 3475K, committed 3584K, reserved 1048576K
}
Event: 5.743 GC heap after
{Heap after GC invocations=5 (full 0):
 garbage-first heap   total 96256K, used 19172K [0x0000000080000000, 0x0000000100000000)
  region size 1024K, 4 young (4096K), 4 survivors (4096K)
 Metaspace       used 25647K, capacity 26220K, committed 26544K, reserved 1073152K
  class space    used 3290K, capacity 3475K, committed 3584K, reserved 1048576K
}
Event: 6.503 GC heap before
{Heap before GC invocations=5 (full 0):
 garbage-first heap   total 96256K, used 68324K [0x0000000080000000, 0x0000000100000000)
  region size 1024K, 52 young (53248K), 4 survivors (4096K)
 Metaspace       used 30546K, capacity 31253K, committed 31408K, reserved 1077248K
  class space    used 4035K, capacity 4306K, committed 4352K, reserved 1048576K
}
Event: 6.508 GC heap after
{Heap after GC invocations=6 (full 0):
 garbage-first heap   total 96256K, used 20418K [0x0000000080000000, 0x0000000100000000)
  region size 1024K, 4 young (4096K), 4 survivors (4096K)
 Metaspace       used 30546K, capacity 31253K, committed 31408K, reserved 1077248K
  class space    used 4035K, capacity 4306K, committed 4352K, reserved 1048576K
}
Event: 6.879 GC heap before
{Heap before GC invocations=6 (full 0):
 garbage-first heap   total 96256K, used 33730K [0x0000000080000000, 0x0000000100000000)
  region size 1024K, 18 young (18432K), 4 survivors (4096K)
 Metaspace       used 35011K, capacity 35793K, committed 35920K, reserved 1081344K
  class space    used 4485K, capacity 4799K, committed 4864K, reserved 1048576K
}
Event: 6.886 GC heap after
{Heap after GC invocations=7 (full 0):
 garbage-first heap   total 96256K, used 22753K [0x0000000080000000, 0x0000000100000000)
  region size 1024K, 6 young (6144K), 6 survivors (6144K)
 Metaspace       used 35011K, capacity 35793K, committed 35920K, reserved 1081344K
  class space    used 4485K, capacity 4799K, committed 4864K, reserved 1048576K
}
Event: 7.403 GC heap before
{Heap before GC invocations=8 (full 0):
 garbage-first heap   total 96256K, used 70881K [0x0000000080000000, 0x0000000100000000)
  region size 1024K, 51 young (52224K), 6 survivors (6144K)
 Metaspace       used 39227K, capacity 40119K, committed 40272K, reserved 1085440K
  class space    used 4946K, capacity 5277K, committed 5376K, reserved 1048576K
}
Event: 7.412 GC heap after
{Heap after GC invocations=9 (full 0):
 garbage-first heap   total 96256K, used 26926K [0x0000000080000000, 0x0000000100000000)
  region size 1024K, 7 young (7168K), 7 survivors (7168K)
 Metaspace       used 39227K, capacity 40119K, committed 40272K, reserved 1085440K
  class space    used 4946K, capacity 5277K, committed 5376K, reserved 1048576K
}
Event: 7.883 GC heap before
{Heap before GC invocations=9 (full 0):
 garbage-first heap   total 96256K, used 71982K [0x0000000080000000, 0x0000000100000000)
  region size 1024K, 50 young (51200K), 7 survivors (7168K)
 Metaspace       used 42995K, capacity 44015K, committed 44240K, reserved 1087488K
  class space    used 5389K, capacity 5757K, committed 5760K, reserved 1048576K
}
Event: 7.888 GC heap after
{Heap after GC invocations=10 (full 0):
 garbage-first heap   total 96256K, used 28686K [0x0000000080000000, 0x0000000100000000)
  region size 1024K, 3 young (3072K), 3 survivors (3072K)
 Metaspace       used 42995K, capacity 44015K, committed 44240K, reserved 1087488K
  class space    used 5389K, capacity 5757K, committed 5760K, reserved 1048576K
}
Event: 8.320 GC heap before
{Heap before GC invocations=10 (full 0):
 garbage-first heap   total 96256K, used 72718K [0x0000000080000000, 0x0000000100000000)
  region size 1024K, 46 young (47104K), 3 survivors (3072K)
 Metaspace       used 46101K, capacity 47355K, committed 47696K, reserved 1091584K
  class space    used 5844K, capacity 6297K, committed 6400K, reserved 1048576K
}
Event: 8.325 GC heap after
{Heap after GC invocations=11 (full 0):
 garbage-first heap   total 96256K, used 29552K [0x0000000080000000, 0x0000000100000000)
  region size 1024K, 4 young (4096K), 4 survivors (4096K)
 Metaspace       used 46101K, capacity 47355K, committed 47696K, reserved 1091584K
  class space    used 5844K, capacity 6297K, committed 6400K, reserved 1048576K
}
Event: 9.044 GC heap before
{Heap before GC invocations=11 (full 0):
 garbage-first heap   total 96256K, used 74608K [0x0000000080000000, 0x0000000100000000)
  region size 1024K, 48 young (49152K), 4 survivors (4096K)
 Metaspace       used 47676K, capacity 48970K, committed 49104K, reserved 1091584K
  class space    used 6010K, capacity 6510K, committed 6528K, reserved 1048576K
}
Event: 9.049 GC heap after
{Heap after GC invocations=12 (full 0):
 garbage-first heap   total 96256K, used 32426K [0x0000000080000000, 0x0000000100000000)
  region size 1024K, 5 young (5120K), 5 survivors (5120K)
 Metaspace       used 47676K, capacity 48970K, committed 49104K, reserved 1091584K
  class space    used 6010K, capacity 6510K, committed 6528K, reserved 1048576K
}

