# JRE version: OpenJDK Runtime Environment (11.0.13) (build 11.0.13+0-b1751.21-8125866)
# Java VM: OpenJDK 64-Bit Server VM (11.0.13+0-b1751.21-8125866, mixed mode, tiered, compressed oops, g1 gc, windows-amd64)
Heap:
 garbage-first heap   total 563200K, used 194277K [0x0000000080000000, 0x0000000100000000)
  region size 1024K, 13 young (13312K), 13 survivors (13312K)
 Metaspace       used 122532K, capacity 125647K, committed 129616K, reserved 1161216K
  class space    used 15197K, capacity 16402K, committed 17920K, reserved 1048576K
GC Heap History (20 events):
Event: 36.472 GC heap after
{Heap after GC invocations=89 (full 0):
 garbage-first heap   total 359424K, used 179864K [0x0000000080000000, 0x0000000100000000)
  region size 1024K, 4 young (4096K), 4 survivors (4096K)
 Metaspace       used 122220K, capacity 125494K, committed 129104K, reserved 1161216K
  class space    used 15263K, capacity 16533K, committed 17920K, reserved 1048576K
}
Event: 36.772 GC heap before
{Heap before GC invocations=89 (full 0):
 garbage-first heap   total 359424K, used 292504K [0x0000000080000000, 0x0000000100000000)
  region size 1024K, 114 young (116736K), 4 survivors (4096K)
 Metaspace       used 122043K, capacity 125157K, committed 129104K, reserved 1161216K
  class space    used 15184K, capacity 16394K, committed 17920K, reserved 1048576K
}
Event: 36.778 GC heap after
{Heap after GC invocations=90 (full 0):
 garbage-first heap   total 359424K, used 183030K [0x0000000080000000, 0x0000000100000000)
  region size 1024K, 7 young (7168K), 7 survivors (7168K)
 Metaspace       used 122043K, capacity 125157K, committed 129104K, reserved 1161216K
  class space    used 15184K, capacity 16394K, committed 17920K, reserved 1048576K
}
Event: 36.926 GC heap before
{Heap before GC invocations=91 (full 0):
 garbage-first heap   total 359424K, used 295670K [0x0000000080000000, 0x0000000100000000)
  region size 1024K, 117 young (119808K), 7 survivors (7168K)
 Metaspace       used 122052K, capacity 125167K, committed 129104K, reserved 1161216K
  class space    used 15186K, capacity 16397K, committed 17920K, reserved 1048576K
}
Event: 36.932 GC heap after
{Heap after GC invocations=92 (full 0):
 garbage-first heap   total 359424K, used 183621K [0x0000000080000000, 0x0000000100000000)
  region size 1024K, 7 young (7168K), 7 survivors (7168K)
 Metaspace       used 122052K, capacity 125167K, committed 129104K, reserved 1161216K
  class space    used 15186K, capacity 16397K, committed 17920K, reserved 1048576K
}
Event: 36.944 GC heap before
{Heap before GC invocations=92 (full 0):
 garbage-first heap   total 359424K, used 193861K [0x0000000080000000, 0x0000000100000000)
  region size 1024K, 17 young (17408K), 7 survivors (7168K)
 Metaspace       used 122052K, capacity 125167K, committed 129104K, reserved 1161216K
  class space    used 15186K, capacity 16397K, committed 17920K, reserved 1048576K
}
Event: 36.954 GC heap after
{Heap after GC invocations=93 (full 0):
 garbage-first heap   total 359424K, used 177111K [0x0000000080000000, 0x0000000100000000)
  region size 1024K, 2 young (2048K), 2 survivors (2048K)
 Metaspace       used 122052K, capacity 125167K, committed 129104K, reserved 1161216K
  class space    used 15186K, capacity 16397K, committed 17920K, reserved 1048576K
}
Event: 37.118 GC heap before
{Heap before GC invocations=93 (full 0):
 garbage-first heap   total 359424K, used 295895K [0x0000000080000000, 0x0000000100000000)
  region size 1024K, 118 young (120832K), 2 survivors (2048K)
 Metaspace       used 122118K, capacity 125233K, committed 129360K, reserved 1161216K
  class space    used 15186K, capacity 16397K, committed 17920K, reserved 1048576K
}
Event: 37.123 GC heap after
{Heap after GC invocations=94 (full 0):
 garbage-first heap   total 359424K, used 177405K [0x0000000080000000, 0x0000000100000000)
  region size 1024K, 2 young (2048K), 2 survivors (2048K)
 Metaspace       used 122118K, capacity 125233K, committed 129360K, reserved 1161216K
  class space    used 15186K, capacity 16397K, committed 17920K, reserved 1048576K
}
Event: 37.357 GC heap before
{Heap before GC invocations=94 (full 0):
 garbage-first heap   total 359424K, used 299261K [0x0000000080000000, 0x0000000100000000)
  region size 1024K, 121 young (123904K), 2 survivors (2048K)
 Metaspace       used 122228K, capacity 125371K, committed 129360K, reserved 1161216K
  class space    used 15187K, capacity 16399K, committed 17920K, reserved 1048576K
}
Event: 37.361 GC heap after
{Heap after GC invocations=95 (full 0):
 garbage-first heap   total 359424K, used 179187K [0x0000000080000000, 0x0000000100000000)
  region size 1024K, 4 young (4096K), 4 survivors (4096K)
 Metaspace       used 122228K, capacity 125371K, committed 129360K, reserved 1161216K
  class space    used 15187K, capacity 16399K, committed 17920K, reserved 1048576K
}
Event: 37.539 GC heap before
{Heap before GC invocations=96 (full 0):
 garbage-first heap   total 359424K, used 301043K [0x0000000080000000, 0x0000000100000000)
  region size 1024K, 124 young (126976K), 4 survivors (4096K)
 Metaspace       used 122290K, capacity 125378K, committed 129360K, reserved 1161216K
  class space    used 15191K, capacity 16401K, committed 17920K, reserved 1048576K
}
Event: 37.543 GC heap after
{Heap after GC invocations=97 (full 0):
 garbage-first heap   total 359424K, used 181100K [0x0000000080000000, 0x0000000100000000)
  region size 1024K, 6 young (6144K), 6 survivors (6144K)
 Metaspace       used 122290K, capacity 125378K, committed 129360K, reserved 1161216K
  class space    used 15191K, capacity 16401K, committed 17920K, reserved 1048576K
}
Event: 37.560 GC heap before
{Heap before GC invocations=97 (full 0):
 garbage-first heap   total 359424K, used 192364K [0x0000000080000000, 0x0000000100000000)
  region size 1024K, 17 young (17408K), 6 survivors (6144K)
 Metaspace       used 122290K, capacity 125378K, committed 129360K, reserved 1161216K
  class space    used 15191K, capacity 16401K, committed 17920K, reserved 1048576K
}
Event: 37.568 GC heap after
{Heap after GC invocations=98 (full 0):
 garbage-first heap   total 359424K, used 176580K [0x0000000080000000, 0x0000000100000000)
  region size 1024K, 2 young (2048K), 2 survivors (2048K)
 Metaspace       used 122290K, capacity 125378K, committed 129360K, reserved 1161216K
  class space    used 15191K, capacity 16401K, committed 17920K, reserved 1048576K
}
Event: 37.724 GC heap before
{Heap before GC invocations=98 (full 0):
 garbage-first heap   total 359424K, used 300484K [0x0000000080000000, 0x0000000100000000)
  region size 1024K, 124 young (126976K), 2 survivors (2048K)
 Metaspace       used 122337K, capacity 125445K, committed 129360K, reserved 1161216K
  class space    used 15196K, capacity 16402K, committed 17920K, reserved 1048576K
}
Event: 37.746 GC heap after
{Heap after GC invocations=99 (full 0):
 garbage-first heap   total 359424K, used 183437K [0x0000000080000000, 0x0000000100000000)
  region size 1024K, 9 young (9216K), 9 survivors (9216K)
 Metaspace       used 122337K, capacity 125445K, committed 129360K, reserved 1161216K
  class space    used 15196K, capacity 16402K, committed 17920K, reserved 1048576K
}
Event: 37.965 GC heap before
{Heap before GC invocations=99 (full 0):
 garbage-first heap   total 359424K, used 301197K [0x0000000080000000, 0x0000000100000000)
  region size 1024K, 125 young (128000K), 9 survivors (9216K)
 Metaspace       used 122404K, capacity 125510K, committed 129616K, reserved 1161216K
  class space    used 15197K, capacity 16402K, committed 17920K, reserved 1048576K
}
Event: 37.975 GC heap after
{Heap after GC invocations=100 (full 0):
 garbage-first heap   total 359424K, used 189412K [0x0000000080000000, 0x0000000100000000)
  region size 1024K, 14 young (14336K), 14 survivors (14336K)
 Metaspace       used 122404K, capacity 125510K, committed 129616K, reserved 1161216K
  class space    used 15197K, capacity 16402K, committed 17920K, reserved 1048576K
}
Event: 38.119 GC heap before
{Heap before GC invocations=101 (full 0):
 garbage-first heap   total 359424K, used 303076K [0x0000000080000000, 0x0000000100000000)
  region size 1024K, 126 young (129024K), 14 survivors (14336K)
 Metaspace       used 122532K, capacity 125647K, committed 129616K, reserved 1161216K
  class space    used 15197K, capacity 16402K, committed 17920K, reserved 1048576K
}

