# JRE version: OpenJDK Runtime Environment (11.0.13) (build 11.0.13+0-b1751.21-8125866)
# Java VM: OpenJDK 64-Bit Server VM (11.0.13+0-b1751.21-8125866, mixed mode, tiered, compressed oops, g1 gc, windows-amd64)
Heap:
 garbage-first heap   total 115712K, used 64826K [0x0000000080000000, 0x0000000100000000)
  region size 1024K, 3 young (3072K), 3 survivors (3072K)
 Metaspace       used 79266K, capacity 81204K, committed 81488K, reserved 1120256K
  class space    used 10156K, capacity 10888K, committed 11008K, reserved 1048576K
GC Heap History (20 events):
Event: 11.068 GC heap after
{Heap after GC invocations=22 (full 0):
 garbage-first heap   total 96256K, used 50131K [0x0000000080000000, 0x0000000100000000)
  region size 1024K, 3 young (3072K), 3 survivors (3072K)
 Metaspace       used 63227K, capacity 64894K, committed 65232K, reserved 1105920K
  class space    used 7894K, capacity 8490K, committed 8576K, reserved 1048576K
}
Event: 11.489 GC heap before
{Heap before GC invocations=23 (full 0):
 garbage-first heap   total 96256K, used 77779K [0x0000000080000000, 0x0000000100000000)
  region size 1024K, 31 young (31744K), 3 survivors (3072K)
 Metaspace       used 66848K, capacity 68603K, committed 68816K, reserved 1110016K
  class space    used 8360K, capacity 9002K, committed 9088K, reserved 1048576K
}
Event: 11.493 GC heap after
{Heap after GC invocations=24 (full 0):
 garbage-first heap   total 96256K, used 54303K [0x0000000080000000, 0x0000000100000000)
  region size 1024K, 4 young (4096K), 4 survivors (4096K)
 Metaspace       used 66848K, capacity 68603K, committed 68816K, reserved 1110016K
  class space    used 8360K, capacity 9002K, committed 9088K, reserved 1048576K
}
Event: 11.902 GC heap before
{Heap before GC invocations=24 (full 0):
 garbage-first heap   total 96256K, used 77855K [0x0000000080000000, 0x0000000100000000)
  region size 1024K, 27 young (27648K), 4 survivors (4096K)
 Metaspace       used 69037K, capacity 70842K, committed 71120K, reserved 1112064K
  class space    used 8621K, capacity 9296K, committed 9344K, reserved 1048576K
}
Event: 11.908 GC heap after
{Heap after GC invocations=25 (full 0):
 garbage-first heap   total 96256K, used 55479K [0x0000000080000000, 0x0000000100000000)
  region size 1024K, 2 young (2048K), 2 survivors (2048K)
 Metaspace       used 69037K, capacity 70842K, committed 71120K, reserved 1112064K
  class space    used 8621K, capacity 9296K, committed 9344K, reserved 1048576K
}
Event: 12.134 GC heap before
{Heap before GC invocations=26 (full 0):
 garbage-first heap   total 96256K, used 69815K [0x0000000080000000, 0x0000000100000000)
  region size 1024K, 18 young (18432K), 2 survivors (2048K)
 Metaspace       used 70272K, capacity 71986K, committed 72272K, reserved 1112064K
  class space    used 8779K, capacity 9398K, committed 9472K, reserved 1048576K
}
Event: 12.137 GC heap after
{Heap after GC invocations=27 (full 0):
 garbage-first heap   total 96256K, used 56450K [0x0000000080000000, 0x0000000100000000)
  region size 1024K, 3 young (3072K), 3 survivors (3072K)
 Metaspace       used 70272K, capacity 71986K, committed 72272K, reserved 1112064K
  class space    used 8779K, capacity 9398K, committed 9472K, reserved 1048576K
}
Event: 12.351 GC heap before
{Heap before GC invocations=28 (full 0):
 garbage-first heap   total 96256K, used 77954K [0x0000000080000000, 0x0000000100000000)
  region size 1024K, 23 young (23552K), 3 survivors (3072K)
 Metaspace       used 71087K, capacity 72896K, committed 73168K, reserved 1114112K
  class space    used 8907K, capacity 9569K, committed 9600K, reserved 1048576K
}
Event: 12.354 GC heap after
{Heap after GC invocations=29 (full 0):
 garbage-first heap   total 96256K, used 57810K [0x0000000080000000, 0x0000000100000000)
  region size 1024K, 3 young (3072K), 3 survivors (3072K)
 Metaspace       used 71087K, capacity 72896K, committed 73168K, reserved 1114112K
  class space    used 8907K, capacity 9569K, committed 9600K, reserved 1048576K
}
Event: 12.441 GC heap before
{Heap before GC invocations=29 (full 0):
 garbage-first heap   total 96256K, used 77266K [0x0000000080000000, 0x0000000100000000)
  region size 1024K, 22 young (22528K), 3 survivors (3072K)
 Metaspace       used 71137K, capacity 72992K, committed 73296K, reserved 1114112K
  class space    used 8913K, capacity 9601K, committed 9728K, reserved 1048576K
}
Event: 12.445 GC heap after
{Heap after GC invocations=30 (full 0):
 garbage-first heap   total 96256K, used 59349K [0x0000000080000000, 0x0000000100000000)
  region size 1024K, 3 young (3072K), 3 survivors (3072K)
 Metaspace       used 71137K, capacity 72992K, committed 73296K, reserved 1114112K
  class space    used 8913K, capacity 9601K, committed 9728K, reserved 1048576K
}
Event: 12.636 GC heap before
{Heap before GC invocations=31 (full 0):
 garbage-first heap   total 96256K, used 78805K [0x0000000080000000, 0x0000000100000000)
  region size 1024K, 22 young (22528K), 3 survivors (3072K)
 Metaspace       used 72163K, capacity 73869K, committed 74064K, reserved 1114112K
  class space    used 9020K, capacity 9700K, committed 9728K, reserved 1048576K
}
Event: 12.638 GC heap after
{Heap after GC invocations=32 (full 0):
 garbage-first heap   total 96256K, used 60433K [0x0000000080000000, 0x0000000100000000)
  region size 1024K, 1 young (1024K), 1 survivors (1024K)
 Metaspace       used 72163K, capacity 73869K, committed 74064K, reserved 1114112K
  class space    used 9020K, capacity 9700K, committed 9728K, reserved 1048576K
}
Event: 12.960 GC heap before
{Heap before GC invocations=32 (full 0):
 garbage-first heap   total 96256K, used 78865K [0x0000000080000000, 0x0000000100000000)
  region size 1024K, 19 young (19456K), 1 survivors (1024K)
 Metaspace       used 74319K, capacity 76091K, committed 76240K, reserved 1116160K
  class space    used 9379K, capacity 10058K, committed 10112K, reserved 1048576K
}
Event: 12.962 GC heap after
{Heap after GC invocations=33 (full 0):
 garbage-first heap   total 96256K, used 61184K [0x0000000080000000, 0x0000000100000000)
  region size 1024K, 2 young (2048K), 2 survivors (2048K)
 Metaspace       used 74319K, capacity 76091K, committed 76240K, reserved 1116160K
  class space    used 9379K, capacity 10058K, committed 10112K, reserved 1048576K
}
Event: 13.339 GC heap before
{Heap before GC invocations=34 (full 0):
 garbage-first heap   total 96256K, used 78592K [0x0000000080000000, 0x0000000100000000)
  region size 1024K, 20 young (20480K), 2 survivors (2048K)
 Metaspace       used 76567K, capacity 78355K, committed 78672K, reserved 1118208K
  class space    used 9765K, capacity 10422K, committed 10496K, reserved 1048576K
}
Event: 13.342 GC heap after
{Heap after GC invocations=35 (full 0):
 garbage-first heap   total 96256K, used 62472K [0x0000000080000000, 0x0000000100000000)
  region size 1024K, 3 young (3072K), 3 survivors (3072K)
 Metaspace       used 76567K, capacity 78355K, committed 78672K, reserved 1118208K
  class space    used 9765K, capacity 10422K, committed 10496K, reserved 1048576K
}
Event: 13.576 GC heap before
{Heap before GC invocations=35 (full 0):
 garbage-first heap   total 96256K, used 79880K [0x0000000080000000, 0x0000000100000000)
  region size 1024K, 20 young (20480K), 3 survivors (3072K)
 Metaspace       used 78047K, capacity 79822K, committed 79952K, reserved 1118208K
  class space    used 9977K, capacity 10693K, committed 10752K, reserved 1048576K
}
Event: 13.580 GC heap after
{Heap after GC invocations=36 (full 0):
 garbage-first heap   total 96256K, used 63724K [0x0000000080000000, 0x0000000100000000)
  region size 1024K, 3 young (3072K), 3 survivors (3072K)
 Metaspace       used 78047K, capacity 79822K, committed 79952K, reserved 1118208K
  class space    used 9977K, capacity 10693K, committed 10752K, reserved 1048576K
}
Event: 13.793 GC heap before
{Heap before GC invocations=37 (full 0):
 garbage-first heap   total 96256K, used 81132K [0x0000000080000000, 0x0000000100000000)
  region size 1024K, 20 young (20480K), 3 survivors (3072K)
 Metaspace       used 79266K, capacity 81204K, committed 81488K, reserved 1120256K
  class space    used 10156K, capacity 10888K, committed 11008K, reserved 1048576K
}

