# JRE version: OpenJDK Runtime Environment (11.0.13) (build 11.0.13+0-b1751.21-8125866)
# Java VM: OpenJDK 64-Bit Server VM (11.0.13+0-b1751.21-8125866, mixed mode, tiered, compressed oops, g1 gc, windows-amd64)
Heap:
 garbage-first heap   total 747520K, used 198550K [0x0000000080000000, 0x0000000100000000)
  region size 1024K, 3 young (3072K), 3 survivors (3072K)
 Metaspace       used 101589K, capacity 105059K, committed 105296K, reserved 1140736K
  class space    used 13527K, capacity 15011K, committed 15104K, reserved 1048576K
GC Heap History (20 events):
Event: 17.895 GC heap after
{Heap after GC invocations=47 (full 0):
 garbage-first heap   total 167936K, used 109120K [0x0000000080000000, 0x0000000100000000)
  region size 1024K, 5 young (5120K), 5 survivors (5120K)
 Metaspace       used 92375K, capacity 94855K, committed 95184K, reserved 1132544K
  class space    used 11841K, capacity 12807K, committed 12928K, reserved 1048576K
}
Event: 17.987 GC heap before
{Heap before GC invocations=47 (full 0):
 garbage-first heap   total 167936K, used 135744K [0x0000000080000000, 0x0000000100000000)
  region size 1024K, 31 young (31744K), 5 survivors (5120K)
 Metaspace       used 92906K, capacity 95430K, committed 95696K, reserved 1132544K
  class space    used 11913K, capacity 12893K, committed 12928K, reserved 1048576K
}
Event: 17.996 GC heap after
{Heap after GC invocations=48 (full 0):
 garbage-first heap   total 167936K, used 113594K [0x0000000080000000, 0x0000000100000000)
  region size 1024K, 4 young (4096K), 4 survivors (4096K)
 Metaspace       used 92906K, capacity 95430K, committed 95696K, reserved 1132544K
  class space    used 11913K, capacity 12893K, committed 12928K, reserved 1048576K
}
Event: 18.070 GC heap before
{Heap before GC invocations=48 (full 0):
 garbage-first heap   total 167936K, used 137146K [0x0000000080000000, 0x0000000100000000)
  region size 1024K, 27 young (27648K), 4 survivors (4096K)
 Metaspace       used 93104K, capacity 95620K, committed 95824K, reserved 1132544K
  class space    used 11947K, capacity 12935K, committed 13056K, reserved 1048576K
}
Event: 18.080 GC heap after
{Heap after GC invocations=49 (full 0):
 garbage-first heap   total 204800K, used 119333K [0x0000000080000000, 0x0000000100000000)
  region size 1024K, 4 young (4096K), 4 survivors (4096K)
 Metaspace       used 93104K, capacity 95620K, committed 95824K, reserved 1132544K
  class space    used 11947K, capacity 12935K, committed 13056K, reserved 1048576K
}
Event: 18.304 GC heap before
{Heap before GC invocations=50 (full 0):
 garbage-first heap   total 204800K, used 156197K [0x0000000080000000, 0x0000000100000000)
  region size 1024K, 41 young (41984K), 4 survivors (4096K)
 Metaspace       used 94103K, capacity 96692K, committed 96976K, reserved 1132544K
  class space    used 12079K, capacity 13096K, committed 13184K, reserved 1048576K
}
Event: 18.326 GC heap after
{Heap after GC invocations=51 (full 0):
 garbage-first heap   total 204800K, used 127273K [0x0000000080000000, 0x0000000100000000)
  region size 1024K, 6 young (6144K), 6 survivors (6144K)
 Metaspace       used 94103K, capacity 96692K, committed 96976K, reserved 1132544K
  class space    used 12079K, capacity 13096K, committed 13184K, reserved 1048576K
}
Event: 18.369 GC heap before
{Heap before GC invocations=51 (full 0):
 garbage-first heap   total 204800K, used 162089K [0x0000000080000000, 0x0000000100000000)
  region size 1024K, 40 young (40960K), 6 survivors (6144K)
 Metaspace       used 94369K, capacity 96884K, committed 96976K, reserved 1132544K
  class space    used 12105K, capacity 13096K, committed 13184K, reserved 1048576K
}
Event: 18.394 GC heap after
{Heap after GC invocations=52 (full 0):
 garbage-first heap   total 204800K, used 135168K [0x0000000080000000, 0x0000000100000000)
  region size 1024K, 5 young (5120K), 5 survivors (5120K)
 Metaspace       used 94369K, capacity 96884K, committed 96976K, reserved 1132544K
  class space    used 12105K, capacity 13096K, committed 13184K, reserved 1048576K
}
Event: 18.468 GC heap before
{Heap before GC invocations=52 (full 0):
 garbage-first heap   total 204800K, used 165888K [0x0000000080000000, 0x0000000100000000)
  region size 1024K, 35 young (35840K), 5 survivors (5120K)
 Metaspace       used 94411K, capacity 96980K, committed 97232K, reserved 1134592K
  class space    used 12118K, capacity 13128K, committed 13184K, reserved 1048576K
}
Event: 18.481 GC heap after
{Heap after GC invocations=53 (full 0):
 garbage-first heap   total 204800K, used 142634K [0x0000000080000000, 0x0000000100000000)
  region size 1024K, 5 young (5120K), 5 survivors (5120K)
 Metaspace       used 94411K, capacity 96980K, committed 97232K, reserved 1134592K
  class space    used 12118K, capacity 13128K, committed 13184K, reserved 1048576K
}
Event: 18.568 GC heap before
{Heap before GC invocations=53 (full 0):
 garbage-first heap   total 204800K, used 169258K [0x0000000080000000, 0x0000000100000000)
  region size 1024K, 31 young (31744K), 5 survivors (5120K)
 Metaspace       used 94264K, capacity 96558K, committed 97232K, reserved 1134592K
  class space    used 12017K, capacity 12910K, committed 13184K, reserved 1048576K
}
Event: 18.587 GC heap after
{Heap after GC invocations=54 (full 0):
 garbage-first heap   total 409600K, used 148480K [0x0000000080000000, 0x0000000100000000)
  region size 1024K, 4 young (4096K), 4 survivors (4096K)
 Metaspace       used 94264K, capacity 96558K, committed 97232K, reserved 1134592K
  class space    used 12017K, capacity 12910K, committed 13184K, reserved 1048576K
}
Event: 18.776 GC heap before
{Heap before GC invocations=55 (full 0):
 garbage-first heap   total 409600K, used 242688K [0x0000000080000000, 0x0000000100000000)
  region size 1024K, 96 young (98304K), 4 survivors (4096K)
 Metaspace       used 96163K, capacity 99038K, committed 99152K, reserved 1134592K
  class space    used 12499K, capacity 13758K, committed 13824K, reserved 1048576K
}
Event: 18.794 GC heap after
{Heap after GC invocations=56 (full 0):
 garbage-first heap   total 409600K, used 165372K [0x0000000080000000, 0x0000000100000000)
  region size 1024K, 12 young (12288K), 12 survivors (12288K)
 Metaspace       used 96163K, capacity 99038K, committed 99152K, reserved 1134592K
  class space    used 12499K, capacity 13758K, committed 13824K, reserved 1048576K
}
Event: 18.912 GC heap before
{Heap before GC invocations=56 (full 0):
 garbage-first heap   total 409600K, used 267772K [0x0000000080000000, 0x0000000100000000)
  region size 1024K, 112 young (114688K), 12 survivors (12288K)
 Metaspace       used 96961K, capacity 99872K, committed 100048K, reserved 1136640K
  class space    used 12664K, capacity 13933K, committed 13952K, reserved 1048576K
}
Event: 18.942 GC heap after
{Heap after GC invocations=57 (full 0):
 garbage-first heap   total 409600K, used 183296K [0x0000000080000000, 0x0000000100000000)
  region size 1024K, 14 young (14336K), 14 survivors (14336K)
 Metaspace       used 96961K, capacity 99872K, committed 100048K, reserved 1136640K
  class space    used 12664K, capacity 13933K, committed 13952K, reserved 1048576K
}
Event: 19.289 GC heap before
{Heap before GC invocations=57 (full 0):
 garbage-first heap   total 409600K, used 286720K [0x0000000080000000, 0x0000000100000000)
  region size 1024K, 115 young (117760K), 14 survivors (14336K)
 Metaspace       used 100012K, capacity 103291K, committed 103376K, reserved 1138688K
  class space    used 13283K, capacity 14679K, committed 14720K, reserved 1048576K
}
Event: 19.306 GC heap after
{Heap after GC invocations=58 (full 0):
 garbage-first heap   total 409600K, used 195618K [0x0000000080000000, 0x0000000100000000)
  region size 1024K, 11 young (11264K), 11 survivors (11264K)
 Metaspace       used 100012K, capacity 103291K, committed 103376K, reserved 1138688K
  class space    used 13283K, capacity 14679K, committed 14720K, reserved 1048576K
}
Event: 19.579 GC heap before
{Heap before GC invocations=58 (full 0):
 garbage-first heap   total 409600K, used 299042K [0x0000000080000000, 0x0000000100000000)
  region size 1024K, 112 young (114688K), 11 survivors (11264K)
 Metaspace       used 101589K, capacity 105059K, committed 105296K, reserved 1140736K
  class space    used 13527K, capacity 15011K, committed 15104K, reserved 1048576K
}

