# JRE version: OpenJDK Runtime Environment (11.0.13) (build 11.0.13+0-b1751.21-8125866)
# Java VM: OpenJDK 64-Bit Server VM (11.0.13+0-b1751.21-8125866, mixed mode, tiered, compressed oops, g1 gc, windows-amd64)
Heap:
 garbage-first heap   total 96256K, used 33328K [0x0000000080000000, 0x0000000100000000)
  region size 1024K, 11 young (11264K), 5 survivors (5120K)
 Metaspace       used 42807K, capacity 43850K, committed 43984K, reserved 1087488K
  class space    used 5360K, capacity 5719K, committed 5760K, reserved 1048576K
GC Heap History (18 events):
Event: 1.352 GC heap before
{Heap before GC invocations=0 (full 0):
 garbage-first heap   total 96256K, used 29696K [0x0000000080000000, 0x0000000100000000)
  region size 1024K, 24 young (24576K), 0 survivors (0K)
 Metaspace       used 10243K, capacity 10507K, committed 10624K, reserved 1058816K
  class space    used 1054K, capacity 1141K, committed 1152K, reserved 1048576K
}
Event: 1.360 GC heap after
{Heap after GC invocations=1 (full 0):
 garbage-first heap   total 96256K, used 9300K [0x0000000080000000, 0x0000000100000000)
  region size 1024K, 3 young (3072K), 3 survivors (3072K)
 Metaspace       used 10243K, capacity 10507K, committed 10624K, reserved 1058816K
  class space    used 1054K, capacity 1141K, committed 1152K, reserved 1048576K
}
Event: 2.234 GC heap before
{Heap before GC invocations=1 (full 0):
 garbage-first heap   total 96256K, used 61524K [0x0000000080000000, 0x0000000100000000)
  region size 1024K, 54 young (55296K), 3 survivors (3072K)
 Metaspace       used 12425K, capacity 12679K, committed 12800K, reserved 1060864K
  class space    used 1339K, capacity 1417K, committed 1536K, reserved 1048576K
}
Event: 2.243 GC heap after
{Heap after GC invocations=2 (full 0):
 garbage-first heap   total 96256K, used 14628K [0x0000000080000000, 0x0000000100000000)
  region size 1024K, 7 young (7168K), 7 survivors (7168K)
 Metaspace       used 12425K, capacity 12679K, committed 12800K, reserved 1060864K
  class space    used 1339K, capacity 1417K, committed 1536K, reserved 1048576K
}
Event: 3.477 GC heap before
{Heap before GC invocations=2 (full 0):
 garbage-first heap   total 96256K, used 46372K [0x0000000080000000, 0x0000000100000000)
  region size 1024K, 38 young (38912K), 7 survivors (7168K)
 Metaspace       used 18916K, capacity 19308K, committed 19328K, reserved 1067008K
  class space    used 2260K, capacity 2418K, committed 2432K, reserved 1048576K
}
Event: 3.484 GC heap after
{Heap after GC invocations=3 (full 0):
 garbage-first heap   total 96256K, used 16702K [0x0000000080000000, 0x0000000100000000)
  region size 1024K, 2 young (2048K), 2 survivors (2048K)
 Metaspace       used 18916K, capacity 19308K, committed 19328K, reserved 1067008K
  class space    used 2260K, capacity 2418K, committed 2432K, reserved 1048576K
}
Event: 3.737 GC heap before
{Heap before GC invocations=3 (full 0):
 garbage-first heap   total 96256K, used 31038K [0x0000000080000000, 0x0000000100000000)
  region size 1024K, 17 young (17408K), 2 survivors (2048K)
 Metaspace       used 20778K, capacity 21205K, committed 21296K, reserved 1069056K
  class space    used 2515K, capacity 2671K, committed 2688K, reserved 1048576K
}
Event: 3.741 GC heap after
{Heap after GC invocations=4 (full 0):
 garbage-first heap   total 96256K, used 17060K [0x0000000080000000, 0x0000000100000000)
  region size 1024K, 3 young (3072K), 3 survivors (3072K)
 Metaspace       used 20778K, capacity 21205K, committed 21296K, reserved 1069056K
  class space    used 2515K, capacity 2671K, committed 2688K, reserved 1048576K
}
Event: 4.273 GC heap before
{Heap before GC invocations=5 (full 0):
 garbage-first heap   total 96256K, used 51876K [0x0000000080000000, 0x0000000100000000)
  region size 1024K, 37 young (37888K), 3 survivors (3072K)
 Metaspace       used 24066K, capacity 24563K, committed 24752K, reserved 1071104K
  class space    used 3044K, capacity 3238K, committed 3328K, reserved 1048576K
}
Event: 4.276 GC heap after
{Heap after GC invocations=6 (full 0):
 garbage-first heap   total 96256K, used 18265K [0x0000000080000000, 0x0000000100000000)
  region size 1024K, 4 young (4096K), 4 survivors (4096K)
 Metaspace       used 24066K, capacity 24563K, committed 24752K, reserved 1071104K
  class space    used 3044K, capacity 3238K, committed 3328K, reserved 1048576K
}
Event: 4.801 GC heap before
{Heap before GC invocations=6 (full 0):
 garbage-first heap   total 96256K, used 56153K [0x0000000080000000, 0x0000000100000000)
  region size 1024K, 41 young (41984K), 4 survivors (4096K)
 Metaspace       used 27707K, capacity 28308K, committed 28464K, reserved 1073152K
  class space    used 3618K, capacity 3873K, committed 3968K, reserved 1048576K
}
Event: 4.806 GC heap after
{Heap after GC invocations=7 (full 0):
 garbage-first heap   total 96256K, used 19593K [0x0000000080000000, 0x0000000100000000)
  region size 1024K, 4 young (4096K), 4 survivors (4096K)
 Metaspace       used 27707K, capacity 28308K, committed 28464K, reserved 1073152K
  class space    used 3618K, capacity 3873K, committed 3968K, reserved 1048576K
}
Event: 5.625 GC heap before
{Heap before GC invocations=7 (full 0):
 garbage-first heap   total 96256K, used 58505K [0x0000000080000000, 0x0000000100000000)
  region size 1024K, 43 young (44032K), 4 survivors (4096K)
 Metaspace       used 35094K, capacity 35833K, committed 35920K, reserved 1081344K
  class space    used 4504K, capacity 4831K, committed 4864K, reserved 1048576K
}
Event: 5.636 GC heap after
{Heap after GC invocations=8 (full 0):
 garbage-first heap   total 96256K, used 22725K [0x0000000080000000, 0x0000000100000000)
  region size 1024K, 6 young (6144K), 6 survivors (6144K)
 Metaspace       used 35094K, capacity 35833K, committed 35920K, reserved 1081344K
  class space    used 4504K, capacity 4831K, committed 4864K, reserved 1048576K
}
Event: 6.151 GC heap before
{Heap before GC invocations=9 (full 0):
 garbage-first heap   total 96256K, used 64709K [0x0000000080000000, 0x0000000100000000)
  region size 1024K, 45 young (46080K), 6 survivors (6144K)
 Metaspace       used 38663K, capacity 39592K, committed 39888K, reserved 1083392K
  class space    used 4865K, capacity 5205K, committed 5248K, reserved 1048576K
}
Event: 6.156 GC heap after
{Heap after GC invocations=10 (full 0):
 garbage-first heap   total 96256K, used 26140K [0x0000000080000000, 0x0000000100000000)
  region size 1024K, 6 young (6144K), 6 survivors (6144K)
 Metaspace       used 38663K, capacity 39592K, committed 39888K, reserved 1083392K
  class space    used 4865K, capacity 5205K, committed 5248K, reserved 1048576K
}
Event: 6.702 GC heap before
{Heap before GC invocations=10 (full 0):
 garbage-first heap   total 96256K, used 66076K [0x0000000080000000, 0x0000000100000000)
  region size 1024K, 45 young (46080K), 6 survivors (6144K)
 Metaspace       used 42661K, capacity 43626K, committed 43728K, reserved 1087488K
  class space    used 5332K, capacity 5687K, committed 5760K, reserved 1048576K
}
Event: 6.707 GC heap after
{Heap after GC invocations=11 (full 0):
 garbage-first heap   total 96256K, used 28208K [0x0000000080000000, 0x0000000100000000)
  region size 1024K, 5 young (5120K), 5 survivors (5120K)
 Metaspace       used 42661K, capacity 43626K, committed 43728K, reserved 1087488K
  class space    used 5332K, capacity 5687K, committed 5760K, reserved 1048576K
}

